#
# There is insufficient memory for the Java Runtime Environment to continue.
# Native memory allocation (mmap) failed to map 185597952 bytes for Failed to commit area from 0x00000000b2c00000 to 0x00000000bdd00000 of length 185597952.
# Possible reasons:
#   The system is out of physical RAM or swap space
#   The process is running with CompressedOops enabled, and the Java Heap may be blocking the growth of the native heap
# Possible solutions:
#   Reduce memory load on the system
#   Increase physical memory or swap space
#   Check if swap backing store is full
#   Decrease Java heap size (-Xmx/-Xms)
#   Decrease number of Java threads
#   Decrease Java thread stack sizes (-Xss)
#   Set larger code cache with -XX:ReservedCodeCacheSize=
#   JVM is running with Unscaled Compressed Oops mode in which the Java heap is
#     placed in the first 4GB address space. The Java Heap base address is the
#     maximum limit for the native heap growth. Please use -XX:HeapBaseMinAddress
#     to set the Java Heap base and to place the Java Heap above 4GB virtual address.
# This output file may be truncated or incomplete.
#
#  Out of Memory Error (src/hotspot/os/windows/os_windows.cpp:3627), pid=17252, tid=9916
#
# JRE version: OpenJDK Runtime Environment (11.0.15) (build 11.0.15+0-b2043.56-8887301)
# Java VM: OpenJDK 64-Bit Server VM (11.0.15+0-b2043.56-8887301, mixed mode, tiered, compressed oops, g1 gc, windows-amd64)
# No core dump will be written. Minidumps are not enabled by default on client versions of Windows
#

---------------  S U M M A R Y ------------

Command Line: --add-opens=java.base/java.util=ALL-UNNAMED --add-opens=java.base/java.lang=ALL-UNNAMED --add-opens=java.base/java.lang.invoke=ALL-UNNAMED --add-opens=java.prefs/java.util.prefs=ALL-UNNAMED -Xmx1536m -Dfile.encoding=windows-1256 -Duser.country=US -Duser.language=en -Duser.variant org.gradle.launcher.daemon.bootstrap.GradleDaemon 5.1.1

Host: Intel(R) Core(TM) i7-6820HQ CPU @ 2.70GHz, 8 cores, 15G,  Windows 10 , 64 bit Build 19041 (10.0.19041.2364)
Time: Fri Feb  3 03:51:52 2023 Arab Standard Time elapsed time: 148.305465 seconds (0d 0h 2m 28s)

---------------  T H R E A D  ---------------

Current thread (0x0000023f9acd8000):  VMThread "VM Thread" [stack: 0x000000612e400000,0x000000612e500000] [id=9916]

Stack: [0x000000612e400000,0x000000612e500000]
[error occurred during error reporting (printing stack bounds), id 0xc0000005, EXCEPTION_ACCESS_VIOLATION (0xc0000005) at pc=0x0000023f84e8112d]

Native frames: (J=compiled Java code, j=interpreted, Vv=VM code, C=native code)
V  [jvm.dll+0x64135a]
V  [jvm.dll+0x7d39f9]
V  [jvm.dll+0x7d51b9]
V  [jvm.dll+0x7d5805]
V  [jvm.dll+0x7d57bb]
V  [jvm.dll+0x640655]
V  [jvm.dll+0x640d68]
C  [ntdll.dll+0xa241f]
C  [ntdll.dll+0x514a4]
C  [ntdll.dll+0xa0f4e]
C  0x0000023f84e8112d

VM_Operation (0x00000061328fe110): G1CollectForAllocation, mode: safepoint, requested by thread 0x0000023fa308f000


---------------  P R O C E S S  ---------------

Threads class SMR info:
_java_thread_list=0x0000023fa4673b10, length=67, elements={
0x0000023fff946800, 0x0000023f9acdb800, 0x0000023f9b50e800, 0x0000023f9b573000,
0x0000023f9b578800, 0x0000023f9b57c000, 0x0000023f9b57f800, 0x0000023f9b5a5800,
0x0000023f9b5cc800, 0x0000023f9b6f8000, 0x0000023f9cc17000, 0x0000023f9cc9e000,
0x0000023f9d0df800, 0x0000023f9c0cd800, 0x0000023f9c0cf800, 0x0000023f9c0cf000,
0x0000023f9e321000, 0x0000023f9e31c800, 0x0000023f9e318000, 0x0000023f9e317000,
0x0000023f9e31d800, 0x0000023f9e31b000, 0x0000023f9e31c000, 0x0000023f9e31e800,
0x0000023f9e318800, 0x0000023f9e31f000, 0x0000023f9e31a800, 0x0000023f9e320000,
0x0000023f9e322800, 0x0000023f9e321800, 0x0000023f9e323000, 0x0000023f9e324000,
0x0000023f9e325000, 0x0000023f9e325800, 0x0000023f9c0d1800, 0x0000023f9c0d0800,
0x0000023f9c0d2000, 0x0000023f9c0d4000, 0x0000023f9f816800, 0x0000023f9f819000,
0x0000023f9f818000, 0x0000023f9f81b800, 0x0000023f9f819800, 0x0000023f9f81a800,
0x0000023f9f81c000, 0x0000023f9f817000, 0x0000023f9f822800, 0x0000023f9f822000,
0x0000023f9f820000, 0x0000023f9f81e800, 0x0000023fa7b43800, 0x0000023fa4cd9000,
0x0000023f9f81d000, 0x0000023f9f823800, 0x0000023f9f81e000, 0x0000023f9f824800,
0x0000023f9f825000, 0x0000023f9f81f800, 0x0000023f9f821000, 0x0000023fa308f000,
0x0000023fa308f800, 0x0000023fa3090800, 0x0000023fa3091800, 0x0000023fa3094000,
0x0000023fa308e000, 0x0000023fa3093000, 0x0000023fa3097000
}

Java Threads: ( => current thread )
  0x0000023fff946800 JavaThread "main" [_thread_blocked, id=14220, stack(0x000000612de00000,0x000000612df00000)]
  0x0000023f9acdb800 JavaThread "Reference Handler" daemon [_thread_blocked, id=16740, stack(0x000000612e500000,0x000000612e600000)]
  0x0000023f9b50e800 JavaThread "Finalizer" daemon [_thread_blocked, id=21052, stack(0x000000612e600000,0x000000612e700000)]
  0x0000023f9b573000 JavaThread "Signal Dispatcher" daemon [_thread_blocked, id=5680, stack(0x000000612e700000,0x000000612e800000)]
  0x0000023f9b578800 JavaThread "Attach Listener" daemon [_thread_blocked, id=19428, stack(0x000000612e800000,0x000000612e900000)]
  0x0000023f9b57c000 JavaThread "Service Thread" daemon [_thread_blocked, id=20196, stack(0x000000612e900000,0x000000612ea00000)]
  0x0000023f9b57f800 JavaThread "C2 CompilerThread0" daemon [_thread_blocked, id=9996, stack(0x000000612ea00000,0x000000612eb00000)]
  0x0000023f9b5a5800 JavaThread "C1 CompilerThread0" daemon [_thread_blocked, id=12648, stack(0x000000612eb00000,0x000000612ec00000)]
  0x0000023f9b5cc800 JavaThread "Sweeper thread" daemon [_thread_blocked, id=19088, stack(0x000000612ec00000,0x000000612ed00000)]
  0x0000023f9b6f8000 JavaThread "Common-Cleaner" daemon [_thread_blocked, id=17152, stack(0x000000612ed00000,0x000000612ee00000)]
  0x0000023f9cc17000 JavaThread "Incoming local TCP Connector on port 14420" [_thread_in_native, id=17020, stack(0x000000612ef00000,0x000000612f000000)]
  0x0000023f9cc9e000 JavaThread "Daemon periodic checks" [_thread_blocked, id=17996, stack(0x000000612f500000,0x000000612f600000)]
  0x0000023f9d0df800 JavaThread "Cache worker for file hash cache (C:\Gradle\gradle-7.6\caches\5.1.1\fileHashes)" [_thread_blocked, id=3532, stack(0x000000612fd00000,0x000000612fe00000)]
  0x0000023f9c0cd800 JavaThread "File lock request listener" [_thread_in_native, id=21120, stack(0x000000612fe00000,0x000000612ff00000)]
  0x0000023f9c0cf800 JavaThread "Cache worker for journal cache (C:\Gradle\gradle-7.6\caches\journal-1)" [_thread_blocked, id=11316, stack(0x000000612ff00000,0x0000006130000000)]
  0x0000023f9c0cf000 JavaThread "Cache worker for execution history cache (C:\Gradle\gradle-7.6\caches\5.1.1\executionHistory)" [_thread_blocked, id=19728, stack(0x0000006130800000,0x0000006130900000)]
  0x0000023f9e321000 JavaThread "Memory manager" [_thread_blocked, id=15552, stack(0x0000006131400000,0x0000006131500000)]
  0x0000023f9e31c800 JavaThread "Daemon Thread 2" [_thread_blocked, id=13108, stack(0x000000612db00000,0x000000612dc00000)]
  0x0000023f9e318000 JavaThread "Handler for socket connection from /127.0.0.1:14420 to /127.0.0.1:14660" [_thread_in_native, id=14976, stack(0x000000612dd00000,0x000000612de00000)]
  0x0000023f9e317000 JavaThread "Cancel handler" [_thread_blocked, id=19308, stack(0x000000612f600000,0x000000612f700000)]
  0x0000023f9e31d800 JavaThread "Daemon worker Thread 2" [_thread_blocked, id=9968, stack(0x000000612f800000,0x000000612f900000)]
  0x0000023f9e31b000 JavaThread "Asynchronous log dispatcher for DefaultDaemonConnection: socket connection from /127.0.0.1:14420 to /127.0.0.1:14660" [_thread_blocked, id=6484, stack(0x000000612f900000,0x000000612fa00000)]
  0x0000023f9e31c000 JavaThread "Stdin handler" [_thread_blocked, id=13608, stack(0x000000612fa00000,0x000000612fb00000)]
  0x0000023f9e31e800 JavaThread "Thread-38" [_thread_blocked, id=13412, stack(0x000000612fb00000,0x000000612fc00000)]
  0x0000023f9e318800 JavaThread "Cache worker for file hash cache (C:\Users\Dell\AndroidStudioProjects\Tic_tac_toe\.gradle\5.1.1\fileHashes)" [_thread_blocked, id=4868, stack(0x000000612fc00000,0x000000612fd00000)]
  0x0000023f9e31f000 JavaThread "Cache worker for cache directory md-supplier (C:\Gradle\gradle-7.6\caches\5.1.1\md-supplier)" [_thread_blocked, id=21396, stack(0x0000006130100000,0x0000006130200000)]
  0x0000023f9e31a800 JavaThread "Cache worker for cache directory md-rule (C:\Gradle\gradle-7.6\caches\5.1.1\md-rule)" [_thread_blocked, id=14288, stack(0x0000006130500000,0x0000006130600000)]
  0x0000023f9e320000 JavaThread "Build operations" [_thread_blocked, id=14728, stack(0x0000006130700000,0x0000006130800000)]
  0x0000023f9e322800 JavaThread "Build operations Thread 2" [_thread_blocked, id=15788, stack(0x0000006130900000,0x0000006130a00000)]
  0x0000023f9e321800 JavaThread "Build operations Thread 3" [_thread_blocked, id=17216, stack(0x0000006130a00000,0x0000006130b00000)]
  0x0000023f9e323000 JavaThread "Build operations Thread 4" [_thread_blocked, id=18252, stack(0x0000006130b00000,0x0000006130c00000)]
  0x0000023f9e324000 JavaThread "Build operations Thread 5" [_thread_blocked, id=16656, stack(0x0000006130c00000,0x0000006130d00000)]
  0x0000023f9e325000 JavaThread "Build operations Thread 6" [_thread_blocked, id=17524, stack(0x0000006130d00000,0x0000006130e00000)]
  0x0000023f9e325800 JavaThread "Build operations Thread 7" [_thread_blocked, id=12516, stack(0x0000006130e00000,0x0000006130f00000)]
  0x0000023f9c0d1800 JavaThread "Build operations Thread 8" [_thread_blocked, id=16672, stack(0x0000006130f00000,0x0000006131000000)]
  0x0000023f9c0d0800 JavaThread "pool-3-thread-1" [_thread_blocked, id=19264, stack(0x0000006131000000,0x0000006131100000)]
  0x0000023f9c0d2000 JavaThread "Cache worker for Build Output Cleanup Cache (C:\Users\Dell\AndroidStudioProjects\Tic_tac_toe\.gradle\buildOutputCleanup)" [_thread_blocked, id=18340, stack(0x0000006131100000,0x0000006131200000)]
  0x0000023f9c0d4000 JavaThread "Cache worker for file content cache (C:\Gradle\gradle-7.6\caches\5.1.1\fileContent)" [_thread_blocked, id=7324, stack(0x0000006131200000,0x0000006131300000)]
  0x0000023f9f816800 JavaThread "Cache worker for file content cache (C:\Users\Dell\AndroidStudioProjects\Tic_tac_toe\.gradle\5.1.1\fileContent)" [_thread_blocked, id=12328, stack(0x0000006131300000,0x0000006131400000)]
  0x0000023f9f819000 JavaThread "Execution worker for ':'" [_thread_blocked, id=10872, stack(0x0000006131500000,0x0000006131600000)]
  0x0000023f9f818000 JavaThread "Execution worker for ':' Thread 2" [_thread_blocked, id=1372, stack(0x0000006131600000,0x0000006131700000)]
  0x0000023f9f81b800 JavaThread "Execution worker for ':' Thread 3" [_thread_blocked, id=19472, stack(0x0000006131700000,0x0000006131800000)]
  0x0000023f9f819800 JavaThread "Execution worker for ':' Thread 4" [_thread_blocked, id=12348, stack(0x0000006131800000,0x0000006131900000)]
  0x0000023f9f81a800 JavaThread "Execution worker for ':' Thread 5" [_thread_blocked, id=7068, stack(0x0000006131900000,0x0000006131a00000)]
  0x0000023f9f81c000 JavaThread "Execution worker for ':' Thread 6" [_thread_blocked, id=11728, stack(0x0000006131a00000,0x0000006131b00000)]
  0x0000023f9f817000 JavaThread "Execution worker for ':' Thread 7" [_thread_blocked, id=13444, stack(0x0000006131b00000,0x0000006131c00000)]
  0x0000023f9f822800 JavaThread "Cache worker for execution history cache (C:\Users\Dell\AndroidStudioProjects\Tic_tac_toe\.gradle\5.1.1\executionHistory)" [_thread_blocked, id=13420, stack(0x0000006131c00000,0x0000006131d00000)]
  0x0000023f9f822000 JavaThread "pool-4-thread-1" [_thread_blocked, id=18228, stack(0x0000006131d00000,0x0000006131e00000)]
  0x0000023f9f820000 JavaThread "stderr" [_thread_in_native, id=4356, stack(0x0000006131e00000,0x0000006131f00000)]
  0x0000023f9f81e800 JavaThread "stdout" [_thread_in_native, id=5420, stack(0x0000006131f00000,0x0000006132000000)]
  0x0000023fa7b43800 JavaThread "C2 CompilerThread1" daemon [_thread_in_native, id=19496, stack(0x0000006130000000,0x0000006130100000)]
  0x0000023fa4cd9000 JavaThread "C2 CompilerThread2" daemon [_thread_blocked, id=14152, stack(0x0000006130600000,0x0000006130700000)]
  0x0000023f9f81d000 JavaThread "ForkJoinPool.commonPool-worker-3" daemon [_thread_blocked, id=17748, stack(0x0000006132000000,0x0000006132100000)]
  0x0000023f9f823800 JavaThread "ForkJoinPool.commonPool-worker-5" daemon [_thread_blocked, id=13568, stack(0x0000006132100000,0x0000006132200000)]
  0x0000023f9f81e000 JavaThread "ForkJoinPool.commonPool-worker-7" daemon [_thread_blocked, id=5376, stack(0x0000006132200000,0x0000006132300000)]
  0x0000023f9f824800 JavaThread "ForkJoinPool.commonPool-worker-9" daemon [_thread_blocked, id=4120, stack(0x0000006132300000,0x0000006132400000)]
  0x0000023f9f825000 JavaThread "ForkJoinPool.commonPool-worker-11" daemon [_thread_blocked, id=20892, stack(0x0000006132400000,0x0000006132500000)]
  0x0000023f9f81f800 JavaThread "ForkJoinPool.commonPool-worker-13" daemon [_thread_blocked, id=10168, stack(0x0000006132500000,0x0000006132600000)]
  0x0000023f9f821000 JavaThread "ForkJoinPool.commonPool-worker-15" daemon [_thread_blocked, id=20324, stack(0x0000006132600000,0x0000006132700000)]
  0x0000023fa308f000 JavaThread "ForkJoinPool-8-worker-3" daemon [_thread_blocked, id=14872, stack(0x0000006132800000,0x0000006132900000)]
  0x0000023fa308f800 JavaThread "ForkJoinPool-8-worker-5" daemon [_thread_blocked, id=8328, stack(0x0000006132900000,0x0000006132a00000)]
  0x0000023fa3090800 JavaThread "ForkJoinPool-8-worker-7" daemon [_thread_blocked, id=18256, stack(0x0000006132a00000,0x0000006132b00000)]
  0x0000023fa3091800 JavaThread "ForkJoinPool-8-worker-9" daemon [_thread_blocked, id=17884, stack(0x0000006132b00000,0x0000006132c00000)]
  0x0000023fa3094000 JavaThread "ForkJoinPool-8-worker-11" daemon [_thread_blocked, id=5172, stack(0x0000006132c00000,0x0000006132d00000)]
  0x0000023fa308e000 JavaThread "ForkJoinPool-8-worker-13" daemon [_thread_blocked, id=13548, stack(0x0000006132d00000,0x0000006132e00000)]
  0x0000023fa3093000 JavaThread "ForkJoinPool-8-worker-15" daemon [_thread_blocked, id=12804, stack(0x0000006132e00000,0x0000006132f00000)]
  0x0000023fa3097000 JavaThread "ForkJoinPool-8-worker-1" daemon [_thread_blocked, id=15116, stack(0x0000006132f00000,0x0000006133000000)]

Other Threads:
=>0x0000023f9acd8000 VMThread "VM Thread" [stack: 0x000000612e400000,0x000000612e500000] [id=9916]
  0x0000023f9b70d800 WatcherThread [stack: 0x000000612ee00000,0x000000612ef00000] [id=14428]
  0x0000023fff960000 GCTaskThread "GC Thread#0" [stack: 0x000000612df00000,0x000000612e000000] [id=10732]
  0x0000023f9c285800 GCTaskThread "GC Thread#1" [stack: 0x000000612f000000,0x000000612f100000] [id=9320]
  0x0000023f9c281800 GCTaskThread "GC Thread#2" [stack: 0x000000612f100000,0x000000612f200000] [id=14484]
  0x0000023f9c282800 GCTaskThread "GC Thread#3" [stack: 0x000000612f200000,0x000000612f300000] [id=11012]
  0x0000023f9c036800 GCTaskThread "GC Thread#4" [stack: 0x000000612f300000,0x000000612f400000] [id=12148]
  0x0000023f9c037000 GCTaskThread "GC Thread#5" [stack: 0x000000612f400000,0x000000612f500000] [id=9896]
  0x0000023f9e6e8800 GCTaskThread "GC Thread#6" [stack: 0x0000006130200000,0x0000006130300000] [id=11180]
  0x0000023f9cb92000 GCTaskThread "GC Thread#7" [stack: 0x0000006130300000,0x0000006130400000] [id=12596]
  0x0000023fff986800 ConcurrentGCThread "G1 Main Marker" [stack: 0x000000612e000000,0x000000612e100000] [id=9804]
  0x0000023fff987800 ConcurrentGCThread "G1 Conc#0" [stack: 0x000000612e100000,0x000000612e200000] [id=20004]
  0x0000023f9cf18800 ConcurrentGCThread "G1 Conc#1" [stack: 0x0000006130400000,0x0000006130500000] [id=15696]
  0x0000023f9ab50800 ConcurrentGCThread "G1 Refine#0" [stack: 0x000000612e200000,0x000000612e300000] [id=17944]
  0x0000023fa344d000 ConcurrentGCThread "G1 Refine#1" [stack: 0x0000006133000000,0x0000006133100000] [id=4668]
  0x0000023fa8bc1000 ConcurrentGCThread "G1 Refine#2" [stack: 0x0000006133100000,0x0000006133200000] [id=20668]
  0x0000023fa49e7800 ConcurrentGCThread "G1 Refine#3" [stack: 0x0000006133200000,0x0000006133300000] [id=10644]
  0x0000023f9ed48800 ConcurrentGCThread "G1 Refine#4" [stack: 0x0000006133300000,0x0000006133400000] [id=18272]
  0x0000023f9ab51000 ConcurrentGCThread "G1 Young RemSet Sampling" [stack: 0x000000612e300000,0x000000612e400000] [id=11520]

Threads with active compile tasks:
C2 CompilerThread0   148335 15031       4       java.lang.String::join (59 bytes)
C2 CompilerThread1   148335 14982       4       com.android.tools.r8.graph.DexType::collectIndexedItems (24 bytes)
C2 CompilerThread2   148335 15028       4       com.android.tools.r8.graph.DexAnnotationDirectory::<init> (281 bytes)

VM state:at safepoint (normal execution)

VM Mutex/Monitor currently owned by a thread:  ([mutex/lock_event])
[0x0000023fff942630] Threads_lock - owner thread: 0x0000023f9acd8000
[0x0000023fff942fc0] Heap_lock - owner thread: 0x0000023fa308f000

Heap address: 0x00000000a0000000, size: 1536 MB, Compressed Oops mode: 32-bit
Narrow klass base: 0x0000000000000000, Narrow klass shift: 3
Compressed class space size: 1073741824 Address: 0x0000000100000000

Heap:
 garbage-first heap   total 488448K, used 215269K [0x00000000a0000000, 0x0000000100000000)
  region size 1024K, 4 young (4096K), 4 survivors (4096K)
 Metaspace       used 102590K, capacity 105193K, committed 106112K, reserved 1142784K
  class space    used 12441K, capacity 13253K, committed 13568K, reserved 1048576K
Heap Regions: E=young(eden), S=young(survivor), O=old, HS=humongous(starts), HC=humongous(continues), CS=collection set, F=free, A=archive, TAMS=top-at-mark-start (previous, next)
|   0|0x00000000a0000000, 0x00000000a0100000, 0x00000000a0100000|100%|HS|  |TAMS 0x00000000a0100000, 0x00000000a0000000| Complete 
|   1|0x00000000a0100000, 0x00000000a0200000, 0x00000000a0200000|100%|HS|  |TAMS 0x00000000a0200000, 0x00000000a0100000| Complete 
|   2|0x00000000a0200000, 0x00000000a0300000, 0x00000000a0300000|100%|HC|  |TAMS 0x00000000a0300000, 0x00000000a0200000| Complete 
|   3|0x00000000a0300000, 0x00000000a0400000, 0x00000000a0400000|100%| O|  |TAMS 0x00000000a0400000, 0x00000000a0300000| Untracked 
|   4|0x00000000a0400000, 0x00000000a0500000, 0x00000000a0500000|100%| O|  |TAMS 0x00000000a0500000, 0x00000000a0400000| Untracked 
|   5|0x00000000a0500000, 0x00000000a0600000, 0x00000000a0600000|100%|HS|  |TAMS 0x00000000a0600000, 0x00000000a0500000| Complete 
|   6|0x00000000a0600000, 0x00000000a0700000, 0x00000000a0700000|100%|HC|  |TAMS 0x00000000a0700000, 0x00000000a0600000| Complete 
|   7|0x00000000a0700000, 0x00000000a0800000, 0x00000000a0800000|100%|HS|  |TAMS 0x00000000a0800000, 0x00000000a0700000| Complete 
|   8|0x00000000a0800000, 0x00000000a0900000, 0x00000000a0900000|100%|HC|  |TAMS 0x00000000a0900000, 0x00000000a0800000| Complete 
|   9|0x00000000a0900000, 0x00000000a0a00000, 0x00000000a0a00000|100%|HC|  |TAMS 0x00000000a0a00000, 0x00000000a0900000| Complete 
|  10|0x00000000a0a00000, 0x00000000a0b00000, 0x00000000a0b00000|100%|HS|  |TAMS 0x00000000a0b00000, 0x00000000a0a00000| Complete 
|  11|0x00000000a0b00000, 0x00000000a0c00000, 0x00000000a0c00000|100%|HC|  |TAMS 0x00000000a0c00000, 0x00000000a0b00000| Complete 
|  12|0x00000000a0c00000, 0x00000000a0d00000, 0x00000000a0d00000|100%|HC|  |TAMS 0x00000000a0d00000, 0x00000000a0c00000| Complete 
|  13|0x00000000a0d00000, 0x00000000a0e00000, 0x00000000a0e00000|100%|HS|  |TAMS 0x00000000a0e00000, 0x00000000a0d00000| Complete 
|  14|0x00000000a0e00000, 0x00000000a0f00000, 0x00000000a0f00000|100%|HC|  |TAMS 0x00000000a0f00000, 0x00000000a0e00000| Complete 
|  15|0x00000000a0f00000, 0x00000000a1000000, 0x00000000a1000000|100%|HS|  |TAMS 0x00000000a1000000, 0x00000000a0f00000| Complete 
|  16|0x00000000a1000000, 0x00000000a1100000, 0x00000000a1100000|100%|HC|  |TAMS 0x00000000a1100000, 0x00000000a1000000| Complete 
|  17|0x00000000a1100000, 0x00000000a1200000, 0x00000000a1200000|100%|HC|  |TAMS 0x00000000a1200000, 0x00000000a1100000| Complete 
|  18|0x00000000a1200000, 0x00000000a1300000, 0x00000000a1300000|100%|HC|  |TAMS 0x00000000a1300000, 0x00000000a1200000| Complete 
|  19|0x00000000a1300000, 0x00000000a1400000, 0x00000000a1400000|100%|HC|  |TAMS 0x00000000a1400000, 0x00000000a1300000| Complete 
|  20|0x00000000a1400000, 0x00000000a1500000, 0x00000000a1500000|100%|HC|  |TAMS 0x00000000a1500000, 0x00000000a1400000| Complete 
|  21|0x00000000a1500000, 0x00000000a1600000, 0x00000000a1600000|100%|HC|  |TAMS 0x00000000a1600000, 0x00000000a1500000| Complete 
|  22|0x00000000a1600000, 0x00000000a1700000, 0x00000000a1700000|100%|HC|  |TAMS 0x00000000a1700000, 0x00000000a1600000| Complete 
|  23|0x00000000a1700000, 0x00000000a1800000, 0x00000000a1800000|100%|HC|  |TAMS 0x00000000a1800000, 0x00000000a1700000| Complete 
|  24|0x00000000a1800000, 0x00000000a1900000, 0x00000000a1900000|100%|HC|  |TAMS 0x00000000a1900000, 0x00000000a1800000| Complete 
|  25|0x00000000a1900000, 0x00000000a1a00000, 0x00000000a1a00000|100%|HS|  |TAMS 0x00000000a1a00000, 0x00000000a1900000| Complete 
|  26|0x00000000a1a00000, 0x00000000a1b00000, 0x00000000a1b00000|100%|HC|  |TAMS 0x00000000a1b00000, 0x00000000a1a00000| Complete 
|  27|0x00000000a1b00000, 0x00000000a1c00000, 0x00000000a1c00000|100%|HS|  |TAMS 0x00000000a1c00000, 0x00000000a1b00000| Complete 
|  28|0x00000000a1c00000, 0x00000000a1d00000, 0x00000000a1d00000|100%|HC|  |TAMS 0x00000000a1d00000, 0x00000000a1c00000| Complete 
|  29|0x00000000a1d00000, 0x00000000a1e00000, 0x00000000a1e00000|100%|HC|  |TAMS 0x00000000a1e00000, 0x00000000a1d00000| Complete 
|  30|0x00000000a1e00000, 0x00000000a1f00000, 0x00000000a1f00000|100%|HC|  |TAMS 0x00000000a1f00000, 0x00000000a1e00000| Complete 
|  31|0x00000000a1f00000, 0x00000000a2000000, 0x00000000a2000000|100%|HC|  |TAMS 0x00000000a2000000, 0x00000000a1f00000| Complete 
|  32|0x00000000a2000000, 0x00000000a2100000, 0x00000000a2100000|100%| O|  |TAMS 0x00000000a2100000, 0x00000000a2000000| Untracked 
|  33|0x00000000a2100000, 0x00000000a2200000, 0x00000000a2200000|100%| O|  |TAMS 0x00000000a2200000, 0x00000000a2100000| Untracked 
|  34|0x00000000a2200000, 0x00000000a2300000, 0x00000000a2300000|100%| O|  |TAMS 0x00000000a2300000, 0x00000000a2200000| Untracked 
|  35|0x00000000a2300000, 0x00000000a2400000, 0x00000000a2400000|100%| O|  |TAMS 0x00000000a2400000, 0x00000000a2300000| Untracked 
|  36|0x00000000a2400000, 0x00000000a2500000, 0x00000000a2500000|100%| O|  |TAMS 0x00000000a2500000, 0x00000000a2400000| Untracked 
|  37|0x00000000a2500000, 0x00000000a2600000, 0x00000000a2600000|100%| O|  |TAMS 0x00000000a2600000, 0x00000000a2500000| Untracked 
|  38|0x00000000a2600000, 0x00000000a2700000, 0x00000000a2700000|100%| O|  |TAMS 0x00000000a2700000, 0x00000000a2600000| Untracked 
|  39|0x00000000a2700000, 0x00000000a2800000, 0x00000000a2800000|100%| O|  |TAMS 0x00000000a2800000, 0x00000000a2700000| Untracked 
|  40|0x00000000a2800000, 0x00000000a2900000, 0x00000000a2900000|100%| O|  |TAMS 0x00000000a2900000, 0x00000000a2800000| Untracked 
|  41|0x00000000a2900000, 0x00000000a2a00000, 0x00000000a2a00000|100%| O|  |TAMS 0x00000000a2a00000, 0x00000000a2900000| Untracked 
|  42|0x00000000a2a00000, 0x00000000a2b00000, 0x00000000a2b00000|100%|HS|  |TAMS 0x00000000a2b00000, 0x00000000a2a00000| Complete 
|  43|0x00000000a2b00000, 0x00000000a2c00000, 0x00000000a2c00000|100%|HC|  |TAMS 0x00000000a2c00000, 0x00000000a2b00000| Complete 
|  44|0x00000000a2c00000, 0x00000000a2d00000, 0x00000000a2d00000|100%|HC|  |TAMS 0x00000000a2d00000, 0x00000000a2c00000| Complete 
|  45|0x00000000a2d00000, 0x00000000a2e00000, 0x00000000a2e00000|100%| O|  |TAMS 0x00000000a2e00000, 0x00000000a2d00000| Untracked 
|  46|0x00000000a2e00000, 0x00000000a2f00000, 0x00000000a2f00000|100%| O|  |TAMS 0x00000000a2f00000, 0x00000000a2e00000| Untracked 
|  47|0x00000000a2f00000, 0x00000000a3000000, 0x00000000a3000000|100%| O|  |TAMS 0x00000000a3000000, 0x00000000a2f00000| Untracked 
|  48|0x00000000a3000000, 0x00000000a3100000, 0x00000000a3100000|100%| O|  |TAMS 0x00000000a3100000, 0x00000000a3000000| Untracked 
|  49|0x00000000a3100000, 0x00000000a3200000, 0x00000000a3200000|100%| O|  |TAMS 0x00000000a3200000, 0x00000000a3100000| Untracked 
|  50|0x00000000a3200000, 0x00000000a3300000, 0x00000000a3300000|100%| O|  |TAMS 0x00000000a3300000, 0x00000000a3200000| Untracked 
|  51|0x00000000a3300000, 0x00000000a3400000, 0x00000000a3400000|100%| O|  |TAMS 0x00000000a3400000, 0x00000000a3300000| Untracked 
|  52|0x00000000a3400000, 0x00000000a3500000, 0x00000000a3500000|100%|HS|  |TAMS 0x00000000a3500000, 0x00000000a3400000| Complete 
|  53|0x00000000a3500000, 0x00000000a3600000, 0x00000000a3600000|100%|HC|  |TAMS 0x00000000a3600000, 0x00000000a3500000| Complete 
|  54|0x00000000a3600000, 0x00000000a3700000, 0x00000000a3700000|100%| O|  |TAMS 0x00000000a3700000, 0x00000000a3600000| Untracked 
|  55|0x00000000a3700000, 0x00000000a3800000, 0x00000000a3800000|100%| O|  |TAMS 0x00000000a3800000, 0x00000000a3700000| Untracked 
|  56|0x00000000a3800000, 0x00000000a3900000, 0x00000000a3900000|100%| O|  |TAMS 0x00000000a3900000, 0x00000000a3800000| Untracked 
|  57|0x00000000a3900000, 0x00000000a3a00000, 0x00000000a3a00000|100%| O|  |TAMS 0x00000000a3a00000, 0x00000000a3900000| Untracked 
|  58|0x00000000a3a00000, 0x00000000a3b00000, 0x00000000a3b00000|100%| O|  |TAMS 0x00000000a3b00000, 0x00000000a3a00000| Untracked 
|  59|0x00000000a3b00000, 0x00000000a3c00000, 0x00000000a3c00000|100%| O|  |TAMS 0x00000000a3c00000, 0x00000000a3b00000| Untracked 
|  60|0x00000000a3c00000, 0x00000000a3d00000, 0x00000000a3d00000|100%| O|  |TAMS 0x00000000a3d00000, 0x00000000a3c00000| Untracked 
|  61|0x00000000a3d00000, 0x00000000a3e00000, 0x00000000a3e00000|100%| O|  |TAMS 0x00000000a3e00000, 0x00000000a3d00000| Untracked 
|  62|0x00000000a3e00000, 0x00000000a3f00000, 0x00000000a3f00000|100%| O|  |TAMS 0x00000000a3f00000, 0x00000000a3e00000| Untracked 
|  63|0x00000000a3f00000, 0x00000000a4000000, 0x00000000a4000000|100%| O|  |TAMS 0x00000000a4000000, 0x00000000a3f00000| Untracked 
|  64|0x00000000a4000000, 0x00000000a4100000, 0x00000000a4100000|100%| O|  |TAMS 0x00000000a4100000, 0x00000000a4000000| Untracked 
|  65|0x00000000a4100000, 0x00000000a4200000, 0x00000000a4200000|100%| O|  |TAMS 0x00000000a4200000, 0x00000000a4100000| Untracked 
|  66|0x00000000a4200000, 0x00000000a4300000, 0x00000000a4300000|100%| O|  |TAMS 0x00000000a4300000, 0x00000000a4200000| Untracked 
|  67|0x00000000a4300000, 0x00000000a4400000, 0x00000000a4400000|100%|HS|  |TAMS 0x00000000a4400000, 0x00000000a4300000| Complete 
|  68|0x00000000a4400000, 0x00000000a4500000, 0x00000000a4500000|100%|HC|  |TAMS 0x00000000a4500000, 0x00000000a4400000| Complete 
|  69|0x00000000a4500000, 0x00000000a4600000, 0x00000000a4600000|100%|HS|  |TAMS 0x00000000a4600000, 0x00000000a4500000| Complete 
|  70|0x00000000a4600000, 0x00000000a4700000, 0x00000000a4700000|100%|HC|  |TAMS 0x00000000a4700000, 0x00000000a4600000| Complete 
|  71|0x00000000a4700000, 0x00000000a4800000, 0x00000000a4800000|100%|HC|  |TAMS 0x00000000a4800000, 0x00000000a4700000| Complete 
|  72|0x00000000a4800000, 0x00000000a4900000, 0x00000000a4900000|100%|HS|  |TAMS 0x00000000a4900000, 0x00000000a4800000| Complete 
|  73|0x00000000a4900000, 0x00000000a4a00000, 0x00000000a4a00000|100%|HC|  |TAMS 0x00000000a4a00000, 0x00000000a4900000| Complete 
|  74|0x00000000a4a00000, 0x00000000a4b00000, 0x00000000a4b00000|100%|HC|  |TAMS 0x00000000a4b00000, 0x00000000a4a00000| Complete 
|  75|0x00000000a4b00000, 0x00000000a4c00000, 0x00000000a4c00000|100%|HS|  |TAMS 0x00000000a4c00000, 0x00000000a4b00000| Complete 
|  76|0x00000000a4c00000, 0x00000000a4d00000, 0x00000000a4d00000|100%|HC|  |TAMS 0x00000000a4d00000, 0x00000000a4c00000| Complete 
|  77|0x00000000a4d00000, 0x00000000a4e00000, 0x00000000a4e00000|100%|HS|  |TAMS 0x00000000a4e00000, 0x00000000a4d00000| Complete 
|  78|0x00000000a4e00000, 0x00000000a4f00000, 0x00000000a4f00000|100%|HC|  |TAMS 0x00000000a4f00000, 0x00000000a4e00000| Complete 
|  79|0x00000000a4f00000, 0x00000000a5000000, 0x00000000a5000000|100%|HC|  |TAMS 0x00000000a5000000, 0x00000000a4f00000| Complete 
|  80|0x00000000a5000000, 0x00000000a5100000, 0x00000000a5100000|100%|HC|  |TAMS 0x00000000a5100000, 0x00000000a5000000| Complete 
|  81|0x00000000a5100000, 0x00000000a5200000, 0x00000000a5200000|100%|HC|  |TAMS 0x00000000a5200000, 0x00000000a5100000| Complete 
|  82|0x00000000a5200000, 0x00000000a5300000, 0x00000000a5300000|100%|HC|  |TAMS 0x00000000a5300000, 0x00000000a5200000| Complete 
|  83|0x00000000a5300000, 0x00000000a5400000, 0x00000000a5400000|100%|HC|  |TAMS 0x00000000a5400000, 0x00000000a5300000| Complete 
|  84|0x00000000a5400000, 0x00000000a5500000, 0x00000000a5500000|100%|HC|  |TAMS 0x00000000a5500000, 0x00000000a5400000| Complete 
|  85|0x00000000a5500000, 0x00000000a5600000, 0x00000000a5600000|100%|HC|  |TAMS 0x00000000a5600000, 0x00000000a5500000| Complete 
|  86|0x00000000a5600000, 0x00000000a5700000, 0x00000000a5700000|100%|HC|  |TAMS 0x00000000a5700000, 0x00000000a5600000| Complete 
|  87|0x00000000a5700000, 0x00000000a5800000, 0x00000000a5800000|100%|HS|  |TAMS 0x00000000a5800000, 0x00000000a5700000| Complete 
|  88|0x00000000a5800000, 0x00000000a5900000, 0x00000000a5900000|100%|HC|  |TAMS 0x00000000a5900000, 0x00000000a5800000| Complete 
|  89|0x00000000a5900000, 0x00000000a5a00000, 0x00000000a5a00000|100%|HS|  |TAMS 0x00000000a5a00000, 0x00000000a5900000| Complete 
|  90|0x00000000a5a00000, 0x00000000a5b00000, 0x00000000a5b00000|100%|HC|  |TAMS 0x00000000a5b00000, 0x00000000a5a00000| Complete 
|  91|0x00000000a5b00000, 0x00000000a5c00000, 0x00000000a5c00000|100%|HC|  |TAMS 0x00000000a5c00000, 0x00000000a5b00000| Complete 
|  92|0x00000000a5c00000, 0x00000000a5d00000, 0x00000000a5d00000|100%|HC|  |TAMS 0x00000000a5d00000, 0x00000000a5c00000| Complete 
|  93|0x00000000a5d00000, 0x00000000a5e00000, 0x00000000a5e00000|100%|HC|  |TAMS 0x00000000a5e00000, 0x00000000a5d00000| Complete 
|  94|0x00000000a5e00000, 0x00000000a5f00000, 0x00000000a5f00000|100%| O|  |TAMS 0x00000000a5f00000, 0x00000000a5e00000| Untracked 
|  95|0x00000000a5f00000, 0x00000000a6000000, 0x00000000a6000000|100%| O|  |TAMS 0x00000000a6000000, 0x00000000a5f00000| Untracked 
|  96|0x00000000a6000000, 0x00000000a6100000, 0x00000000a6100000|100%| O|  |TAMS 0x00000000a6100000, 0x00000000a6000000| Untracked 
|  97|0x00000000a6100000, 0x00000000a6200000, 0x00000000a6200000|100%| O|  |TAMS 0x00000000a6200000, 0x00000000a6100000| Untracked 
|  98|0x00000000a6200000, 0x00000000a6300000, 0x00000000a6300000|100%| O|  |TAMS 0x00000000a6300000, 0x00000000a6200000| Untracked 
|  99|0x00000000a6300000, 0x00000000a6400000, 0x00000000a6400000|100%| O|  |TAMS 0x00000000a6400000, 0x00000000a6300000| Untracked 
| 100|0x00000000a6400000, 0x00000000a6500000, 0x00000000a6500000|100%| O|  |TAMS 0x00000000a6500000, 0x00000000a6400000| Untracked 
| 101|0x00000000a6500000, 0x00000000a6600000, 0x00000000a6600000|100%| O|  |TAMS 0x00000000a6600000, 0x00000000a6500000| Untracked 
| 102|0x00000000a6600000, 0x00000000a6700000, 0x00000000a6700000|100%| O|  |TAMS 0x00000000a6700000, 0x00000000a6600000| Untracked 
| 103|0x00000000a6700000, 0x00000000a6800000, 0x00000000a6800000|100%| O|  |TAMS 0x00000000a6800000, 0x00000000a6700000| Untracked 
| 104|0x00000000a6800000, 0x00000000a6900000, 0x00000000a6900000|100%| O|  |TAMS 0x00000000a6900000, 0x00000000a6800000| Untracked 
| 105|0x00000000a6900000, 0x00000000a6a00000, 0x00000000a6a00000|100%| O|  |TAMS 0x00000000a6a00000, 0x00000000a6900000| Untracked 
| 106|0x00000000a6a00000, 0x00000000a6b00000, 0x00000000a6b00000|100%| O|  |TAMS 0x00000000a6b00000, 0x00000000a6a00000| Untracked 
| 107|0x00000000a6b00000, 0x00000000a6c00000, 0x00000000a6c00000|100%| O|  |TAMS 0x00000000a6b00000, 0x00000000a6b00000| Untracked 
| 108|0x00000000a6c00000, 0x00000000a6d00000, 0x00000000a6d00000|100%| O|  |TAMS 0x00000000a6d00000, 0x00000000a6c00000| Untracked 
| 109|0x00000000a6d00000, 0x00000000a6e00000, 0x00000000a6e00000|100%| O|  |TAMS 0x00000000a6e00000, 0x00000000a6d00000| Untracked 
| 110|0x00000000a6e00000, 0x00000000a6f00000, 0x00000000a6f00000|100%| O|  |TAMS 0x00000000a6f00000, 0x00000000a6e00000| Untracked 
| 111|0x00000000a6f00000, 0x00000000a7000000, 0x00000000a7000000|100%| O|  |TAMS 0x00000000a6f00000, 0x00000000a6f00000| Untracked 
| 112|0x00000000a7000000, 0x00000000a7100000, 0x00000000a7100000|100%| O|  |TAMS 0x00000000a7000000, 0x00000000a7000000| Untracked 
| 113|0x00000000a7100000, 0x00000000a7200000, 0x00000000a7200000|100%| O|  |TAMS 0x00000000a7200000, 0x00000000a7100000| Untracked 
| 114|0x00000000a7200000, 0x00000000a7300000, 0x00000000a7300000|100%| O|  |TAMS 0x00000000a7300000, 0x00000000a7200000| Untracked 
| 115|0x00000000a7300000, 0x00000000a7400000, 0x00000000a7400000|100%| O|  |TAMS 0x00000000a7400000, 0x00000000a7300000| Untracked 
| 116|0x00000000a7400000, 0x00000000a7500000, 0x00000000a7500000|100%| O|  |TAMS 0x00000000a7500000, 0x00000000a7400000| Untracked 
| 117|0x00000000a7500000, 0x00000000a7600000, 0x00000000a7600000|100%| O|  |TAMS 0x00000000a7600000, 0x00000000a7500000| Untracked 
| 118|0x00000000a7600000, 0x00000000a7700000, 0x00000000a7700000|100%| O|  |TAMS 0x00000000a7700000, 0x00000000a7600000| Untracked 
| 119|0x00000000a7700000, 0x00000000a7800000, 0x00000000a7800000|100%| O|  |TAMS 0x00000000a7800000, 0x00000000a7700000| Untracked 
| 120|0x00000000a7800000, 0x00000000a7900000, 0x00000000a7900000|100%| O|  |TAMS 0x00000000a7900000, 0x00000000a7800000| Untracked 
| 121|0x00000000a7900000, 0x00000000a7a00000, 0x00000000a7a00000|100%|HS|  |TAMS 0x00000000a7900000, 0x00000000a7900000| Complete 
| 122|0x00000000a7a00000, 0x00000000a7b00000, 0x00000000a7b00000|100%| O|  |TAMS 0x00000000a7b00000, 0x00000000a7a00000| Untracked 
| 123|0x00000000a7b00000, 0x00000000a7c00000, 0x00000000a7c00000|100%| O|  |TAMS 0x00000000a7c00000, 0x00000000a7b00000| Untracked 
| 124|0x00000000a7c00000, 0x00000000a7d00000, 0x00000000a7d00000|100%| O|  |TAMS 0x00000000a7d00000, 0x00000000a7c00000| Untracked 
| 125|0x00000000a7d00000, 0x00000000a7e00000, 0x00000000a7e00000|100%| O|  |TAMS 0x00000000a7e00000, 0x00000000a7d00000| Untracked 
| 126|0x00000000a7e00000, 0x00000000a7f00000, 0x00000000a7f00000|100%| O|  |TAMS 0x00000000a7f00000, 0x00000000a7e00000| Untracked 
| 127|0x00000000a7f00000, 0x00000000a8000000, 0x00000000a8000000|100%| O|  |TAMS 0x00000000a8000000, 0x00000000a7f00000| Untracked 
| 128|0x00000000a8000000, 0x00000000a8100000, 0x00000000a8100000|100%| O|  |TAMS 0x00000000a8100000, 0x00000000a8000000| Untracked 
| 129|0x00000000a8100000, 0x00000000a8200000, 0x00000000a8200000|100%| O|  |TAMS 0x00000000a8200000, 0x00000000a8100000| Untracked 
| 130|0x00000000a8200000, 0x00000000a8300000, 0x00000000a8300000|100%| O|  |TAMS 0x00000000a8300000, 0x00000000a8200000| Untracked 
| 131|0x00000000a8300000, 0x00000000a8400000, 0x00000000a8400000|100%| O|  |TAMS 0x00000000a8400000, 0x00000000a8300000| Untracked 
| 132|0x00000000a8400000, 0x00000000a8500000, 0x00000000a8500000|100%| O|  |TAMS 0x00000000a8500000, 0x00000000a8400000| Untracked 
| 133|0x00000000a8500000, 0x00000000a8600000, 0x00000000a8600000|100%| O|  |TAMS 0x00000000a8600000, 0x00000000a8500000| Untracked 
| 134|0x00000000a8600000, 0x00000000a8700000, 0x00000000a8700000|100%| O|  |TAMS 0x00000000a8700000, 0x00000000a8600000| Untracked 
| 135|0x00000000a8700000, 0x00000000a8800000, 0x00000000a8800000|100%| O|  |TAMS 0x00000000a8800000, 0x00000000a8700000| Untracked 
| 136|0x00000000a8800000, 0x00000000a8900000, 0x00000000a8900000|100%|HS|  |TAMS 0x00000000a8800000, 0x00000000a8800000| Complete 
| 137|0x00000000a8900000, 0x00000000a8a00000, 0x00000000a8a00000|100%|HS|  |TAMS 0x00000000a8900000, 0x00000000a8900000| Complete 
| 138|0x00000000a8a00000, 0x00000000a8b00000, 0x00000000a8b00000|100%| O|  |TAMS 0x00000000a8b00000, 0x00000000a8a00000| Untracked 
| 139|0x00000000a8b00000, 0x00000000a8c00000, 0x00000000a8c00000|100%| O|  |TAMS 0x00000000a8b00000, 0x00000000a8b00000| Untracked 
| 140|0x00000000a8c00000, 0x00000000a8d00000, 0x00000000a8d00000|100%| O|  |TAMS 0x00000000a8c00000, 0x00000000a8c00000| Untracked 
| 141|0x00000000a8d00000, 0x00000000a8e00000, 0x00000000a8e00000|100%| O|  |TAMS 0x00000000a8d00000, 0x00000000a8d00000| Untracked 
| 142|0x00000000a8e00000, 0x00000000a8f00000, 0x00000000a8f00000|100%| O|  |TAMS 0x00000000a8e00000, 0x00000000a8e00000| Untracked 
| 143|0x00000000a8f00000, 0x00000000a9000000, 0x00000000a9000000|100%| O|  |TAMS 0x00000000a8f00000, 0x00000000a8f00000| Untracked 
| 144|0x00000000a9000000, 0x00000000a9100000, 0x00000000a9100000|100%| O|  |TAMS 0x00000000a9000000, 0x00000000a9000000| Untracked 
| 145|0x00000000a9100000, 0x00000000a9200000, 0x00000000a9200000|100%| O|  |TAMS 0x00000000a9122800, 0x00000000a9100000| Untracked 
| 146|0x00000000a9200000, 0x00000000a9300000, 0x00000000a9300000|100%| O|  |TAMS 0x00000000a9200000, 0x00000000a9200000| Untracked 
| 147|0x00000000a9300000, 0x00000000a9400000, 0x00000000a9400000|100%| O|  |TAMS 0x00000000a9400000, 0x00000000a9300000| Untracked 
| 148|0x00000000a9400000, 0x00000000a9500000, 0x00000000a9500000|100%| O|  |TAMS 0x00000000a9500000, 0x00000000a9400000| Untracked 
| 149|0x00000000a9500000, 0x00000000a9600000, 0x00000000a9600000|100%| O|  |TAMS 0x00000000a9600000, 0x00000000a9500000| Untracked 
| 150|0x00000000a9600000, 0x00000000a9700000, 0x00000000a9700000|100%|HS|  |TAMS 0x00000000a9600000, 0x00000000a9600000| Complete 
| 151|0x00000000a9700000, 0x00000000a9800000, 0x00000000a9800000|100%| O|  |TAMS 0x00000000a9800000, 0x00000000a9700000| Untracked 
| 152|0x00000000a9800000, 0x00000000a9900000, 0x00000000a9900000|100%| O|  |TAMS 0x00000000a9800000, 0x00000000a9800000| Untracked 
| 153|0x00000000a9900000, 0x00000000a9a00000, 0x00000000a9a00000|100%|HS|  |TAMS 0x00000000a9900000, 0x00000000a9900000| Complete 
| 154|0x00000000a9a00000, 0x00000000a9b00000, 0x00000000a9b00000|100%| O|  |TAMS 0x00000000a9a00000, 0x00000000a9a00000| Untracked 
| 155|0x00000000a9b00000, 0x00000000a9c00000, 0x00000000a9c00000|100%| O|  |TAMS 0x00000000a9b00000, 0x00000000a9b00000| Untracked 
| 156|0x00000000a9c00000, 0x00000000a9d00000, 0x00000000a9d00000|100%| O|  |TAMS 0x00000000a9c00000, 0x00000000a9c00000| Untracked 
| 157|0x00000000a9d00000, 0x00000000a9e00000, 0x00000000a9e00000|100%| O|  |TAMS 0x00000000a9d00000, 0x00000000a9d00000| Untracked 
| 158|0x00000000a9e00000, 0x00000000a9f00000, 0x00000000a9f00000|100%|HS|  |TAMS 0x00000000a9e00000, 0x00000000a9e00000| Complete 
| 159|0x00000000a9f00000, 0x00000000aa000000, 0x00000000aa000000|100%| O|  |TAMS 0x00000000a9f00000, 0x00000000a9f00000| Untracked 
| 160|0x00000000aa000000, 0x00000000aa100000, 0x00000000aa100000|100%| O|  |TAMS 0x00000000aa000000, 0x00000000aa000000| Untracked 
| 161|0x00000000aa100000, 0x00000000aa200000, 0x00000000aa200000|100%| O|  |TAMS 0x00000000aa100000, 0x00000000aa100000| Untracked 
| 162|0x00000000aa200000, 0x00000000aa300000, 0x00000000aa300000|100%| O|  |TAMS 0x00000000aa200000, 0x00000000aa200000| Untracked 
| 163|0x00000000aa300000, 0x00000000aa400000, 0x00000000aa400000|100%| O|  |TAMS 0x00000000aa300000, 0x00000000aa300000| Untracked 
| 164|0x00000000aa400000, 0x00000000aa500000, 0x00000000aa500000|100%| O|  |TAMS 0x00000000aa400000, 0x00000000aa400000| Untracked 
| 165|0x00000000aa500000, 0x00000000aa600000, 0x00000000aa600000|100%| O|  |TAMS 0x00000000aa500000, 0x00000000aa500000| Untracked 
| 166|0x00000000aa600000, 0x00000000aa700000, 0x00000000aa700000|100%| O|  |TAMS 0x00000000aa700000, 0x00000000aa600000| Untracked 
| 167|0x00000000aa700000, 0x00000000aa800000, 0x00000000aa800000|100%| O|  |TAMS 0x00000000aa700000, 0x00000000aa700000| Untracked 
| 168|0x00000000aa800000, 0x00000000aa900000, 0x00000000aa900000|100%| O|  |TAMS 0x00000000aa800000, 0x00000000aa800000| Untracked 
| 169|0x00000000aa900000, 0x00000000aaa00000, 0x00000000aaa00000|100%| O|  |TAMS 0x00000000aa900000, 0x00000000aa900000| Untracked 
| 170|0x00000000aaa00000, 0x00000000aab00000, 0x00000000aab00000|100%| O|  |TAMS 0x00000000aab00000, 0x00000000aaa00000| Untracked 
| 171|0x00000000aab00000, 0x00000000aac00000, 0x00000000aac00000|100%| O|  |TAMS 0x00000000aab00000, 0x00000000aab00000| Untracked 
| 172|0x00000000aac00000, 0x00000000aad00000, 0x00000000aad00000|100%| O|  |TAMS 0x00000000aad00000, 0x00000000aac00000| Untracked 
| 173|0x00000000aad00000, 0x00000000aae00000, 0x00000000aae00000|100%| O|  |TAMS 0x00000000aae00000, 0x00000000aad00000| Untracked 
| 174|0x00000000aae00000, 0x00000000aaf00000, 0x00000000aaf00000|100%| O|  |TAMS 0x00000000aae00000, 0x00000000aae00000| Untracked 
| 175|0x00000000aaf00000, 0x00000000ab000000, 0x00000000ab000000|100%| O|  |TAMS 0x00000000aaf00000, 0x00000000aaf00000| Untracked 
| 176|0x00000000ab000000, 0x00000000ab100000, 0x00000000ab100000|100%| O|  |TAMS 0x00000000ab000000, 0x00000000ab000000| Untracked 
| 177|0x00000000ab100000, 0x00000000ab200000, 0x00000000ab200000|100%| O|  |TAMS 0x00000000ab100000, 0x00000000ab100000| Untracked 
| 178|0x00000000ab200000, 0x00000000ab300000, 0x00000000ab300000|100%| O|  |TAMS 0x00000000ab200000, 0x00000000ab200000| Untracked 
| 179|0x00000000ab300000, 0x00000000ab400000, 0x00000000ab400000|100%| O|  |TAMS 0x00000000ab400000, 0x00000000ab300000| Untracked 
| 180|0x00000000ab400000, 0x00000000ab500000, 0x00000000ab500000|100%| O|  |TAMS 0x00000000ab400000, 0x00000000ab400000| Untracked 
| 181|0x00000000ab500000, 0x00000000ab600000, 0x00000000ab600000|100%|HS|  |TAMS 0x00000000ab500000, 0x00000000ab500000| Complete 
| 182|0x00000000ab600000, 0x00000000ab700000, 0x00000000ab700000|100%| O|  |TAMS 0x00000000ab600000, 0x00000000ab600000| Untracked 
| 183|0x00000000ab700000, 0x00000000ab800000, 0x00000000ab800000|100%| O|  |TAMS 0x00000000ab700000, 0x00000000ab700000| Untracked 
| 184|0x00000000ab800000, 0x00000000ab900000, 0x00000000ab900000|100%| O|  |TAMS 0x00000000ab800000, 0x00000000ab800000| Untracked 
| 185|0x00000000ab900000, 0x00000000aba00000, 0x00000000aba00000|100%| O|  |TAMS 0x00000000aba00000, 0x00000000ab900000| Untracked 
| 186|0x00000000aba00000, 0x00000000abb00000, 0x00000000abb00000|100%| O|  |TAMS 0x00000000abb00000, 0x00000000aba00000| Untracked 
| 187|0x00000000abb00000, 0x00000000abc00000, 0x00000000abc00000|100%| O|  |TAMS 0x00000000abb00000, 0x00000000abb00000| Untracked 
| 188|0x00000000abc00000, 0x00000000abc39600, 0x00000000abd00000| 22%| O|  |TAMS 0x00000000abc00000, 0x00000000abc00000| Untracked 
| 189|0x00000000abd00000, 0x00000000abd00000, 0x00000000abe00000|  0%| F|  |TAMS 0x00000000abd00000, 0x00000000abd00000| Untracked 
| 190|0x00000000abe00000, 0x00000000abf00000, 0x00000000abf00000|100%| O|  |TAMS 0x00000000abe00000, 0x00000000abe00000| Untracked 
| 191|0x00000000abf00000, 0x00000000abf00000, 0x00000000ac000000|  0%| F|  |TAMS 0x00000000abf00000, 0x00000000abf00000| Untracked 
| 192|0x00000000ac000000, 0x00000000ac000000, 0x00000000ac100000|  0%| F|  |TAMS 0x00000000ac000000, 0x00000000ac000000| Untracked 
| 193|0x00000000ac100000, 0x00000000ac100000, 0x00000000ac200000|  0%| F|  |TAMS 0x00000000ac100000, 0x00000000ac100000| Untracked 
| 194|0x00000000ac200000, 0x00000000ac200000, 0x00000000ac300000|  0%| F|  |TAMS 0x00000000ac200000, 0x00000000ac200000| Untracked 
| 195|0x00000000ac300000, 0x00000000ac300000, 0x00000000ac400000|  0%| F|  |TAMS 0x00000000ac300000, 0x00000000ac300000| Untracked 
| 196|0x00000000ac400000, 0x00000000ac400000, 0x00000000ac500000|  0%| F|  |TAMS 0x00000000ac400000, 0x00000000ac400000| Untracked 
| 197|0x00000000ac500000, 0x00000000ac500000, 0x00000000ac600000|  0%| F|  |TAMS 0x00000000ac500000, 0x00000000ac500000| Untracked 
| 198|0x00000000ac600000, 0x00000000ac600000, 0x00000000ac700000|  0%| F|  |TAMS 0x00000000ac600000, 0x00000000ac600000| Untracked 
| 199|0x00000000ac700000, 0x00000000ac700000, 0x00000000ac800000|  0%| F|  |TAMS 0x00000000ac700000, 0x00000000ac700000| Untracked 
| 200|0x00000000ac800000, 0x00000000ac800000, 0x00000000ac900000|  0%| F|  |TAMS 0x00000000ac800000, 0x00000000ac800000| Untracked 
| 201|0x00000000ac900000, 0x00000000ac900000, 0x00000000aca00000|  0%| F|  |TAMS 0x00000000ac900000, 0x00000000ac900000| Untracked 
| 202|0x00000000aca00000, 0x00000000aca00000, 0x00000000acb00000|  0%| F|  |TAMS 0x00000000aca00000, 0x00000000aca00000| Untracked 
| 203|0x00000000acb00000, 0x00000000acb00000, 0x00000000acc00000|  0%| F|  |TAMS 0x00000000acb00000, 0x00000000acb00000| Untracked 
| 204|0x00000000acc00000, 0x00000000acd00000, 0x00000000acd00000|100%| O|  |TAMS 0x00000000acd00000, 0x00000000acc00000| Untracked 
| 205|0x00000000acd00000, 0x00000000acd00000, 0x00000000ace00000|  0%| F|  |TAMS 0x00000000acd00000, 0x00000000acd00000| Untracked 
| 206|0x00000000ace00000, 0x00000000ace00000, 0x00000000acf00000|  0%| F|  |TAMS 0x00000000ace00000, 0x00000000ace00000| Untracked 
| 207|0x00000000acf00000, 0x00000000acf00000, 0x00000000ad000000|  0%| F|  |TAMS 0x00000000acf00000, 0x00000000acf00000| Untracked 
| 208|0x00000000ad000000, 0x00000000ad100000, 0x00000000ad100000|100%| O|  |TAMS 0x00000000ad100000, 0x00000000ad000000| Untracked 
| 209|0x00000000ad100000, 0x00000000ad200000, 0x00000000ad200000|100%| O|  |TAMS 0x00000000ad200000, 0x00000000ad100000| Untracked 
| 210|0x00000000ad200000, 0x00000000ad300000, 0x00000000ad300000|100%| O|  |TAMS 0x00000000ad300000, 0x00000000ad200000| Untracked 
| 211|0x00000000ad300000, 0x00000000ad400000, 0x00000000ad400000|100%| O|  |TAMS 0x00000000ad400000, 0x00000000ad300000| Untracked 
| 212|0x00000000ad400000, 0x00000000ad500000, 0x00000000ad500000|100%| O|  |TAMS 0x00000000ad500000, 0x00000000ad400000| Untracked 
| 213|0x00000000ad500000, 0x00000000ad500000, 0x00000000ad600000|  0%| F|  |TAMS 0x00000000ad500000, 0x00000000ad500000| Untracked 
| 214|0x00000000ad600000, 0x00000000ad700000, 0x00000000ad700000|100%| O|  |TAMS 0x00000000ad700000, 0x00000000ad600000| Untracked 
| 215|0x00000000ad700000, 0x00000000ad800000, 0x00000000ad800000|100%| O|  |TAMS 0x00000000ad800000, 0x00000000ad700000| Untracked 
| 216|0x00000000ad800000, 0x00000000ad900000, 0x00000000ad900000|100%| O|  |TAMS 0x00000000ad900000, 0x00000000ad800000| Untracked 
| 217|0x00000000ad900000, 0x00000000ad900000, 0x00000000ada00000|  0%| F|  |TAMS 0x00000000ad900000, 0x00000000ad900000| Untracked 
| 218|0x00000000ada00000, 0x00000000ada00000, 0x00000000adb00000|  0%| F|  |TAMS 0x00000000ada00000, 0x00000000ada00000| Untracked 
| 219|0x00000000adb00000, 0x00000000adc00000, 0x00000000adc00000|100%|HS|  |TAMS 0x00000000adc00000, 0x00000000adb00000| Complete 
| 220|0x00000000adc00000, 0x00000000add00000, 0x00000000add00000|100%|HC|  |TAMS 0x00000000add00000, 0x00000000adc00000| Complete 
| 221|0x00000000add00000, 0x00000000ade00000, 0x00000000ade00000|100%|HC|  |TAMS 0x00000000ade00000, 0x00000000add00000| Complete 
| 222|0x00000000ade00000, 0x00000000adf00000, 0x00000000adf00000|100%|HC|  |TAMS 0x00000000adf00000, 0x00000000ade00000| Complete 
| 223|0x00000000adf00000, 0x00000000adf00000, 0x00000000ae000000|  0%| F|  |TAMS 0x00000000adf00000, 0x00000000adf00000| Untracked 
| 224|0x00000000ae000000, 0x00000000ae000000, 0x00000000ae100000|  0%| F|  |TAMS 0x00000000ae000000, 0x00000000ae000000| Untracked 
| 225|0x00000000ae100000, 0x00000000ae100000, 0x00000000ae200000|  0%| F|  |TAMS 0x00000000ae100000, 0x00000000ae100000| Untracked 
| 226|0x00000000ae200000, 0x00000000ae200000, 0x00000000ae300000|  0%| F|  |TAMS 0x00000000ae200000, 0x00000000ae200000| Untracked 
| 227|0x00000000ae300000, 0x00000000ae400000, 0x00000000ae400000|100%|HS|  |TAMS 0x00000000ae400000, 0x00000000ae300000| Complete 
| 228|0x00000000ae400000, 0x00000000ae500000, 0x00000000ae500000|100%|HC|  |TAMS 0x00000000ae500000, 0x00000000ae400000| Complete 
| 229|0x00000000ae500000, 0x00000000ae600000, 0x00000000ae600000|100%|HC|  |TAMS 0x00000000ae600000, 0x00000000ae500000| Complete 
| 230|0x00000000ae600000, 0x00000000ae700000, 0x00000000ae700000|100%|HC|  |TAMS 0x00000000ae700000, 0x00000000ae600000| Complete 
| 231|0x00000000ae700000, 0x00000000ae700000, 0x00000000ae800000|  0%| F|  |TAMS 0x00000000ae700000, 0x00000000ae700000| Untracked 
| 232|0x00000000ae800000, 0x00000000ae800000, 0x00000000ae900000|  0%| F|  |TAMS 0x00000000ae800000, 0x00000000ae800000| Untracked 
| 233|0x00000000ae900000, 0x00000000ae900000, 0x00000000aea00000|  0%| F|  |TAMS 0x00000000ae900000, 0x00000000ae900000| Untracked 
| 234|0x00000000aea00000, 0x00000000aea00000, 0x00000000aeb00000|  0%| F|  |TAMS 0x00000000aea00000, 0x00000000aea00000| Untracked 
| 235|0x00000000aeb00000, 0x00000000aeb00000, 0x00000000aec00000|  0%| F|  |TAMS 0x00000000aeb00000, 0x00000000aeb00000| Untracked 
| 236|0x00000000aec00000, 0x00000000aec00000, 0x00000000aed00000|  0%| F|  |TAMS 0x00000000aec00000, 0x00000000aec00000| Untracked 
| 237|0x00000000aed00000, 0x00000000aed00000, 0x00000000aee00000|  0%| F|  |TAMS 0x00000000aed00000, 0x00000000aed00000| Untracked 
| 238|0x00000000aee00000, 0x00000000aee00000, 0x00000000aef00000|  0%| F|  |TAMS 0x00000000aee00000, 0x00000000aee00000| Untracked 
| 239|0x00000000aef00000, 0x00000000aef00000, 0x00000000af000000|  0%| F|  |TAMS 0x00000000aef00000, 0x00000000aef00000| Untracked 
| 240|0x00000000af000000, 0x00000000af000000, 0x00000000af100000|  0%| F|  |TAMS 0x00000000af000000, 0x00000000af000000| Untracked 
| 241|0x00000000af100000, 0x00000000af100000, 0x00000000af200000|  0%| F|  |TAMS 0x00000000af100000, 0x00000000af100000| Untracked 
| 242|0x00000000af200000, 0x00000000af200000, 0x00000000af300000|  0%| F|  |TAMS 0x00000000af200000, 0x00000000af200000| Untracked 
| 243|0x00000000af300000, 0x00000000af300000, 0x00000000af400000|  0%| F|  |TAMS 0x00000000af300000, 0x00000000af300000| Untracked 
| 244|0x00000000af400000, 0x00000000af400000, 0x00000000af500000|  0%| F|  |TAMS 0x00000000af400000, 0x00000000af400000| Untracked 
| 245|0x00000000af500000, 0x00000000af500000, 0x00000000af600000|  0%| F|  |TAMS 0x00000000af500000, 0x00000000af500000| Untracked 
| 246|0x00000000af600000, 0x00000000af600000, 0x00000000af700000|  0%| F|  |TAMS 0x00000000af600000, 0x00000000af600000| Untracked 
| 247|0x00000000af700000, 0x00000000af700000, 0x00000000af800000|  0%| F|  |TAMS 0x00000000af700000, 0x00000000af700000| Untracked 
| 248|0x00000000af800000, 0x00000000af800000, 0x00000000af900000|  0%| F|  |TAMS 0x00000000af800000, 0x00000000af800000| Untracked 
| 249|0x00000000af900000, 0x00000000af900000, 0x00000000afa00000|  0%| F|  |TAMS 0x00000000af900000, 0x00000000af900000| Untracked 
| 250|0x00000000afa00000, 0x00000000afa00000, 0x00000000afb00000|  0%| F|  |TAMS 0x00000000afa00000, 0x00000000afa00000| Untracked 
| 251|0x00000000afb00000, 0x00000000afb00000, 0x00000000afc00000|  0%| F|  |TAMS 0x00000000afb00000, 0x00000000afb00000| Untracked 
| 252|0x00000000afc00000, 0x00000000afc00000, 0x00000000afd00000|  0%| F|  |TAMS 0x00000000afc00000, 0x00000000afc00000| Untracked 
| 253|0x00000000afd00000, 0x00000000afd00000, 0x00000000afe00000|  0%| F|  |TAMS 0x00000000afd00000, 0x00000000afd00000| Untracked 
| 254|0x00000000afe00000, 0x00000000afe00000, 0x00000000aff00000|  0%| F|  |TAMS 0x00000000afe00000, 0x00000000afe00000| Untracked 
| 255|0x00000000aff00000, 0x00000000aff00000, 0x00000000b0000000|  0%| F|  |TAMS 0x00000000aff00000, 0x00000000aff00000| Untracked 
| 256|0x00000000b0000000, 0x00000000b0000000, 0x00000000b0100000|  0%| F|  |TAMS 0x00000000b0000000, 0x00000000b0000000| Untracked 
| 257|0x00000000b0100000, 0x00000000b0100000, 0x00000000b0200000|  0%| F|  |TAMS 0x00000000b0100000, 0x00000000b0100000| Untracked 
| 258|0x00000000b0200000, 0x00000000b0200000, 0x00000000b0300000|  0%| F|  |TAMS 0x00000000b0200000, 0x00000000b0200000| Untracked 
| 259|0x00000000b0300000, 0x00000000b0300000, 0x00000000b0400000|  0%| F|  |TAMS 0x00000000b0300000, 0x00000000b0300000| Untracked 
| 260|0x00000000b0400000, 0x00000000b0400000, 0x00000000b0500000|  0%| F|  |TAMS 0x00000000b0400000, 0x00000000b0400000| Untracked 
| 261|0x00000000b0500000, 0x00000000b0500000, 0x00000000b0600000|  0%| F|  |TAMS 0x00000000b0500000, 0x00000000b0500000| Untracked 
| 262|0x00000000b0600000, 0x00000000b0600000, 0x00000000b0700000|  0%| F|  |TAMS 0x00000000b0600000, 0x00000000b0600000| Untracked 
| 263|0x00000000b0700000, 0x00000000b0700000, 0x00000000b0800000|  0%| F|  |TAMS 0x00000000b0700000, 0x00000000b0700000| Untracked 
| 264|0x00000000b0800000, 0x00000000b0800000, 0x00000000b0900000|  0%| F|  |TAMS 0x00000000b0800000, 0x00000000b0800000| Untracked 
| 265|0x00000000b0900000, 0x00000000b0900000, 0x00000000b0a00000|  0%| F|  |TAMS 0x00000000b0900000, 0x00000000b0900000| Untracked 
| 266|0x00000000b0a00000, 0x00000000b0a00000, 0x00000000b0b00000|  0%| F|  |TAMS 0x00000000b0a00000, 0x00000000b0a00000| Untracked 
| 267|0x00000000b0b00000, 0x00000000b0b00000, 0x00000000b0c00000|  0%| F|  |TAMS 0x00000000b0b00000, 0x00000000b0b00000| Untracked 
| 268|0x00000000b0c00000, 0x00000000b0c00000, 0x00000000b0d00000|  0%| F|  |TAMS 0x00000000b0c00000, 0x00000000b0c00000| Untracked 
| 269|0x00000000b0d00000, 0x00000000b0e00000, 0x00000000b0e00000|100%| S|CS|TAMS 0x00000000b0d00000, 0x00000000b0d00000| Complete 
| 270|0x00000000b0e00000, 0x00000000b0f00000, 0x00000000b0f00000|100%| S|CS|TAMS 0x00000000b0e00000, 0x00000000b0e00000| Complete 
| 271|0x00000000b0f00000, 0x00000000b1000000, 0x00000000b1000000|100%| S|CS|TAMS 0x00000000b0f00000, 0x00000000b0f00000| Complete 
| 272|0x00000000b1000000, 0x00000000b1100000, 0x00000000b1100000|100%| S|CS|TAMS 0x00000000b1000000, 0x00000000b1000000| Complete 
| 273|0x00000000b1100000, 0x00000000b1100000, 0x00000000b1200000|  0%| F|  |TAMS 0x00000000b1100000, 0x00000000b1100000| Untracked 
| 274|0x00000000b1200000, 0x00000000b1200000, 0x00000000b1300000|  0%| F|  |TAMS 0x00000000b1200000, 0x00000000b1200000| Untracked 
| 275|0x00000000b1300000, 0x00000000b1300000, 0x00000000b1400000|  0%| F|  |TAMS 0x00000000b1300000, 0x00000000b1300000| Untracked 
| 276|0x00000000b1400000, 0x00000000b1400000, 0x00000000b1500000|  0%| F|  |TAMS 0x00000000b1400000, 0x00000000b1400000| Untracked 
| 277|0x00000000b1500000, 0x00000000b1500000, 0x00000000b1600000|  0%| F|  |TAMS 0x00000000b1500000, 0x00000000b1500000| Untracked 
| 278|0x00000000b1600000, 0x00000000b1600000, 0x00000000b1700000|  0%| F|  |TAMS 0x00000000b1600000, 0x00000000b1600000| Untracked 
| 279|0x00000000b1700000, 0x00000000b1700000, 0x00000000b1800000|  0%| F|  |TAMS 0x00000000b1700000, 0x00000000b1700000| Untracked 
| 280|0x00000000b1800000, 0x00000000b1800000, 0x00000000b1900000|  0%| F|  |TAMS 0x00000000b1800000, 0x00000000b1800000| Untracked 
| 281|0x00000000b1900000, 0x00000000b1900000, 0x00000000b1a00000|  0%| F|  |TAMS 0x00000000b1900000, 0x00000000b1900000| Untracked 
| 282|0x00000000b1a00000, 0x00000000b1a00000, 0x00000000b1b00000|  0%| F|  |TAMS 0x00000000b1a00000, 0x00000000b1a00000| Untracked 
| 283|0x00000000b1b00000, 0x00000000b1b00000, 0x00000000b1c00000|  0%| F|  |TAMS 0x00000000b1b00000, 0x00000000b1b00000| Untracked 
| 284|0x00000000b1c00000, 0x00000000b1c00000, 0x00000000b1d00000|  0%| F|  |TAMS 0x00000000b1c00000, 0x00000000b1c00000| Untracked 
| 285|0x00000000b1d00000, 0x00000000b1d00000, 0x00000000b1e00000|  0%| F|  |TAMS 0x00000000b1d00000, 0x00000000b1d00000| Untracked 
| 286|0x00000000b1e00000, 0x00000000b1e00000, 0x00000000b1f00000|  0%| F|  |TAMS 0x00000000b1e00000, 0x00000000b1e00000| Untracked 
| 287|0x00000000b1f00000, 0x00000000b1f00000, 0x00000000b2000000|  0%| F|  |TAMS 0x00000000b1f00000, 0x00000000b1f00000| Untracked 
| 288|0x00000000b2000000, 0x00000000b2000000, 0x00000000b2100000|  0%| F|  |TAMS 0x00000000b2000000, 0x00000000b2000000| Untracked 
| 289|0x00000000b2100000, 0x00000000b2100000, 0x00000000b2200000|  0%| F|  |TAMS 0x00000000b2100000, 0x00000000b2100000| Untracked 
| 290|0x00000000b2200000, 0x00000000b2200000, 0x00000000b2300000|  0%| F|  |TAMS 0x00000000b2200000, 0x00000000b2200000| Untracked 
| 291|0x00000000b2300000, 0x00000000b2300000, 0x00000000b2400000|  0%| F|  |TAMS 0x00000000b2300000, 0x00000000b2300000| Untracked 
| 292|0x00000000b2400000, 0x00000000b2400000, 0x00000000b2500000|  0%| F|  |TAMS 0x00000000b2400000, 0x00000000b2400000| Untracked 
| 293|0x00000000b2500000, 0x00000000b2500000, 0x00000000b2600000|  0%| F|  |TAMS 0x00000000b2500000, 0x00000000b2500000| Untracked 
| 294|0x00000000b2600000, 0x00000000b2600000, 0x00000000b2700000|  0%| F|  |TAMS 0x00000000b2600000, 0x00000000b2600000| Untracked 
| 295|0x00000000b2700000, 0x00000000b2700000, 0x00000000b2800000|  0%| F|  |TAMS 0x00000000b2700000, 0x00000000b2700000| Untracked 
| 296|0x00000000b2800000, 0x00000000b2800000, 0x00000000b2900000|  0%| F|  |TAMS 0x00000000b2800000, 0x00000000b2800000| Untracked 
| 297|0x00000000b2900000, 0x00000000b2900000, 0x00000000b2a00000|  0%| F|  |TAMS 0x00000000b2900000, 0x00000000b2900000| Untracked 
| 298|0x00000000b2a00000, 0x00000000b2a00000, 0x00000000b2b00000|  0%| F|  |TAMS 0x00000000b2a00000, 0x00000000b2a00000| Untracked 
| 299|0x00000000b2b00000, 0x00000000b2b00000, 0x00000000b2c00000|  0%| F|  |TAMS 0x00000000b2b00000, 0x00000000b2b00000| Untracked 

Card table byte_map: [0x0000023f94bf0000,0x0000023f94ef0000] _byte_map_base: 0x0000023f946f0000

Marking Bits (Prev, Next): (CMBitMap*) 0x0000023fff97f8b8, (CMBitMap*) 0x0000023fff97f8f0
 Prev Bits: [0x0000023f951f0000, 0x0000023f969f0000)
 Next Bits: [0x0000023f969f0000, 0x0000023f981f0000)

Polling page: 0x0000023f81410000

Metaspace:

Usage:
  Non-class:     89.79 MB capacity,    88.04 MB ( 98%) used,     1.50 MB (  2%) free+waste,   252.31 KB ( <1%) overhead. 
      Class:     12.94 MB capacity,    12.15 MB ( 94%) used,   700.55 KB (  5%) free+waste,   110.75 KB ( <1%) overhead. 
       Both:    102.73 MB capacity,   100.19 MB ( 98%) used,     2.19 MB (  2%) free+waste,   363.06 KB ( <1%) overhead. 

Virtual space:
  Non-class space:       92.00 MB reserved,      90.38 MB ( 98%) committed 
      Class space:        1.00 GB reserved,      13.25 MB (  1%) committed 
             Both:        1.09 GB reserved,     103.62 MB (  9%) committed 

Chunk freelists:
   Non-Class:  412.00 KB
       Class:  219.00 KB
        Both:  631.00 KB

MaxMetaspaceSize: 17179869184.00 GB
CompressedClassSpaceSize: 1.00 GB
Initial GC threshold: 20.80 MB
Current GC threshold: 172.71 MB
CDS: off

CodeHeap 'non-profiled nmethods': size=120000Kb used=9535Kb max_used=9535Kb free=110465Kb
 bounds [0x0000023f8c950000, 0x0000023f8d2a0000, 0x0000023f93e80000]
CodeHeap 'profiled nmethods': size=120000Kb used=31427Kb max_used=31427Kb free=88572Kb
 bounds [0x0000023f85420000, 0x0000023f872e0000, 0x0000023f8c950000]
CodeHeap 'non-nmethods': size=5760Kb used=2395Kb max_used=2464Kb free=3365Kb
 bounds [0x0000023f84e80000, 0x0000023f850f0000, 0x0000023f85420000]
 total_blobs=15675 nmethods=14761 adapters=826
 compilation: enabled
              stopped_count=0, restarted_count=0
 full_count=0

Compilation events (20 events):
Event: 148.200 Thread 0x0000023fa4cd9000 nmethod 15018 0x0000023f8d294490 code [0x0000023f8d294640, 0x0000023f8d294a78]
Event: 148.201 Thread 0x0000023fa4cd9000 15011       4       java.util.stream.SortedOps$SizedRefSortingSink::end (129 bytes)
Event: 148.209 Thread 0x0000023fa4cd9000 nmethod 15011 0x0000023f8d294d10 code [0x0000023f8d294f20, 0x0000023f8d295470]
Event: 148.209 Thread 0x0000023fa4cd9000 15015       4       com.android.tools.r8.dex.FileWriter$MixedSectionOffsets::add (19 bytes)
Event: 148.215 Thread 0x0000023fa4cd9000 nmethod 15015 0x0000023f8d295990 code [0x0000023f8d295b80, 0x0000023f8d295f10]
Event: 148.215 Thread 0x0000023fa4cd9000 15016       4       com.android.tools.r8.dex.FileWriter$MixedSectionOffsets::add (10 bytes)
Event: 148.217 Thread 0x0000023f9b5a5800 15024   !   3       com.android.tools.r8.graph.DexProgramClass::computeStaticValues (198 bytes)
Event: 148.219 Thread 0x0000023f9b5a5800 nmethod 15024 0x0000023f872cea90 code [0x0000023f872ced80, 0x0000023f872d0058]
Event: 148.220 Thread 0x0000023fa4cd9000 nmethod 15016 0x0000023f8d296310 code [0x0000023f8d2964e0, 0x0000023f8d296798]
Event: 148.220 Thread 0x0000023fa4cd9000 15022       4       com.android.tools.r8.graph.DexValue::defaultForType (184 bytes)
Event: 148.222 Thread 0x0000023fa4cd9000 nmethod 15022 0x0000023f8d296a90 code [0x0000023f8d296c40, 0x0000023f8d296d58]
Event: 148.222 Thread 0x0000023fa4cd9000 15013       4       com.android.tools.r8.dex.FileWriter$MixedSectionOffsets::add (10 bytes)
Event: 148.263 Thread 0x0000023fa4cd9000 nmethod 15013 0x0000023f8d296e90 code [0x0000023f8d297080, 0x0000023f8d2982c8]
Event: 148.263 Thread 0x0000023fa4cd9000 15026       4       java.util.Spliterators$ArraySpliterator::tryAdvance (58 bytes)
Event: 148.267 Thread 0x0000023fa4cd9000 nmethod 15026 0x0000023f8d298d10 code [0x0000023f8d298ee0, 0x0000023f8d299178]
Event: 148.267 Thread 0x0000023fa4cd9000 15028       4       com.android.tools.r8.graph.DexAnnotationDirectory::<init> (281 bytes)
Event: 148.267 Thread 0x0000023f9b5a5800 15029       2       com.android.tools.r8.graph.DexItemFactory::isInternalSentinel (8 bytes)
Event: 148.267 Thread 0x0000023f9b5a5800 nmethod 15029 0x0000023f872d0a10 code [0x0000023f872d0bc0, 0x0000023f872d0cc8]
Event: 148.283 Thread 0x0000023f9b57f800 nmethod 14974 0x0000023f8d299510 code [0x0000023f8d299860, 0x0000023f8d29dea0]
Event: 148.284 Thread 0x0000023f9b57f800 15031       4       java.lang.String::join (59 bytes)

GC Heap History (20 events):
Event: 147.110 GC heap after
{Heap after GC invocations=34 (full 0):
 garbage-first heap   total 256000K, used 202745K [0x00000000a0000000, 0x0000000100000000)
  region size 1024K, 2 young (2048K), 2 survivors (2048K)
 Metaspace       used 102388K, capacity 105032K, committed 105856K, reserved 1142784K
  class space    used 12437K, capacity 13248K, committed 13568K, reserved 1048576K
}
Event: 147.126 GC heap before
{Heap before GC invocations=34 (full 0):
 garbage-first heap   total 256000K, used 215033K [0x00000000a0000000, 0x0000000100000000)
  region size 1024K, 14 young (14336K), 2 survivors (2048K)
 Metaspace       used 102391K, capacity 105034K, committed 105856K, reserved 1142784K
  class space    used 12437K, capacity 13248K, committed 13568K, reserved 1048576K
}
Event: 147.131 GC heap after
{Heap after GC invocations=35 (full 0):
 garbage-first heap   total 256000K, used 205472K [0x00000000a0000000, 0x0000000100000000)
  region size 1024K, 2 young (2048K), 2 survivors (2048K)
 Metaspace       used 102391K, capacity 105034K, committed 105856K, reserved 1142784K
  class space    used 12437K, capacity 13248K, committed 13568K, reserved 1048576K
}
Event: 147.211 GC heap before
{Heap before GC invocations=35 (full 0):
 garbage-first heap   total 256000K, used 222880K [0x00000000a0000000, 0x0000000100000000)
  region size 1024K, 14 young (14336K), 2 survivors (2048K)
 Metaspace       used 102398K, capacity 105035K, committed 105856K, reserved 1142784K
  class space    used 12437K, capacity 13248K, committed 13568K, reserved 1048576K
}
Event: 147.214 GC heap after
{Heap after GC invocations=36 (full 0):
 garbage-first heap   total 256000K, used 212127K [0x00000000a0000000, 0x0000000100000000)
  region size 1024K, 2 young (2048K), 2 survivors (2048K)
 Metaspace       used 102398K, capacity 105035K, committed 105856K, reserved 1142784K
  class space    used 12437K, capacity 13248K, committed 13568K, reserved 1048576K
}
Event: 147.428 GC heap before
{Heap before GC invocations=37 (full 0):
 garbage-first heap   total 256000K, used 221343K [0x00000000a0000000, 0x0000000100000000)
  region size 1024K, 12 young (12288K), 2 survivors (2048K)
 Metaspace       used 102499K, capacity 105110K, committed 105856K, reserved 1142784K
  class space    used 12437K, capacity 13248K, committed 13568K, reserved 1048576K
}
Event: 147.429 GC heap after
{Heap after GC invocations=38 (full 0):
 garbage-first heap   total 256000K, used 211204K [0x00000000a0000000, 0x0000000100000000)
  region size 1024K, 1 young (1024K), 1 survivors (1024K)
 Metaspace       used 102499K, capacity 105110K, committed 105856K, reserved 1142784K
  class space    used 12437K, capacity 13248K, committed 13568K, reserved 1048576K
}
Event: 147.558 GC heap before
{Heap before GC invocations=38 (full 0):
 garbage-first heap   total 256000K, used 233732K [0x00000000a0000000, 0x0000000100000000)
  region size 1024K, 12 young (12288K), 1 survivors (1024K)
 Metaspace       used 102537K, capacity 105128K, committed 105856K, reserved 1142784K
  class space    used 12441K, capacity 13253K, committed 13568K, reserved 1048576K
}
Event: 147.567 GC heap after
{Heap after GC invocations=39 (full 0):
 garbage-first heap   total 256000K, used 211432K [0x00000000a0000000, 0x0000000100000000)
  region size 1024K, 2 young (2048K), 2 survivors (2048K)
 Metaspace       used 102537K, capacity 105128K, committed 105856K, reserved 1142784K
  class space    used 12441K, capacity 13253K, committed 13568K, reserved 1048576K
}
Event: 147.588 GC heap before
{Heap before GC invocations=39 (full 0):
 garbage-first heap   total 256000K, used 222696K [0x00000000a0000000, 0x0000000100000000)
  region size 1024K, 13 young (13312K), 2 survivors (2048K)
 Metaspace       used 102541K, capacity 105192K, committed 106112K, reserved 1142784K
  class space    used 12441K, capacity 13253K, committed 13568K, reserved 1048576K
}
Event: 147.595 GC heap after
{Heap after GC invocations=40 (full 0):
 garbage-first heap   total 256000K, used 216202K [0x00000000a0000000, 0x0000000100000000)
  region size 1024K, 2 young (2048K), 2 survivors (2048K)
 Metaspace       used 102541K, capacity 105192K, committed 106112K, reserved 1142784K
  class space    used 12441K, capacity 13253K, committed 13568K, reserved 1048576K
}
Event: 147.615 GC heap before
{Heap before GC invocations=40 (full 0):
 garbage-first heap   total 256000K, used 226442K [0x00000000a0000000, 0x0000000100000000)
  region size 1024K, 12 young (12288K), 2 survivors (2048K)
 Metaspace       used 102541K, capacity 105192K, committed 106112K, reserved 1142784K
  class space    used 12441K, capacity 13253K, committed 13568K, reserved 1048576K
}
Event: 147.623 GC heap after
{Heap after GC invocations=41 (full 0):
 garbage-first heap   total 307200K, used 221741K [0x00000000a0000000, 0x0000000100000000)
  region size 1024K, 2 young (2048K), 2 survivors (2048K)
 Metaspace       used 102541K, capacity 105192K, committed 106112K, reserved 1142784K
  class space    used 12441K, capacity 13253K, committed 13568K, reserved 1048576K
}
Event: 147.787 GC heap before
{Heap before GC invocations=42 (full 0):
 garbage-first heap   total 307200K, used 209453K [0x00000000a0000000, 0x0000000100000000)
  region size 1024K, 24 young (24576K), 2 survivors (2048K)
 Metaspace       used 102573K, capacity 105193K, committed 106112K, reserved 1142784K
  class space    used 12441K, capacity 13253K, committed 13568K, reserved 1048576K
}
Event: 147.800 GC heap after
{Heap after GC invocations=43 (full 0):
 garbage-first heap   total 307200K, used 201043K [0x00000000a0000000, 0x0000000100000000)
  region size 1024K, 3 young (3072K), 3 survivors (3072K)
 Metaspace       used 102573K, capacity 105193K, committed 106112K, reserved 1142784K
  class space    used 12441K, capacity 13253K, committed 13568K, reserved 1048576K
}
Event: 147.850 GC heap before
{Heap before GC invocations=43 (full 0):
 garbage-first heap   total 307200K, used 212307K [0x00000000a0000000, 0x0000000100000000)
  region size 1024K, 15 young (15360K), 3 survivors (3072K)
 Metaspace       used 102574K, capacity 105193K, committed 106112K, reserved 1142784K
  class space    used 12441K, capacity 13253K, committed 13568K, reserved 1048576K
}
Event: 147.860 GC heap after
{Heap after GC invocations=44 (full 0):
 garbage-first heap   total 307200K, used 194246K [0x00000000a0000000, 0x0000000100000000)
  region size 1024K, 2 young (2048K), 2 survivors (2048K)
 Metaspace       used 102574K, capacity 105193K, committed 106112K, reserved 1142784K
  class space    used 12441K, capacity 13253K, committed 13568K, reserved 1048576K
}
Event: 148.224 GC heap before
{Heap before GC invocations=44 (full 0):
 garbage-first heap   total 307200K, used 230086K [0x00000000a0000000, 0x0000000100000000)
  region size 1024K, 32 young (32768K), 2 survivors (2048K)
 Metaspace       used 102590K, capacity 105193K, committed 106112K, reserved 1142784K
  class space    used 12441K, capacity 13253K, committed 13568K, reserved 1048576K
}
Event: 148.235 GC heap after
{Heap after GC invocations=45 (full 0):
 garbage-first heap   total 307200K, used 210176K [0x00000000a0000000, 0x0000000100000000)
  region size 1024K, 4 young (4096K), 4 survivors (4096K)
 Metaspace       used 102590K, capacity 105193K, committed 106112K, reserved 1142784K
  class space    used 12441K, capacity 13253K, committed 13568K, reserved 1048576K
}
Event: 148.288 GC heap before
{Heap before GC invocations=45 (full 0):
 garbage-first heap   total 307200K, used 238848K [0x00000000a0000000, 0x0000000100000000)
  region size 1024K, 31 young (31744K), 4 survivors (4096K)
 Metaspace       used 102590K, capacity 105193K, committed 106112K, reserved 1142784K
  class space    used 12441K, capacity 13253K, committed 13568K, reserved 1048576K
}

Deoptimization events (20 events):
Event: 148.125 Thread 0x0000023fa308f000 DEOPT PACKING pc=0x0000023f86fd24b1 sp=0x00000061328fe3c0
Event: 148.126 Thread 0x0000023fa308f000 DEOPT UNPACKING pc=0x0000023f84eca95e sp=0x00000061328fd878 mode 0
Event: 148.128 Thread 0x0000023fa308f000 DEOPT PACKING pc=0x0000023f86fd24b1 sp=0x00000061328fe3c0
Event: 148.128 Thread 0x0000023fa308f000 DEOPT UNPACKING pc=0x0000023f84eca95e sp=0x00000061328fd878 mode 0
Event: 148.143 Thread 0x0000023fa308f000 DEOPT PACKING pc=0x0000023f86fd24b1 sp=0x00000061328fe3c0
Event: 148.143 Thread 0x0000023fa308f000 DEOPT UNPACKING pc=0x0000023f84eca95e sp=0x00000061328fd878 mode 0
Event: 148.155 Thread 0x0000023fa308f000 DEOPT PACKING pc=0x0000023f86fd24b1 sp=0x00000061328fe3c0
Event: 148.155 Thread 0x0000023fa308f000 DEOPT UNPACKING pc=0x0000023f84eca95e sp=0x00000061328fd878 mode 0
Event: 148.175 Thread 0x0000023fa308f000 DEOPT PACKING pc=0x0000023f8703ab45 sp=0x00000061328fe400
Event: 148.175 Thread 0x0000023fa308f000 DEOPT UNPACKING pc=0x0000023f84eca95e sp=0x00000061328fd8a8 mode 0
Event: 148.191 Thread 0x0000023fa308f000 Uncommon trap: trap_request=0xfffffff4 fr.pc=0x0000023f8d1fa810 relative=0x00000000000003d0
Event: 148.191 Thread 0x0000023fa308f000 Uncommon trap: reason=null_check action=make_not_entrant pc=0x0000023f8d1fa810 method=com.android.tools.r8.graph.DexString.computeEquals(Ljava/lang/Object;)Z @ 1 c2
Event: 148.191 Thread 0x0000023fa308f000 DEOPT PACKING pc=0x0000023f8d1fa810 sp=0x00000061328fe1b0
Event: 148.191 Thread 0x0000023fa308f000 DEOPT UNPACKING pc=0x0000023f84eca1af sp=0x00000061328fdf90 mode 2
Event: 148.194 Thread 0x0000023fa308f000 Uncommon trap: trap_request=0xfffffff4 fr.pc=0x0000023f8d24f72c relative=0x000000000000018c
Event: 148.194 Thread 0x0000023fa308f000 Uncommon trap: reason=null_check action=make_not_entrant pc=0x0000023f8d24f72c method=com.android.tools.r8.graph.DexString.computeEquals(Ljava/lang/Object;)Z @ 1 c2
Event: 148.194 Thread 0x0000023fa308f000 DEOPT PACKING pc=0x0000023f8d24f72c sp=0x00000061328fe0d0
Event: 148.194 Thread 0x0000023fa308f000 DEOPT UNPACKING pc=0x0000023f84eca1af sp=0x00000061328fe058 mode 2
Event: 148.217 Thread 0x0000023fa308f000 DEOPT PACKING pc=0x0000023f87021b46 sp=0x00000061328fe3f0
Event: 148.217 Thread 0x0000023fa308f000 DEOPT UNPACKING pc=0x0000023f84eca95e sp=0x00000061328fd970 mode 0

Classes redefined (0 events):
No events

Internal exceptions (20 events):
Event: 145.647 Thread 0x0000023f9f821000 Exception <a 'sun/nio/fs/WindowsException'{0x00000000af2e2448}> (0x00000000af2e2448) thrown at [src/hotspot/share/prims/jni.cpp, line 617]
Event: 145.648 Thread 0x0000023f9f821000 Exception <a 'sun/nio/fs/WindowsException'{0x00000000af2e6f48}> (0x00000000af2e6f48) thrown at [src/hotspot/share/prims/jni.cpp, line 617]
Event: 145.650 Thread 0x0000023f9f821000 Exception <a 'sun/nio/fs/WindowsException'{0x00000000af2ecca0}> (0x00000000af2ecca0) thrown at [src/hotspot/share/prims/jni.cpp, line 617]
Event: 145.651 Thread 0x0000023f9f821000 Exception <a 'sun/nio/fs/WindowsException'{0x00000000af2f1ee8}> (0x00000000af2f1ee8) thrown at [src/hotspot/share/prims/jni.cpp, line 617]
Event: 145.652 Thread 0x0000023f9f821000 Exception <a 'sun/nio/fs/WindowsException'{0x00000000aefc0618}> (0x00000000aefc0618) thrown at [src/hotspot/share/prims/jni.cpp, line 617]
Event: 145.655 Thread 0x0000023f9f821000 Exception <a 'sun/nio/fs/WindowsException'{0x00000000aefc5738}> (0x00000000aefc5738) thrown at [src/hotspot/share/prims/jni.cpp, line 617]
Event: 145.671 Thread 0x0000023f9f819000 Implicit null exception at 0x0000023f8d031ebb to 0x0000023f8d0346fc
Event: 145.823 Thread 0x0000023f9f819000 Exception <a 'sun/nio/fs/WindowsException'{0x00000000ae9f4e48}> (0x00000000ae9f4e48) thrown at [src/hotspot/share/prims/jni.cpp, line 617]
Event: 145.904 Thread 0x0000023f9f819000 Exception <a 'sun/nio/fs/WindowsException'{0x00000000ad9e6dd0}> (0x00000000ad9e6dd0) thrown at [src/hotspot/share/prims/jni.cpp, line 617]
Event: 146.161 Thread 0x0000023fa3090800 Implicit null exception at 0x0000023f8cbc052f to 0x0000023f8cbc0620
Event: 146.161 Thread 0x0000023fa3091800 Implicit null exception at 0x0000023f8cbc052f to 0x0000023f8cbc0620
Event: 146.161 Thread 0x0000023fa3093000 Implicit null exception at 0x0000023f8cbc052f to 0x0000023f8cbc0620
Event: 146.161 Thread 0x0000023fa3092000 Implicit null exception at 0x0000023f8cbc052f to 0x0000023f8cbc0620
Event: 146.161 Thread 0x0000023fa3094000 Implicit null exception at 0x0000023f8cbc052f to 0x0000023f8cbc0620
Event: 146.162 Thread 0x0000023fa308f800 Implicit null exception at 0x0000023f8cbc052f to 0x0000023f8cbc0620
Event: 147.451 Thread 0x0000023fa3094800 Exception <a 'sun/nio/fs/WindowsException'{0x00000000af9e8060}> (0x00000000af9e8060) thrown at [src/hotspot/share/prims/jni.cpp, line 617]
Event: 147.499 Thread 0x0000023f9f819000 Exception <a 'sun/nio/fs/WindowsException'{0x00000000af788da0}> (0x00000000af788da0) thrown at [src/hotspot/share/prims/jni.cpp, line 617]
Event: 147.550 Thread 0x0000023fa308f000 Exception <a 'sun/nio/fs/WindowsException'{0x00000000af44f1a8}> (0x00000000af44f1a8) thrown at [src/hotspot/share/prims/jni.cpp, line 617]
Event: 148.191 Thread 0x0000023fa308f000 Implicit null exception at 0x0000023f8d1fa63d to 0x0000023f8d1fa7e4
Event: 148.194 Thread 0x0000023fa308f000 Implicit null exception at 0x0000023f8d24f5cc to 0x0000023f8d24f71c

Events (20 events):
Event: 147.770 Executing VM operation: CGC_Operation done
Event: 147.787 Executing VM operation: G1CollectForAllocation
Event: 147.800 Executing VM operation: G1CollectForAllocation done
Event: 147.850 Executing VM operation: G1CollectForAllocation
Event: 147.860 Executing VM operation: G1CollectForAllocation done
Event: 147.872 Executing VM operation: RevokeBias
Event: 147.872 Executing coalesced safepoint VM operation: RevokeBias
Event: 147.872 Executing coalesced safepoint VM operation: RevokeBias done
Event: 147.872 Executing coalesced safepoint VM operation: RevokeBias
Event: 147.872 Executing coalesced safepoint VM operation: RevokeBias done
Event: 147.872 Executing VM operation: RevokeBias done
Event: 147.875 Executing VM operation: RevokeBias
Event: 147.876 Executing VM operation: RevokeBias done
Event: 147.889 Executing VM operation: RevokeBias
Event: 147.889 Executing VM operation: RevokeBias done
Event: 148.010 Executing VM operation: ICBufferFull
Event: 148.011 Executing VM operation: ICBufferFull done
Event: 148.223 Executing VM operation: G1CollectForAllocation
Event: 148.235 Executing VM operation: G1CollectForAllocation done
Event: 148.288 Executing VM operation: G1CollectForAllocation


Dynamic libraries:
0x00007ff6ea310000 - 0x00007ff6ea31a000 	C:\Program Files\Android\Android Studio\jbr\bin\java.exe
0x00007ff855ff0000 - 0x00007ff8561e8000 	C:\WINDOWS\SYSTEM32\ntdll.dll
0x00007ff855360000 - 0x00007ff85541f000 	C:\WINDOWS\System32\KERNEL32.DLL
0x00007ff8538e0000 - 0x00007ff853bb2000 	C:\WINDOWS\System32\KERNELBASE.dll
0x00007ff853df0000 - 0x00007ff853ef0000 	C:\WINDOWS\System32\ucrtbase.dll
0x00007ff842870000 - 0x00007ff842887000 	C:\Program Files\Android\Android Studio\jbr\bin\jli.dll
0x00007ff847c20000 - 0x00007ff847c3b000 	C:\Program Files\Android\Android Studio\jbr\bin\VCRUNTIME140.dll
0x00007ff855a30000 - 0x00007ff855bd1000 	C:\WINDOWS\System32\USER32.dll
0x00007ff853ef0000 - 0x00007ff853f12000 	C:\WINDOWS\System32\win32u.dll
0x00007ff854110000 - 0x00007ff85413b000 	C:\WINDOWS\System32\GDI32.dll
0x00007ff853f20000 - 0x00007ff85402f000 	C:\WINDOWS\System32\gdi32full.dll
0x00007ff853bc0000 - 0x00007ff853c5d000 	C:\WINDOWS\System32\msvcp_win.dll
0x00007ff83c2b0000 - 0x00007ff83c54a000 	C:\WINDOWS\WinSxS\amd64_microsoft.windows.common-controls_6595b64144ccf1df_6.0.19041.1110_none_60b5254171f9507e\COMCTL32.dll
0x00007ff855be0000 - 0x00007ff855c7e000 	C:\WINDOWS\System32\msvcrt.dll
0x00007ff854a00000 - 0x00007ff854a32000 	C:\WINDOWS\System32\IMM32.DLL
0x00007ff83cd30000 - 0x00007ff83cdbd000 	C:\Program Files\Android\Android Studio\jbr\bin\msvcp140.dll
0x00007ff84ddb0000 - 0x00007ff84ddbc000 	C:\WINDOWS\SYSTEM32\VCRUNTIME140_1.dll
0x00007ff812990000 - 0x00007ff81354c000 	C:\Program Files\Android\Android Studio\jbr\bin\server\jvm.dll
0x00007ff854a40000 - 0x00007ff854aee000 	C:\WINDOWS\System32\ADVAPI32.dll
0x00007ff854260000 - 0x00007ff8542fc000 	C:\WINDOWS\System32\sechost.dll
0x00007ff855d50000 - 0x00007ff855e75000 	C:\WINDOWS\System32\RPCRT4.dll
0x00007ff855a20000 - 0x00007ff855a28000 	C:\WINDOWS\System32\PSAPI.DLL
0x00007ff840410000 - 0x00007ff840437000 	C:\WINDOWS\SYSTEM32\WINMM.dll
0x00007ff84dbb0000 - 0x00007ff84dbba000 	C:\WINDOWS\SYSTEM32\VERSION.dll
0x00007ff83ad80000 - 0x00007ff83ad89000 	C:\WINDOWS\SYSTEM32\WSOCK32.dll
0x00007ff854990000 - 0x00007ff8549fb000 	C:\WINDOWS\System32\WS2_32.dll
0x00007ff851ef0000 - 0x00007ff851f02000 	C:\WINDOWS\SYSTEM32\kernel.appcore.dll
0x00007ff84edd0000 - 0x00007ff84ede0000 	C:\Program Files\Android\Android Studio\jbr\bin\verify.dll
0x00007ff851450000 - 0x00007ff851634000 	C:\WINDOWS\SYSTEM32\DBGHELP.DLL
0x00007ff8433c0000 - 0x00007ff8433f5000 	C:\WINDOWS\SYSTEM32\dbgcore.DLL
0x00007ff853d60000 - 0x00007ff853de2000 	C:\WINDOWS\System32\bcryptPrimitives.dll
0x00007ff84c390000 - 0x00007ff84c3b8000 	C:\Program Files\Android\Android Studio\jbr\bin\java.dll
0x00007ff84d740000 - 0x00007ff84d74a000 	C:\Program Files\Android\Android Studio\jbr\bin\jimage.dll
0x00007ff84b440000 - 0x00007ff84b458000 	C:\Program Files\Android\Android Studio\jbr\bin\zip.dll
0x00007ff854bb0000 - 0x00007ff8552f4000 	C:\WINDOWS\System32\SHELL32.dll
0x00007ff851640000 - 0x00007ff851dd2000 	C:\WINDOWS\SYSTEM32\windows.storage.dll
0x00007ff855630000 - 0x00007ff855985000 	C:\WINDOWS\System32\combase.dll
0x00007ff853060000 - 0x00007ff853090000 	C:\WINDOWS\SYSTEM32\Wldp.dll
0x00007ff855f00000 - 0x00007ff855fad000 	C:\WINDOWS\System32\SHCORE.dll
0x00007ff855420000 - 0x00007ff855475000 	C:\WINDOWS\System32\shlwapi.dll
0x00007ff853620000 - 0x00007ff85363f000 	C:\WINDOWS\SYSTEM32\profapi.dll
0x00007ff8498b0000 - 0x00007ff8498c9000 	C:\Program Files\Android\Android Studio\jbr\bin\net.dll
0x00007ff849ee0000 - 0x00007ff849fec000 	C:\WINDOWS\SYSTEM32\WINHTTP.dll
0x00007ff852e40000 - 0x00007ff852eaa000 	C:\WINDOWS\system32\mswsock.dll
0x00007ff847dc0000 - 0x00007ff847dd3000 	C:\Program Files\Android\Android Studio\jbr\bin\nio.dll
0x00007ff84ab30000 - 0x00007ff84ab4e000 	C:\Gradle\gradle-7.6\native\25\windows-amd64\native-platform.dll
0x00007ff84c500000 - 0x00007ff84c50a000 	C:\Program Files\Android\Android Studio\jbr\bin\management.dll
0x00007ff84c4d0000 - 0x00007ff84c4db000 	C:\Program Files\Android\Android Studio\jbr\bin\management_ext.dll
0x00007ff8533a0000 - 0x00007ff8533b8000 	C:\WINDOWS\SYSTEM32\CRYPTSP.dll
0x00007ff852710000 - 0x00007ff852744000 	C:\WINDOWS\system32\rsaenh.dll
0x00007ff853750000 - 0x00007ff853777000 	C:\WINDOWS\System32\bcrypt.dll
0x00007ff8535e0000 - 0x00007ff85360e000 	C:\WINDOWS\SYSTEM32\USERENV.dll
0x00007ff852fd0000 - 0x00007ff852fdc000 	C:\WINDOWS\SYSTEM32\CRYPTBASE.dll
0x00007ff852b00000 - 0x00007ff852b3b000 	C:\WINDOWS\SYSTEM32\IPHLPAPI.DLL
0x00007ff854980000 - 0x00007ff854988000 	C:\WINDOWS\System32\NSI.dll
0x00007ff84a340000 - 0x00007ff84a357000 	C:\WINDOWS\SYSTEM32\dhcpcsvc6.DLL
0x00007ff84a210000 - 0x00007ff84a22d000 	C:\WINDOWS\SYSTEM32\dhcpcsvc.DLL
0x00007ff852b40000 - 0x00007ff852c0a000 	C:\WINDOWS\SYSTEM32\DNSAPI.dll
0x00007ff852850000 - 0x00007ff852883000 	C:\WINDOWS\SYSTEM32\ntmarta.dll

dbghelp: loaded successfully - version: 4.0.5 - missing functions: none
symbol engine: initialized successfully - sym options: 0x614 - pdb path: .;C:\Program Files\Android\Android Studio\jbr\bin;C:\WINDOWS\SYSTEM32;C:\WINDOWS\WinSxS\amd64_microsoft.windows.common-controls_6595b64144ccf1df_6.0.19041.1110_none_60b5254171f9507e;C:\Program Files\Android\Android Studio\jbr\bin\server;C:\Gradle\gradle-7.6\native\25\windows-amd64

VM Arguments:
jvm_args: --add-opens=java.base/java.util=ALL-UNNAMED --add-opens=java.base/java.lang=ALL-UNNAMED --add-opens=java.base/java.lang.invoke=ALL-UNNAMED --add-opens=java.prefs/java.util.prefs=ALL-UNNAMED -Xmx1536m -Dfile.encoding=windows-1256 -Duser.country=US -Duser.language=en -Duser.variant 
java_command: org.gradle.launcher.daemon.bootstrap.GradleDaemon 5.1.1
java_class_path (initial): C:\Gradle\gradle-7.6\wrapper\dists\gradle-5.1.1-all\97z1ksx6lirer3kbvdnh7jtjg\gradle-5.1.1\lib\gradle-launcher-5.1.1.jar
Launcher Type: SUN_STANDARD

[Global flags]
     intx CICompilerCount                          = 4                                         {product} {ergonomic}
     uint ConcGCThreads                            = 2                                         {product} {ergonomic}
     uint G1ConcRefinementThreads                  = 8                                         {product} {ergonomic}
   size_t G1HeapRegionSize                         = 1048576                                   {product} {ergonomic}
    uintx GCDrainStackTargetSize                   = 64                                        {product} {ergonomic}
   size_t InitialHeapSize                          = 262144000                                 {product} {ergonomic}
   size_t MarkStackSize                            = 4194304                                   {product} {ergonomic}
   size_t MaxHeapSize                              = 1610612736                                {product} {command line}
   size_t MaxNewSize                               = 965738496                                 {product} {ergonomic}
   size_t MinHeapDeltaBytes                        = 1048576                                   {product} {ergonomic}
    uintx NonNMethodCodeHeapSize                   = 5836300                                {pd product} {ergonomic}
    uintx NonProfiledCodeHeapSize                  = 122910970                              {pd product} {ergonomic}
    uintx ProfiledCodeHeapSize                     = 122910970                              {pd product} {ergonomic}
    uintx ReservedCodeCacheSize                    = 251658240                              {pd product} {ergonomic}
     bool SegmentedCodeCache                       = true                                      {product} {ergonomic}
     bool UseCompressedClassPointers               = true                                 {lp64_product} {ergonomic}
     bool UseCompressedOops                        = true                                 {lp64_product} {ergonomic}
     bool UseG1GC                                  = true                                      {product} {ergonomic}
     bool UseLargePagesIndividualAllocation        = false                                  {pd product} {ergonomic}

Logging:
Log output configuration:
 #0: stdout all=warning uptime,level,tags
 #1: stderr all=off uptime,level,tags

Environment Variables:
JAVA_HOME=C:\Program Files\Java\jdk-19
PATH=C:\Program Files\Common Files\Oracle\Java\javapath;C:\Python311\Scripts\;C:\Python311\;C:\Program Files (x86)\VMware\VMware Player\bin\;C:\Python310\Scripts\;C:\Python310\;C:\Program Files (x86)\Common Files\Oracle\Java\javapath;C:\ProgramData\Oracle\Java\javapath;C:\Windows\system32;C:\Windows;C:\Windows\System32\Wbem;C:\Windows\System32\WindowsPowerShell\v1.0\;C:\Program Files (x86)\NVIDIA Corporation\PhysX\Common;C:\Program Files\Microsoft VS Code\bin;"C:\Program Files\Git\bin\git.exe;C:\Windows\System32";C:\Users\Dell\AppData\Local\Programs\Python\Python36\Scripts;C:\Users\Dell\AppData\Local\Programs\Python\Python36;C:\Program Files (x86)\Common Files\Ulead Systems\MPEG;E:\MATLAB\R2018a\runtime\win64;E:\MATLAB\R2018a\bin;C:\Program Files\Microsoft\Web Platform Installer\;C:\Program Files (x86)\Microsoft ASP.NET\ASP.NET Web Pages\v1.0\;C:\Program Files (x86)\Windows Kits\8.0\Windows Performance Toolkit\;C:\Program Files\Microsoft SQL Server\110\Tools\Binn\;C:\GnuWin32\bin;C:\xampp\php;C:\WINDOWS\system32;C:\WINDOWS;C:\WINDOWS\System32\Wbem;C:\WINDOWS\System32\WindowsPowerShell\v1.0\;C:\WINDOWS\System32\OpenSSH\;C:\composer;C:\ProgramData\chocolatey\bin;C:\metasploit-framework\bin\;C:\Program Files\dotnet\;C:\Program Files\Microsoft SQL Server\130\Tools\Binn\;C:\Program Files\Microsoft SQL Server\Client SDK\ODBC\170\Tools\Binn\;C:\Program Files\nodejs\;C:\Program Files\Git\cmd;C:\Program Files\Git LFS;C:\Program Files\PuTTY\;C:\Program Files\Docker\Docker\resources\bin;C:\Program Files\Java\jdk-19\bin;C:\Gradle\gradle-7.6\bin;C:\Users\Dell\AppData\Local\Programs\Python\Python37-32\Scripts\;C:\Users\Dell\AppData\Local\Programs\Python\Python37-32\;C:\Users\Dell\AppData\Local\Microsoft\WindowsApps;C:\Program Files\GIT\bin;C:\Program Files\JetBrains\PyCharm Community Edition 2019.1.3\bin;C:\Flex Windows\gcc\bin;C:\Flex Windows\Lex\bin;C:\Flex Windows\bison\bin;C:\Users\Dell\AppData\Roaming\Composer\vendor\bin;C:\Users\Dell\AppData\Local\Microsoft\WindowsApps;C:\Prog
USERNAME=Dell
OS=Windows_NT
PROCESSOR_IDENTIFIER=Intel64 Family 6 Model 94 Stepping 3, GenuineIntel



---------------  S Y S T E M  ---------------

OS: Windows 10 , 64 bit Build 19041 (10.0.19041.2364)
OS uptime: 1 days 23:45 hours
Hyper-V role detected

CPU:total 8 (initial active 8) (4 cores per cpu, 2 threads per core) family 6 model 94 stepping 3 microcode 0xcc, cmov, cx8, fxsr, mmx, sse, sse2, sse3, ssse3, sse4.1, sse4.2, popcnt, avx, avx2, aes, clmul, erms, rtm, 3dnowpref, lzcnt, ht, tsc, tscinvbit, bmi1, bmi2, adx, fma

Memory: 4k page, system-wide physical 15979M (787M free)
TotalPageFile size 15979M (AvailPageFile size 181M)
current process WorkingSet (physical memory assigned to process): 637M, peak: 640M
current process commit charge ("private bytes"): 696M, peak: 874M

vm_info: OpenJDK 64-Bit Server VM (11.0.15+0-b2043.56-8887301) for windows-amd64 JRE (11.0.15+0-b2043.56-8887301), built on Jul 29 2022 23:19:47 by "builduser" with unknown MS VC++:1929

END.
