#
# There is insufficient memory for the Java Runtime Environment to continue.
# Native memory allocation (malloc) failed to allocate 729376 bytes for Chunk::new
# Possible reasons:
#   The system is out of physical RAM or swap space
#   The process is running with CompressedOops enabled, and the Java Heap may be blocking the growth of the native heap
# Possible solutions:
#   Reduce memory load on the system
#   Increase physical memory or swap space
#   Check if swap backing store is full
#   Decrease Java heap size (-Xmx/-Xms)
#   Decrease number of Java threads
#   Decrease Java thread stack sizes (-Xss)
#   Set larger code cache with -XX:ReservedCodeCacheSize=
#   JVM is running with Unscaled Compressed Oops mode in which the Java heap is
#     placed in the first 4GB address space. The Java Heap base address is the
#     maximum limit for the native heap growth. Please use -XX:HeapBaseMinAddress
#     to set the Java Heap base and to place the Java Heap above 4GB virtual address.
# This output file may be truncated or incomplete.
#
#  Out of Memory Error (arena.cpp:184), pid=5440, tid=1168
#
# JRE version: Java(TM) SE Runtime Environment (19.0.2+7) (build 19.0.2+7-44)
# Java VM: Java HotSpot(TM) 64-Bit Server VM (19.0.2+7-44, mixed mode, sharing, tiered, compressed oops, compressed class ptrs, g1 gc, windows-amd64)
# No core dump will be written. Minidumps are not enabled by default on client versions of Windows
#

---------------  S U M M A R Y ------------

Command Line: --add-opens=java.base/java.util=ALL-UNNAMED --add-opens=java.base/java.lang=ALL-UNNAMED --add-opens=java.base/java.lang.invoke=ALL-UNNAMED --add-opens=java.prefs/java.util.prefs=ALL-UNNAMED --add-opens=java.base/java.nio.charset=ALL-UNNAMED --add-opens=java.base/java.net=ALL-UNNAMED --add-opens=java.base/java.util.concurrent.atomic=ALL-UNNAMED -Xmx1536m -Dfile.encoding=UTF-8 -Duser.country=US -Duser.language=en -Duser.variant org.gradle.launcher.daemon.bootstrap.GradleDaemon 7.6

Host: Intel(R) Core(TM) i7-6820HQ CPU @ 2.70GHz, 8 cores, 15G,  Windows 10 , 64 bit Build 19041 (10.0.19041.2364)
Time: Fri Feb  3 21:26:44 2023 Arab Standard Time elapsed time: 5.202023 seconds (0d 0h 0m 5s)

---------------  T H R E A D  ---------------

Current thread (0x000002199c2603e0):  JavaThread "C2 CompilerThread1" daemon [_thread_in_native, id=1168, stack(0x000000e14cf00000,0x000000e14d000000)]


Current CompileTask:
C2:   5202 2393   !   4       java.lang.ClassLoader::loadClass (121 bytes)

Stack: [0x000000e14cf00000,0x000000e14d000000]
Native frames: (J=compiled Java code, j=interpreted, Vv=VM code, C=native code)
V  [jvm.dll+0x6ee21a]
V  [jvm.dll+0x85765e]
V  [jvm.dll+0x85904e]
V  [jvm.dll+0x859703]
V  [jvm.dll+0x28298f]
V  [jvm.dll+0xc9adf]
V  [jvm.dll+0xc9e65]
V  [jvm.dll+0x2f7caf]
V  [jvm.dll+0x5f076b]
V  [jvm.dll+0x255483]
V  [jvm.dll+0x24dd00]
V  [jvm.dll+0x24b673]
V  [jvm.dll+0x1d6ce1]
V  [jvm.dll+0x25b25a]
V  [jvm.dll+0x2596e8]
V  [jvm.dll+0x807588]
V  [jvm.dll+0x80125a]
V  [jvm.dll+0x6ecf0b]
C  [ucrtbase.dll+0x21bb2]
C  [KERNEL32.DLL+0x17614]
C  [ntdll.dll+0x526a1]


---------------  P R O C E S S  ---------------

Threads class SMR info:
_java_thread_list=0x000002199cb29530, length=26, elements={
0x00000219f8522de0, 0x00000219fecbe8d0, 0x000002199b002850, 0x000002199b008d10,
0x000002199b00c8e0, 0x000002199b0101e0, 0x000002199b013400, 0x000002199b0234f0,
0x000002199b045290, 0x000002199b0496f0, 0x000002199b04ac30, 0x000002199b04a6e0,
0x000002199c2603e0, 0x000002199b04b180, 0x000002199b049c40, 0x000002199b048700,
0x000002199b048c50, 0x000002199b0491a0, 0x000002199b047c60, 0x000002199b04a190,
0x000002199b0481b0, 0x000002199c8bf910, 0x000002199c8c6df0, 0x000002199c8c58b0,
0x000002199c8c1e40, 0x000002199c8c5360
}

Java Threads: ( => current thread )
  0x00000219f8522de0 JavaThread "main" [_thread_blocked, id=16100, stack(0x000000e14bc00000,0x000000e14bd00000)]
  0x00000219fecbe8d0 JavaThread "Reference Handler" daemon [_thread_blocked, id=8608, stack(0x000000e14c300000,0x000000e14c400000)]
  0x000002199b002850 JavaThread "Finalizer" daemon [_thread_blocked, id=19196, stack(0x000000e14c400000,0x000000e14c500000)]
  0x000002199b008d10 JavaThread "Signal Dispatcher" daemon [_thread_blocked, id=17428, stack(0x000000e14c500000,0x000000e14c600000)]
  0x000002199b00c8e0 JavaThread "Attach Listener" daemon [_thread_blocked, id=13964, stack(0x000000e14c600000,0x000000e14c700000)]
  0x000002199b0101e0 JavaThread "Service Thread" daemon [_thread_blocked, id=17728, stack(0x000000e14c700000,0x000000e14c800000)]
  0x000002199b013400 JavaThread "Monitor Deflation Thread" daemon [_thread_blocked, id=21276, stack(0x000000e14c800000,0x000000e14c900000)]
  0x000002199b0234f0 JavaThread "C2 CompilerThread0" daemon [_thread_in_native, id=11668, stack(0x000000e14c900000,0x000000e14ca00000)]
  0x000002199b045290 JavaThread "C1 CompilerThread0" daemon [_thread_blocked, id=4124, stack(0x000000e14ca00000,0x000000e14cb00000)]
  0x000002199b0496f0 JavaThread "Sweeper thread" daemon [_thread_blocked, id=14488, stack(0x000000e14cb00000,0x000000e14cc00000)]
  0x000002199b04ac30 JavaThread "Common-Cleaner" daemon [_thread_blocked, id=19088, stack(0x000000e14cc00000,0x000000e14cd00000)]
  0x000002199b04a6e0 JavaThread "Notification Thread" daemon [_thread_blocked, id=1108, stack(0x000000e14cd00000,0x000000e14ce00000)]
=>0x000002199c2603e0 JavaThread "C2 CompilerThread1" daemon [_thread_in_native, id=1168, stack(0x000000e14cf00000,0x000000e14d000000)]
  0x000002199b04b180 JavaThread "Daemon health stats" [_thread_blocked, id=1496, stack(0x000000e14d700000,0x000000e14d800000)]
  0x000002199b049c40 JavaThread "Incoming local TCP Connector on port 7358" [_thread_in_native, id=9728, stack(0x000000e14d800000,0x000000e14d900000)]
  0x000002199b048700 JavaThread "Daemon periodic checks" [_thread_blocked, id=9600, stack(0x000000e14d900000,0x000000e14da00000)]
  0x000002199b048c50 JavaThread "Daemon" [_thread_blocked, id=3920, stack(0x000000e14da00000,0x000000e14db00000)]
  0x000002199b0491a0 JavaThread "Handler for socket connection from /127.0.0.1:7358 to /127.0.0.1:7359" [_thread_in_native, id=6268, stack(0x000000e14db00000,0x000000e14dc00000)]
  0x000002199b047c60 JavaThread "Cancel handler" [_thread_blocked, id=6820, stack(0x000000e14dc00000,0x000000e14dd00000)]
  0x000002199b04a190 JavaThread "Daemon worker" [_thread_in_Java, id=3200, stack(0x000000e14dd00000,0x000000e14de00000)]
  0x000002199b0481b0 JavaThread "Asynchronous log dispatcher for DefaultDaemonConnection: socket connection from /127.0.0.1:7358 to /127.0.0.1:7359" [_thread_blocked, id=21020, stack(0x000000e14de00000,0x000000e14df00000)]
  0x000002199c8bf910 JavaThread "Stdin handler" [_thread_blocked, id=17484, stack(0x000000e14df00000,0x000000e14e000000)]
  0x000002199c8c6df0 JavaThread "Daemon client event forwarder" [_thread_blocked, id=2928, stack(0x000000e14e000000,0x000000e14e100000)]
  0x000002199c8c58b0 JavaThread "Cache worker for journal cache (C:\Users\Dell\.gradle\caches\journal-1)" [_thread_blocked, id=12588, stack(0x000000e14e100000,0x000000e14e200000)]
  0x000002199c8c1e40 JavaThread "File lock request listener" [_thread_in_native, id=14908, stack(0x000000e14e200000,0x000000e14e300000)]
  0x000002199c8c5360 JavaThread "Cache worker for file hash cache (C:\Users\Dell\.gradle\caches\7.6\fileHashes)" [_thread_blocked, id=2520, stack(0x000000e14e300000,0x000000e14e400000)]

Other Threads:
  0x00000219feca5e40 VMThread "VM Thread" [stack: 0x000000e14c200000,0x000000e14c300000] [id=20112]
  0x000002199b1a4010 WatcherThread "VM Periodic Task Thread" [stack: 0x000000e14ce00000,0x000000e14cf00000] [id=18720]
  0x00000219f8572ed0 WorkerThread "GC Thread#0" [stack: 0x000000e14bd00000,0x000000e14be00000] [id=13624]
  0x00000219feca6980 WorkerThread "GC Thread#1" [stack: 0x000000e14d000000,0x000000e14d100000] [id=14788]
  0x00000219feca6c50 WorkerThread "GC Thread#2" [stack: 0x000000e14d100000,0x000000e14d200000] [id=7152]
  0x00000219feca55d0 WorkerThread "GC Thread#3" [stack: 0x000000e14d200000,0x000000e14d300000] [id=14724]
  0x00000219feca58a0 WorkerThread "GC Thread#4" [stack: 0x000000e14d300000,0x000000e14d400000] [id=15640]
  0x00000219feca6110 WorkerThread "GC Thread#5" [stack: 0x000000e14d400000,0x000000e14d500000] [id=18840]
  0x000002199c5f9fa0 WorkerThread "GC Thread#6" [stack: 0x000000e14d500000,0x000000e14d600000] [id=5652]
  0x000002199c5f8920 WorkerThread "GC Thread#7" [stack: 0x000000e14d600000,0x000000e14d700000] [id=6932]
  0x00000219f8580ef0 ConcurrentGCThread "G1 Main Marker" [stack: 0x000000e14be00000,0x000000e14bf00000] [id=20696]
  0x00000219f8582840 WorkerThread "G1 Conc#0" [stack: 0x000000e14bf00000,0x000000e14c000000] [id=13684]
  0x00000219feb65600 ConcurrentGCThread "G1 Refine#0" [stack: 0x000000e14c000000,0x000000e14c100000] [id=5488]
  0x00000219feb65f50 ConcurrentGCThread "G1 Service" [stack: 0x000000e14c100000,0x000000e14c200000] [id=9784]

Threads with active compile tasks:
C2 CompilerThread0     5251 2375       4       java.lang.invoke.MethodType::makeImpl (109 bytes)
C2 CompilerThread1     5251 2393   !   4       java.lang.ClassLoader::loadClass (121 bytes)

VM state: not at safepoint (normal execution)

VM Mutex/Monitor currently owned by a thread: None

Heap address: 0x00000000a0000000, size: 1536 MB, Compressed Oops mode: 32-bit

CDS archive(s) mapped at: [0x0000000800000000-0x0000000800c40000-0x0000000800c40000), size 12845056, SharedBaseAddress: 0x0000000800000000, ArchiveRelocationMode: 0.
Compressed class space mapped at: 0x0000000801000000-0x0000000841000000, reserved size: 1073741824
Narrow klass base: 0x0000000800000000, Narrow klass shift: 0, Narrow klass range: 0x100000000

GC Precious Log:
 CardTable entry size: 512
 Card Set container configuration: InlinePtr #cards 5 size 8 Array Of Cards #cards 12 size 40 Howl #buckets 4 coarsen threshold 1843 Howl Bitmap #cards 512 size 80 coarsen threshold 460 Card regions per heap region 1 cards per card region 2048
 CPUs: 8 total, 8 available
 Memory: 15979M
 Large Page Support: Disabled
 NUMA Support: Disabled
 Compressed Oops: Enabled (32-bit)
 Heap Region Size: 1M
 Heap Min Capacity: 8M
 Heap Initial Capacity: 250M
 Heap Max Capacity: 1536M
 Pre-touch: Disabled
 Parallel Workers: 8
 Concurrent Workers: 2
 Concurrent Refinement Workers: 8
 Periodic GC: Disabled

Heap:
 garbage-first heap   total 256000K, used 60765K [0x00000000a0000000, 0x0000000100000000)
  region size 1024K, 50 young (51200K), 4 survivors (4096K)
 Metaspace       used 15419K, committed 15936K, reserved 1114112K
  class space    used 2137K, committed 2368K, reserved 1048576K

Heap Regions: E=young(eden), S=young(survivor), O=old, HS=humongous(starts), HC=humongous(continues), CS=collection set, F=free, OA=open archive, CA=closed archive, TAMS=top-at-mark-start (previous, next)
|   0|0x00000000a0000000, 0x00000000a0100000, 0x00000000a0100000|100%|HS|  |TAMS 0x00000000a0000000, 0x00000000a0000000| Complete 
|   1|0x00000000a0100000, 0x00000000a0200000, 0x00000000a0200000|100%|HC|  |TAMS 0x00000000a0100000, 0x00000000a0100000| Complete 
|   2|0x00000000a0200000, 0x00000000a0300000, 0x00000000a0300000|100%|HC|  |TAMS 0x00000000a0200000, 0x00000000a0200000| Complete 
|   3|0x00000000a0300000, 0x00000000a0400000, 0x00000000a0400000|100%| O|  |TAMS 0x00000000a0300000, 0x00000000a0300000| Untracked 
|   4|0x00000000a0400000, 0x00000000a0500000, 0x00000000a0500000|100%| O|  |TAMS 0x00000000a0400000, 0x00000000a0400000| Untracked 
|   5|0x00000000a0500000, 0x00000000a0600000, 0x00000000a0600000|100%| O|  |TAMS 0x00000000a0500000, 0x00000000a0500000| Untracked 
|   6|0x00000000a0600000, 0x00000000a0700000, 0x00000000a0700000|100%| O|  |TAMS 0x00000000a0600000, 0x00000000a0600000| Untracked 
|   7|0x00000000a0700000, 0x00000000a0700000, 0x00000000a0800000|  0%| F|  |TAMS 0x00000000a0700000, 0x00000000a0700000| Untracked 
|   8|0x00000000a0800000, 0x00000000a0900000, 0x00000000a0900000|100%| O|  |TAMS 0x00000000a0800000, 0x00000000a0800000| Untracked 
|   9|0x00000000a0900000, 0x00000000a0a00000, 0x00000000a0a00000|100%| O|  |TAMS 0x00000000a0900000, 0x00000000a0900000| Untracked 
|  10|0x00000000a0a00000, 0x00000000a0b00000, 0x00000000a0b00000|100%| O|  |TAMS 0x00000000a0a00000, 0x00000000a0a00000| Untracked 
|  11|0x00000000a0b00000, 0x00000000a0b57400, 0x00000000a0c00000| 34%| O|  |TAMS 0x00000000a0b00000, 0x00000000a0b00000| Untracked 
|  12|0x00000000a0c00000, 0x00000000a0c00000, 0x00000000a0d00000|  0%| F|  |TAMS 0x00000000a0c00000, 0x00000000a0c00000| Untracked 
|  13|0x00000000a0d00000, 0x00000000a0d00000, 0x00000000a0e00000|  0%| F|  |TAMS 0x00000000a0d00000, 0x00000000a0d00000| Untracked 
|  14|0x00000000a0e00000, 0x00000000a0e00000, 0x00000000a0f00000|  0%| F|  |TAMS 0x00000000a0e00000, 0x00000000a0e00000| Untracked 
|  15|0x00000000a0f00000, 0x00000000a0f00000, 0x00000000a1000000|  0%| F|  |TAMS 0x00000000a0f00000, 0x00000000a0f00000| Untracked 
|  16|0x00000000a1000000, 0x00000000a1000000, 0x00000000a1100000|  0%| F|  |TAMS 0x00000000a1000000, 0x00000000a1000000| Untracked 
|  17|0x00000000a1100000, 0x00000000a1100000, 0x00000000a1200000|  0%| F|  |TAMS 0x00000000a1100000, 0x00000000a1100000| Untracked 
|  18|0x00000000a1200000, 0x00000000a1200000, 0x00000000a1300000|  0%| F|  |TAMS 0x00000000a1200000, 0x00000000a1200000| Untracked 
|  19|0x00000000a1300000, 0x00000000a1300000, 0x00000000a1400000|  0%| F|  |TAMS 0x00000000a1300000, 0x00000000a1300000| Untracked 
|  20|0x00000000a1400000, 0x00000000a1400000, 0x00000000a1500000|  0%| F|  |TAMS 0x00000000a1400000, 0x00000000a1400000| Untracked 
|  21|0x00000000a1500000, 0x00000000a1500000, 0x00000000a1600000|  0%| F|  |TAMS 0x00000000a1500000, 0x00000000a1500000| Untracked 
|  22|0x00000000a1600000, 0x00000000a1600000, 0x00000000a1700000|  0%| F|  |TAMS 0x00000000a1600000, 0x00000000a1600000| Untracked 
|  23|0x00000000a1700000, 0x00000000a1700000, 0x00000000a1800000|  0%| F|  |TAMS 0x00000000a1700000, 0x00000000a1700000| Untracked 
|  24|0x00000000a1800000, 0x00000000a1800000, 0x00000000a1900000|  0%| F|  |TAMS 0x00000000a1800000, 0x00000000a1800000| Untracked 
|  25|0x00000000a1900000, 0x00000000a1900000, 0x00000000a1a00000|  0%| F|  |TAMS 0x00000000a1900000, 0x00000000a1900000| Untracked 
|  26|0x00000000a1a00000, 0x00000000a1a00000, 0x00000000a1b00000|  0%| F|  |TAMS 0x00000000a1a00000, 0x00000000a1a00000| Untracked 
|  27|0x00000000a1b00000, 0x00000000a1b00000, 0x00000000a1c00000|  0%| F|  |TAMS 0x00000000a1b00000, 0x00000000a1b00000| Untracked 
|  28|0x00000000a1c00000, 0x00000000a1c00000, 0x00000000a1d00000|  0%| F|  |TAMS 0x00000000a1c00000, 0x00000000a1c00000| Untracked 
|  29|0x00000000a1d00000, 0x00000000a1d00000, 0x00000000a1e00000|  0%| F|  |TAMS 0x00000000a1d00000, 0x00000000a1d00000| Untracked 
|  30|0x00000000a1e00000, 0x00000000a1e00000, 0x00000000a1f00000|  0%| F|  |TAMS 0x00000000a1e00000, 0x00000000a1e00000| Untracked 
|  31|0x00000000a1f00000, 0x00000000a1f00000, 0x00000000a2000000|  0%| F|  |TAMS 0x00000000a1f00000, 0x00000000a1f00000| Untracked 
|  32|0x00000000a2000000, 0x00000000a2000000, 0x00000000a2100000|  0%| F|  |TAMS 0x00000000a2000000, 0x00000000a2000000| Untracked 
|  33|0x00000000a2100000, 0x00000000a2100000, 0x00000000a2200000|  0%| F|  |TAMS 0x00000000a2100000, 0x00000000a2100000| Untracked 
|  34|0x00000000a2200000, 0x00000000a2200000, 0x00000000a2300000|  0%| F|  |TAMS 0x00000000a2200000, 0x00000000a2200000| Untracked 
|  35|0x00000000a2300000, 0x00000000a2300000, 0x00000000a2400000|  0%| F|  |TAMS 0x00000000a2300000, 0x00000000a2300000| Untracked 
|  36|0x00000000a2400000, 0x00000000a2400000, 0x00000000a2500000|  0%| F|  |TAMS 0x00000000a2400000, 0x00000000a2400000| Untracked 
|  37|0x00000000a2500000, 0x00000000a2500000, 0x00000000a2600000|  0%| F|  |TAMS 0x00000000a2500000, 0x00000000a2500000| Untracked 
|  38|0x00000000a2600000, 0x00000000a2600000, 0x00000000a2700000|  0%| F|  |TAMS 0x00000000a2600000, 0x00000000a2600000| Untracked 
|  39|0x00000000a2700000, 0x00000000a2700000, 0x00000000a2800000|  0%| F|  |TAMS 0x00000000a2700000, 0x00000000a2700000| Untracked 
|  40|0x00000000a2800000, 0x00000000a2800000, 0x00000000a2900000|  0%| F|  |TAMS 0x00000000a2800000, 0x00000000a2800000| Untracked 
|  41|0x00000000a2900000, 0x00000000a2900000, 0x00000000a2a00000|  0%| F|  |TAMS 0x00000000a2900000, 0x00000000a2900000| Untracked 
|  42|0x00000000a2a00000, 0x00000000a2a00000, 0x00000000a2b00000|  0%| F|  |TAMS 0x00000000a2a00000, 0x00000000a2a00000| Untracked 
|  43|0x00000000a2b00000, 0x00000000a2b00000, 0x00000000a2c00000|  0%| F|  |TAMS 0x00000000a2b00000, 0x00000000a2b00000| Untracked 
|  44|0x00000000a2c00000, 0x00000000a2c00000, 0x00000000a2d00000|  0%| F|  |TAMS 0x00000000a2c00000, 0x00000000a2c00000| Untracked 
|  45|0x00000000a2d00000, 0x00000000a2d00000, 0x00000000a2e00000|  0%| F|  |TAMS 0x00000000a2d00000, 0x00000000a2d00000| Untracked 
|  46|0x00000000a2e00000, 0x00000000a2e00000, 0x00000000a2f00000|  0%| F|  |TAMS 0x00000000a2e00000, 0x00000000a2e00000| Untracked 
|  47|0x00000000a2f00000, 0x00000000a2f00000, 0x00000000a3000000|  0%| F|  |TAMS 0x00000000a2f00000, 0x00000000a2f00000| Untracked 
|  48|0x00000000a3000000, 0x00000000a3000000, 0x00000000a3100000|  0%| F|  |TAMS 0x00000000a3000000, 0x00000000a3000000| Untracked 
|  49|0x00000000a3100000, 0x00000000a3100000, 0x00000000a3200000|  0%| F|  |TAMS 0x00000000a3100000, 0x00000000a3100000| Untracked 
|  50|0x00000000a3200000, 0x00000000a3200000, 0x00000000a3300000|  0%| F|  |TAMS 0x00000000a3200000, 0x00000000a3200000| Untracked 
|  51|0x00000000a3300000, 0x00000000a3300000, 0x00000000a3400000|  0%| F|  |TAMS 0x00000000a3300000, 0x00000000a3300000| Untracked 
|  52|0x00000000a3400000, 0x00000000a3400000, 0x00000000a3500000|  0%| F|  |TAMS 0x00000000a3400000, 0x00000000a3400000| Untracked 
|  53|0x00000000a3500000, 0x00000000a3500000, 0x00000000a3600000|  0%| F|  |TAMS 0x00000000a3500000, 0x00000000a3500000| Untracked 
|  54|0x00000000a3600000, 0x00000000a3600000, 0x00000000a3700000|  0%| F|  |TAMS 0x00000000a3600000, 0x00000000a3600000| Untracked 
|  55|0x00000000a3700000, 0x00000000a3700000, 0x00000000a3800000|  0%| F|  |TAMS 0x00000000a3700000, 0x00000000a3700000| Untracked 
|  56|0x00000000a3800000, 0x00000000a3800000, 0x00000000a3900000|  0%| F|  |TAMS 0x00000000a3800000, 0x00000000a3800000| Untracked 
|  57|0x00000000a3900000, 0x00000000a3900000, 0x00000000a3a00000|  0%| F|  |TAMS 0x00000000a3900000, 0x00000000a3900000| Untracked 
|  58|0x00000000a3a00000, 0x00000000a3a00000, 0x00000000a3b00000|  0%| F|  |TAMS 0x00000000a3a00000, 0x00000000a3a00000| Untracked 
|  59|0x00000000a3b00000, 0x00000000a3b00000, 0x00000000a3c00000|  0%| F|  |TAMS 0x00000000a3b00000, 0x00000000a3b00000| Untracked 
|  60|0x00000000a3c00000, 0x00000000a3c00000, 0x00000000a3d00000|  0%| F|  |TAMS 0x00000000a3c00000, 0x00000000a3c00000| Untracked 
|  61|0x00000000a3d00000, 0x00000000a3d00000, 0x00000000a3e00000|  0%| F|  |TAMS 0x00000000a3d00000, 0x00000000a3d00000| Untracked 
|  62|0x00000000a3e00000, 0x00000000a3e00000, 0x00000000a3f00000|  0%| F|  |TAMS 0x00000000a3e00000, 0x00000000a3e00000| Untracked 
|  63|0x00000000a3f00000, 0x00000000a3f00000, 0x00000000a4000000|  0%| F|  |TAMS 0x00000000a3f00000, 0x00000000a3f00000| Untracked 
|  64|0x00000000a4000000, 0x00000000a4000000, 0x00000000a4100000|  0%| F|  |TAMS 0x00000000a4000000, 0x00000000a4000000| Untracked 
|  65|0x00000000a4100000, 0x00000000a4100000, 0x00000000a4200000|  0%| F|  |TAMS 0x00000000a4100000, 0x00000000a4100000| Untracked 
|  66|0x00000000a4200000, 0x00000000a4200000, 0x00000000a4300000|  0%| F|  |TAMS 0x00000000a4200000, 0x00000000a4200000| Untracked 
|  67|0x00000000a4300000, 0x00000000a4300000, 0x00000000a4400000|  0%| F|  |TAMS 0x00000000a4300000, 0x00000000a4300000| Untracked 
|  68|0x00000000a4400000, 0x00000000a4400000, 0x00000000a4500000|  0%| F|  |TAMS 0x00000000a4400000, 0x00000000a4400000| Untracked 
|  69|0x00000000a4500000, 0x00000000a4500000, 0x00000000a4600000|  0%| F|  |TAMS 0x00000000a4500000, 0x00000000a4500000| Untracked 
|  70|0x00000000a4600000, 0x00000000a4600000, 0x00000000a4700000|  0%| F|  |TAMS 0x00000000a4600000, 0x00000000a4600000| Untracked 
|  71|0x00000000a4700000, 0x00000000a4700000, 0x00000000a4800000|  0%| F|  |TAMS 0x00000000a4700000, 0x00000000a4700000| Untracked 
|  72|0x00000000a4800000, 0x00000000a4800000, 0x00000000a4900000|  0%| F|  |TAMS 0x00000000a4800000, 0x00000000a4800000| Untracked 
|  73|0x00000000a4900000, 0x00000000a4900000, 0x00000000a4a00000|  0%| F|  |TAMS 0x00000000a4900000, 0x00000000a4900000| Untracked 
|  74|0x00000000a4a00000, 0x00000000a4a00000, 0x00000000a4b00000|  0%| F|  |TAMS 0x00000000a4a00000, 0x00000000a4a00000| Untracked 
|  75|0x00000000a4b00000, 0x00000000a4b00000, 0x00000000a4c00000|  0%| F|  |TAMS 0x00000000a4b00000, 0x00000000a4b00000| Untracked 
|  76|0x00000000a4c00000, 0x00000000a4c00000, 0x00000000a4d00000|  0%| F|  |TAMS 0x00000000a4c00000, 0x00000000a4c00000| Untracked 
|  77|0x00000000a4d00000, 0x00000000a4d00000, 0x00000000a4e00000|  0%| F|  |TAMS 0x00000000a4d00000, 0x00000000a4d00000| Untracked 
|  78|0x00000000a4e00000, 0x00000000a4e00000, 0x00000000a4f00000|  0%| F|  |TAMS 0x00000000a4e00000, 0x00000000a4e00000| Untracked 
|  79|0x00000000a4f00000, 0x00000000a4f00000, 0x00000000a5000000|  0%| F|  |TAMS 0x00000000a4f00000, 0x00000000a4f00000| Untracked 
|  80|0x00000000a5000000, 0x00000000a5000000, 0x00000000a5100000|  0%| F|  |TAMS 0x00000000a5000000, 0x00000000a5000000| Untracked 
|  81|0x00000000a5100000, 0x00000000a5100000, 0x00000000a5200000|  0%| F|  |TAMS 0x00000000a5100000, 0x00000000a5100000| Untracked 
|  82|0x00000000a5200000, 0x00000000a5200000, 0x00000000a5300000|  0%| F|  |TAMS 0x00000000a5200000, 0x00000000a5200000| Untracked 
|  83|0x00000000a5300000, 0x00000000a5300000, 0x00000000a5400000|  0%| F|  |TAMS 0x00000000a5300000, 0x00000000a5300000| Untracked 
|  84|0x00000000a5400000, 0x00000000a5400000, 0x00000000a5500000|  0%| F|  |TAMS 0x00000000a5400000, 0x00000000a5400000| Untracked 
|  85|0x00000000a5500000, 0x00000000a5500000, 0x00000000a5600000|  0%| F|  |TAMS 0x00000000a5500000, 0x00000000a5500000| Untracked 
|  86|0x00000000a5600000, 0x00000000a5600000, 0x00000000a5700000|  0%| F|  |TAMS 0x00000000a5600000, 0x00000000a5600000| Untracked 
|  87|0x00000000a5700000, 0x00000000a5700000, 0x00000000a5800000|  0%| F|  |TAMS 0x00000000a5700000, 0x00000000a5700000| Untracked 
|  88|0x00000000a5800000, 0x00000000a5800000, 0x00000000a5900000|  0%| F|  |TAMS 0x00000000a5800000, 0x00000000a5800000| Untracked 
|  89|0x00000000a5900000, 0x00000000a5900000, 0x00000000a5a00000|  0%| F|  |TAMS 0x00000000a5900000, 0x00000000a5900000| Untracked 
|  90|0x00000000a5a00000, 0x00000000a5a00000, 0x00000000a5b00000|  0%| F|  |TAMS 0x00000000a5a00000, 0x00000000a5a00000| Untracked 
|  91|0x00000000a5b00000, 0x00000000a5b00000, 0x00000000a5c00000|  0%| F|  |TAMS 0x00000000a5b00000, 0x00000000a5b00000| Untracked 
|  92|0x00000000a5c00000, 0x00000000a5c00000, 0x00000000a5d00000|  0%| F|  |TAMS 0x00000000a5c00000, 0x00000000a5c00000| Untracked 
|  93|0x00000000a5d00000, 0x00000000a5d00000, 0x00000000a5e00000|  0%| F|  |TAMS 0x00000000a5d00000, 0x00000000a5d00000| Untracked 
|  94|0x00000000a5e00000, 0x00000000a5e00000, 0x00000000a5f00000|  0%| F|  |TAMS 0x00000000a5e00000, 0x00000000a5e00000| Untracked 
|  95|0x00000000a5f00000, 0x00000000a5f00000, 0x00000000a6000000|  0%| F|  |TAMS 0x00000000a5f00000, 0x00000000a5f00000| Untracked 
|  96|0x00000000a6000000, 0x00000000a6000000, 0x00000000a6100000|  0%| F|  |TAMS 0x00000000a6000000, 0x00000000a6000000| Untracked 
|  97|0x00000000a6100000, 0x00000000a6100000, 0x00000000a6200000|  0%| F|  |TAMS 0x00000000a6100000, 0x00000000a6100000| Untracked 
|  98|0x00000000a6200000, 0x00000000a6200000, 0x00000000a6300000|  0%| F|  |TAMS 0x00000000a6200000, 0x00000000a6200000| Untracked 
|  99|0x00000000a6300000, 0x00000000a6300000, 0x00000000a6400000|  0%| F|  |TAMS 0x00000000a6300000, 0x00000000a6300000| Untracked 
| 100|0x00000000a6400000, 0x00000000a6400000, 0x00000000a6500000|  0%| F|  |TAMS 0x00000000a6400000, 0x00000000a6400000| Untracked 
| 101|0x00000000a6500000, 0x00000000a6500000, 0x00000000a6600000|  0%| F|  |TAMS 0x00000000a6500000, 0x00000000a6500000| Untracked 
| 102|0x00000000a6600000, 0x00000000a6600000, 0x00000000a6700000|  0%| F|  |TAMS 0x00000000a6600000, 0x00000000a6600000| Untracked 
| 103|0x00000000a6700000, 0x00000000a6700000, 0x00000000a6800000|  0%| F|  |TAMS 0x00000000a6700000, 0x00000000a6700000| Untracked 
| 104|0x00000000a6800000, 0x00000000a6800000, 0x00000000a6900000|  0%| F|  |TAMS 0x00000000a6800000, 0x00000000a6800000| Untracked 
| 105|0x00000000a6900000, 0x00000000a6900000, 0x00000000a6a00000|  0%| F|  |TAMS 0x00000000a6900000, 0x00000000a6900000| Untracked 
| 106|0x00000000a6a00000, 0x00000000a6a00000, 0x00000000a6b00000|  0%| F|  |TAMS 0x00000000a6a00000, 0x00000000a6a00000| Untracked 
| 107|0x00000000a6b00000, 0x00000000a6b00000, 0x00000000a6c00000|  0%| F|  |TAMS 0x00000000a6b00000, 0x00000000a6b00000| Untracked 
| 108|0x00000000a6c00000, 0x00000000a6c00000, 0x00000000a6d00000|  0%| F|  |TAMS 0x00000000a6c00000, 0x00000000a6c00000| Untracked 
| 109|0x00000000a6d00000, 0x00000000a6d00000, 0x00000000a6e00000|  0%| F|  |TAMS 0x00000000a6d00000, 0x00000000a6d00000| Untracked 
| 110|0x00000000a6e00000, 0x00000000a6e00000, 0x00000000a6f00000|  0%| F|  |TAMS 0x00000000a6e00000, 0x00000000a6e00000| Untracked 
| 111|0x00000000a6f00000, 0x00000000a6f00000, 0x00000000a7000000|  0%| F|  |TAMS 0x00000000a6f00000, 0x00000000a6f00000| Untracked 
| 112|0x00000000a7000000, 0x00000000a7000000, 0x00000000a7100000|  0%| F|  |TAMS 0x00000000a7000000, 0x00000000a7000000| Untracked 
| 113|0x00000000a7100000, 0x00000000a7100000, 0x00000000a7200000|  0%| F|  |TAMS 0x00000000a7100000, 0x00000000a7100000| Untracked 
| 114|0x00000000a7200000, 0x00000000a7200000, 0x00000000a7300000|  0%| F|  |TAMS 0x00000000a7200000, 0x00000000a7200000| Untracked 
| 115|0x00000000a7300000, 0x00000000a7300000, 0x00000000a7400000|  0%| F|  |TAMS 0x00000000a7300000, 0x00000000a7300000| Untracked 
| 116|0x00000000a7400000, 0x00000000a7400000, 0x00000000a7500000|  0%| F|  |TAMS 0x00000000a7400000, 0x00000000a7400000| Untracked 
| 117|0x00000000a7500000, 0x00000000a7500000, 0x00000000a7600000|  0%| F|  |TAMS 0x00000000a7500000, 0x00000000a7500000| Untracked 
| 118|0x00000000a7600000, 0x00000000a7600000, 0x00000000a7700000|  0%| F|  |TAMS 0x00000000a7600000, 0x00000000a7600000| Untracked 
| 119|0x00000000a7700000, 0x00000000a7700000, 0x00000000a7800000|  0%| F|  |TAMS 0x00000000a7700000, 0x00000000a7700000| Untracked 
| 120|0x00000000a7800000, 0x00000000a7800000, 0x00000000a7900000|  0%| F|  |TAMS 0x00000000a7800000, 0x00000000a7800000| Untracked 
| 121|0x00000000a7900000, 0x00000000a7900000, 0x00000000a7a00000|  0%| F|  |TAMS 0x00000000a7900000, 0x00000000a7900000| Untracked 
| 122|0x00000000a7a00000, 0x00000000a7a00000, 0x00000000a7b00000|  0%| F|  |TAMS 0x00000000a7a00000, 0x00000000a7a00000| Untracked 
| 123|0x00000000a7b00000, 0x00000000a7b00000, 0x00000000a7c00000|  0%| F|  |TAMS 0x00000000a7b00000, 0x00000000a7b00000| Untracked 
| 124|0x00000000a7c00000, 0x00000000a7c00000, 0x00000000a7d00000|  0%| F|  |TAMS 0x00000000a7c00000, 0x00000000a7c00000| Untracked 
| 125|0x00000000a7d00000, 0x00000000a7d00000, 0x00000000a7e00000|  0%| F|  |TAMS 0x00000000a7d00000, 0x00000000a7d00000| Untracked 
| 126|0x00000000a7e00000, 0x00000000a7e00000, 0x00000000a7f00000|  0%| F|  |TAMS 0x00000000a7e00000, 0x00000000a7e00000| Untracked 
| 127|0x00000000a7f00000, 0x00000000a7f00000, 0x00000000a8000000|  0%| F|  |TAMS 0x00000000a7f00000, 0x00000000a7f00000| Untracked 
| 128|0x00000000a8000000, 0x00000000a8000000, 0x00000000a8100000|  0%| F|  |TAMS 0x00000000a8000000, 0x00000000a8000000| Untracked 
| 129|0x00000000a8100000, 0x00000000a8100000, 0x00000000a8200000|  0%| F|  |TAMS 0x00000000a8100000, 0x00000000a8100000| Untracked 
| 130|0x00000000a8200000, 0x00000000a8200000, 0x00000000a8300000|  0%| F|  |TAMS 0x00000000a8200000, 0x00000000a8200000| Untracked 
| 131|0x00000000a8300000, 0x00000000a8300000, 0x00000000a8400000|  0%| F|  |TAMS 0x00000000a8300000, 0x00000000a8300000| Untracked 
| 132|0x00000000a8400000, 0x00000000a8400000, 0x00000000a8500000|  0%| F|  |TAMS 0x00000000a8400000, 0x00000000a8400000| Untracked 
| 133|0x00000000a8500000, 0x00000000a8500000, 0x00000000a8600000|  0%| F|  |TAMS 0x00000000a8500000, 0x00000000a8500000| Untracked 
| 134|0x00000000a8600000, 0x00000000a8600000, 0x00000000a8700000|  0%| F|  |TAMS 0x00000000a8600000, 0x00000000a8600000| Untracked 
| 135|0x00000000a8700000, 0x00000000a8700000, 0x00000000a8800000|  0%| F|  |TAMS 0x00000000a8700000, 0x00000000a8700000| Untracked 
| 136|0x00000000a8800000, 0x00000000a8800000, 0x00000000a8900000|  0%| F|  |TAMS 0x00000000a8800000, 0x00000000a8800000| Untracked 
| 137|0x00000000a8900000, 0x00000000a8900000, 0x00000000a8a00000|  0%| F|  |TAMS 0x00000000a8900000, 0x00000000a8900000| Untracked 
| 138|0x00000000a8a00000, 0x00000000a8a00000, 0x00000000a8b00000|  0%| F|  |TAMS 0x00000000a8a00000, 0x00000000a8a00000| Untracked 
| 139|0x00000000a8b00000, 0x00000000a8b00000, 0x00000000a8c00000|  0%| F|  |TAMS 0x00000000a8b00000, 0x00000000a8b00000| Untracked 
| 140|0x00000000a8c00000, 0x00000000a8c00000, 0x00000000a8d00000|  0%| F|  |TAMS 0x00000000a8c00000, 0x00000000a8c00000| Untracked 
| 141|0x00000000a8d00000, 0x00000000a8d00000, 0x00000000a8e00000|  0%| F|  |TAMS 0x00000000a8d00000, 0x00000000a8d00000| Untracked 
| 142|0x00000000a8e00000, 0x00000000a8e00000, 0x00000000a8f00000|  0%| F|  |TAMS 0x00000000a8e00000, 0x00000000a8e00000| Untracked 
| 143|0x00000000a8f00000, 0x00000000a8f00000, 0x00000000a9000000|  0%| F|  |TAMS 0x00000000a8f00000, 0x00000000a8f00000| Untracked 
| 144|0x00000000a9000000, 0x00000000a9000000, 0x00000000a9100000|  0%| F|  |TAMS 0x00000000a9000000, 0x00000000a9000000| Untracked 
| 145|0x00000000a9100000, 0x00000000a9100000, 0x00000000a9200000|  0%| F|  |TAMS 0x00000000a9100000, 0x00000000a9100000| Untracked 
| 146|0x00000000a9200000, 0x00000000a9200000, 0x00000000a9300000|  0%| F|  |TAMS 0x00000000a9200000, 0x00000000a9200000| Untracked 
| 147|0x00000000a9300000, 0x00000000a9300000, 0x00000000a9400000|  0%| F|  |TAMS 0x00000000a9300000, 0x00000000a9300000| Untracked 
| 148|0x00000000a9400000, 0x00000000a9400000, 0x00000000a9500000|  0%| F|  |TAMS 0x00000000a9400000, 0x00000000a9400000| Untracked 
| 149|0x00000000a9500000, 0x00000000a9500000, 0x00000000a9600000|  0%| F|  |TAMS 0x00000000a9500000, 0x00000000a9500000| Untracked 
| 150|0x00000000a9600000, 0x00000000a9600000, 0x00000000a9700000|  0%| F|  |TAMS 0x00000000a9600000, 0x00000000a9600000| Untracked 
| 151|0x00000000a9700000, 0x00000000a9700000, 0x00000000a9800000|  0%| F|  |TAMS 0x00000000a9700000, 0x00000000a9700000| Untracked 
| 152|0x00000000a9800000, 0x00000000a9800000, 0x00000000a9900000|  0%| F|  |TAMS 0x00000000a9800000, 0x00000000a9800000| Untracked 
| 153|0x00000000a9900000, 0x00000000a9900000, 0x00000000a9a00000|  0%| F|  |TAMS 0x00000000a9900000, 0x00000000a9900000| Untracked 
| 154|0x00000000a9a00000, 0x00000000a9a00000, 0x00000000a9b00000|  0%| F|  |TAMS 0x00000000a9a00000, 0x00000000a9a00000| Untracked 
| 155|0x00000000a9b00000, 0x00000000a9b00000, 0x00000000a9c00000|  0%| F|  |TAMS 0x00000000a9b00000, 0x00000000a9b00000| Untracked 
| 156|0x00000000a9c00000, 0x00000000a9c00000, 0x00000000a9d00000|  0%| F|  |TAMS 0x00000000a9c00000, 0x00000000a9c00000| Untracked 
| 157|0x00000000a9d00000, 0x00000000a9d00000, 0x00000000a9e00000|  0%| F|  |TAMS 0x00000000a9d00000, 0x00000000a9d00000| Untracked 
| 158|0x00000000a9e00000, 0x00000000a9e00000, 0x00000000a9f00000|  0%| F|  |TAMS 0x00000000a9e00000, 0x00000000a9e00000| Untracked 
| 159|0x00000000a9f00000, 0x00000000a9f00000, 0x00000000aa000000|  0%| F|  |TAMS 0x00000000a9f00000, 0x00000000a9f00000| Untracked 
| 160|0x00000000aa000000, 0x00000000aa000000, 0x00000000aa100000|  0%| F|  |TAMS 0x00000000aa000000, 0x00000000aa000000| Untracked 
| 161|0x00000000aa100000, 0x00000000aa100000, 0x00000000aa200000|  0%| F|  |TAMS 0x00000000aa100000, 0x00000000aa100000| Untracked 
| 162|0x00000000aa200000, 0x00000000aa200000, 0x00000000aa300000|  0%| F|  |TAMS 0x00000000aa200000, 0x00000000aa200000| Untracked 
| 163|0x00000000aa300000, 0x00000000aa300000, 0x00000000aa400000|  0%| F|  |TAMS 0x00000000aa300000, 0x00000000aa300000| Untracked 
| 164|0x00000000aa400000, 0x00000000aa400000, 0x00000000aa500000|  0%| F|  |TAMS 0x00000000aa400000, 0x00000000aa400000| Untracked 
| 165|0x00000000aa500000, 0x00000000aa500000, 0x00000000aa600000|  0%| F|  |TAMS 0x00000000aa500000, 0x00000000aa500000| Untracked 
| 166|0x00000000aa600000, 0x00000000aa600000, 0x00000000aa700000|  0%| F|  |TAMS 0x00000000aa600000, 0x00000000aa600000| Untracked 
| 167|0x00000000aa700000, 0x00000000aa700000, 0x00000000aa800000|  0%| F|  |TAMS 0x00000000aa700000, 0x00000000aa700000| Untracked 
| 168|0x00000000aa800000, 0x00000000aa800000, 0x00000000aa900000|  0%| F|  |TAMS 0x00000000aa800000, 0x00000000aa800000| Untracked 
| 169|0x00000000aa900000, 0x00000000aa900000, 0x00000000aaa00000|  0%| F|  |TAMS 0x00000000aa900000, 0x00000000aa900000| Untracked 
| 170|0x00000000aaa00000, 0x00000000aaa00000, 0x00000000aab00000|  0%| F|  |TAMS 0x00000000aaa00000, 0x00000000aaa00000| Untracked 
| 171|0x00000000aab00000, 0x00000000aab00000, 0x00000000aac00000|  0%| F|  |TAMS 0x00000000aab00000, 0x00000000aab00000| Untracked 
| 172|0x00000000aac00000, 0x00000000aac00000, 0x00000000aad00000|  0%| F|  |TAMS 0x00000000aac00000, 0x00000000aac00000| Untracked 
| 173|0x00000000aad00000, 0x00000000aad00000, 0x00000000aae00000|  0%| F|  |TAMS 0x00000000aad00000, 0x00000000aad00000| Untracked 
| 174|0x00000000aae00000, 0x00000000aae00000, 0x00000000aaf00000|  0%| F|  |TAMS 0x00000000aae00000, 0x00000000aae00000| Untracked 
| 175|0x00000000aaf00000, 0x00000000aaf00000, 0x00000000ab000000|  0%| F|  |TAMS 0x00000000aaf00000, 0x00000000aaf00000| Untracked 
| 176|0x00000000ab000000, 0x00000000ab000000, 0x00000000ab100000|  0%| F|  |TAMS 0x00000000ab000000, 0x00000000ab000000| Untracked 
| 177|0x00000000ab100000, 0x00000000ab100000, 0x00000000ab200000|  0%| F|  |TAMS 0x00000000ab100000, 0x00000000ab100000| Untracked 
| 178|0x00000000ab200000, 0x00000000ab200000, 0x00000000ab300000|  0%| F|  |TAMS 0x00000000ab200000, 0x00000000ab200000| Untracked 
| 179|0x00000000ab300000, 0x00000000ab300000, 0x00000000ab400000|  0%| F|  |TAMS 0x00000000ab300000, 0x00000000ab300000| Untracked 
| 180|0x00000000ab400000, 0x00000000ab400000, 0x00000000ab500000|  0%| F|  |TAMS 0x00000000ab400000, 0x00000000ab400000| Untracked 
| 181|0x00000000ab500000, 0x00000000ab500000, 0x00000000ab600000|  0%| F|  |TAMS 0x00000000ab500000, 0x00000000ab500000| Untracked 
| 182|0x00000000ab600000, 0x00000000ab600000, 0x00000000ab700000|  0%| F|  |TAMS 0x00000000ab600000, 0x00000000ab600000| Untracked 
| 183|0x00000000ab700000, 0x00000000ab700000, 0x00000000ab800000|  0%| F|  |TAMS 0x00000000ab700000, 0x00000000ab700000| Untracked 
| 184|0x00000000ab800000, 0x00000000ab800000, 0x00000000ab900000|  0%| F|  |TAMS 0x00000000ab800000, 0x00000000ab800000| Untracked 
| 185|0x00000000ab900000, 0x00000000ab900000, 0x00000000aba00000|  0%| F|  |TAMS 0x00000000ab900000, 0x00000000ab900000| Untracked 
| 186|0x00000000aba00000, 0x00000000aba00000, 0x00000000abb00000|  0%| F|  |TAMS 0x00000000aba00000, 0x00000000aba00000| Untracked 
| 187|0x00000000abb00000, 0x00000000abb00000, 0x00000000abc00000|  0%| F|  |TAMS 0x00000000abb00000, 0x00000000abb00000| Untracked 
| 188|0x00000000abc00000, 0x00000000abc00000, 0x00000000abd00000|  0%| F|  |TAMS 0x00000000abc00000, 0x00000000abc00000| Untracked 
| 189|0x00000000abd00000, 0x00000000abd00000, 0x00000000abe00000|  0%| F|  |TAMS 0x00000000abd00000, 0x00000000abd00000| Untracked 
| 190|0x00000000abe00000, 0x00000000abe00000, 0x00000000abf00000|  0%| F|  |TAMS 0x00000000abe00000, 0x00000000abe00000| Untracked 
| 191|0x00000000abf00000, 0x00000000abf00000, 0x00000000ac000000|  0%| F|  |TAMS 0x00000000abf00000, 0x00000000abf00000| Untracked 
| 192|0x00000000ac000000, 0x00000000ac000000, 0x00000000ac100000|  0%| F|  |TAMS 0x00000000ac000000, 0x00000000ac000000| Untracked 
| 193|0x00000000ac100000, 0x00000000ac100000, 0x00000000ac200000|  0%| F|  |TAMS 0x00000000ac100000, 0x00000000ac100000| Untracked 
| 194|0x00000000ac200000, 0x00000000ac200000, 0x00000000ac300000|  0%| F|  |TAMS 0x00000000ac200000, 0x00000000ac200000| Untracked 
| 195|0x00000000ac300000, 0x00000000ac300000, 0x00000000ac400000|  0%| F|  |TAMS 0x00000000ac300000, 0x00000000ac300000| Untracked 
| 196|0x00000000ac400000, 0x00000000ac400000, 0x00000000ac500000|  0%| F|  |TAMS 0x00000000ac400000, 0x00000000ac400000| Untracked 
| 197|0x00000000ac500000, 0x00000000ac500000, 0x00000000ac600000|  0%| F|  |TAMS 0x00000000ac500000, 0x00000000ac500000| Untracked 
| 198|0x00000000ac600000, 0x00000000ac600000, 0x00000000ac700000|  0%| F|  |TAMS 0x00000000ac600000, 0x00000000ac600000| Untracked 
| 199|0x00000000ac700000, 0x00000000ac781c10, 0x00000000ac800000| 50%| E|  |TAMS 0x00000000ac700000, 0x00000000ac700000| Complete 
| 200|0x00000000ac800000, 0x00000000ac900000, 0x00000000ac900000|100%| E|CS|TAMS 0x00000000ac800000, 0x00000000ac800000| Complete 
| 201|0x00000000ac900000, 0x00000000aca00000, 0x00000000aca00000|100%| E|CS|TAMS 0x00000000ac900000, 0x00000000ac900000| Complete 
| 202|0x00000000aca00000, 0x00000000acb00000, 0x00000000acb00000|100%| E|CS|TAMS 0x00000000aca00000, 0x00000000aca00000| Complete 
| 203|0x00000000acb00000, 0x00000000acc00000, 0x00000000acc00000|100%| E|CS|TAMS 0x00000000acb00000, 0x00000000acb00000| Complete 
| 204|0x00000000acc00000, 0x00000000acd00000, 0x00000000acd00000|100%| E|CS|TAMS 0x00000000acc00000, 0x00000000acc00000| Complete 
| 205|0x00000000acd00000, 0x00000000ace00000, 0x00000000ace00000|100%| E|CS|TAMS 0x00000000acd00000, 0x00000000acd00000| Complete 
| 206|0x00000000ace00000, 0x00000000acf00000, 0x00000000acf00000|100%| E|CS|TAMS 0x00000000ace00000, 0x00000000ace00000| Complete 
| 207|0x00000000acf00000, 0x00000000ad000000, 0x00000000ad000000|100%| E|CS|TAMS 0x00000000acf00000, 0x00000000acf00000| Complete 
| 208|0x00000000ad000000, 0x00000000ad100000, 0x00000000ad100000|100%| E|CS|TAMS 0x00000000ad000000, 0x00000000ad000000| Complete 
| 209|0x00000000ad100000, 0x00000000ad200000, 0x00000000ad200000|100%| E|CS|TAMS 0x00000000ad100000, 0x00000000ad100000| Complete 
| 210|0x00000000ad200000, 0x00000000ad300000, 0x00000000ad300000|100%| E|CS|TAMS 0x00000000ad200000, 0x00000000ad200000| Complete 
| 211|0x00000000ad300000, 0x00000000ad400000, 0x00000000ad400000|100%| E|CS|TAMS 0x00000000ad300000, 0x00000000ad300000| Complete 
| 212|0x00000000ad400000, 0x00000000ad500000, 0x00000000ad500000|100%| E|CS|TAMS 0x00000000ad400000, 0x00000000ad400000| Complete 
| 213|0x00000000ad500000, 0x00000000ad600000, 0x00000000ad600000|100%| E|CS|TAMS 0x00000000ad500000, 0x00000000ad500000| Complete 
| 214|0x00000000ad600000, 0x00000000ad700000, 0x00000000ad700000|100%| S|CS|TAMS 0x00000000ad600000, 0x00000000ad600000| Complete 
| 215|0x00000000ad700000, 0x00000000ad800000, 0x00000000ad800000|100%| S|CS|TAMS 0x00000000ad700000, 0x00000000ad700000| Complete 
| 216|0x00000000ad800000, 0x00000000ad900000, 0x00000000ad900000|100%| S|CS|TAMS 0x00000000ad800000, 0x00000000ad800000| Complete 
| 217|0x00000000ad900000, 0x00000000ada00000, 0x00000000ada00000|100%| S|CS|TAMS 0x00000000ad900000, 0x00000000ad900000| Complete 
| 218|0x00000000ada00000, 0x00000000adb00000, 0x00000000adb00000|100%| E|CS|TAMS 0x00000000ada00000, 0x00000000ada00000| Complete 
| 219|0x00000000adb00000, 0x00000000adc00000, 0x00000000adc00000|100%| E|CS|TAMS 0x00000000adb00000, 0x00000000adb00000| Complete 
| 220|0x00000000adc00000, 0x00000000add00000, 0x00000000add00000|100%| E|CS|TAMS 0x00000000adc00000, 0x00000000adc00000| Complete 
| 221|0x00000000add00000, 0x00000000ade00000, 0x00000000ade00000|100%| E|CS|TAMS 0x00000000add00000, 0x00000000add00000| Complete 
| 222|0x00000000ade00000, 0x00000000adf00000, 0x00000000adf00000|100%| E|CS|TAMS 0x00000000ade00000, 0x00000000ade00000| Complete 
| 223|0x00000000adf00000, 0x00000000ae000000, 0x00000000ae000000|100%| E|CS|TAMS 0x00000000adf00000, 0x00000000adf00000| Complete 
| 224|0x00000000ae000000, 0x00000000ae100000, 0x00000000ae100000|100%| E|CS|TAMS 0x00000000ae000000, 0x00000000ae000000| Complete 
| 225|0x00000000ae100000, 0x00000000ae200000, 0x00000000ae200000|100%| E|CS|TAMS 0x00000000ae100000, 0x00000000ae100000| Complete 
| 226|0x00000000ae200000, 0x00000000ae300000, 0x00000000ae300000|100%| E|CS|TAMS 0x00000000ae200000, 0x00000000ae200000| Complete 
| 227|0x00000000ae300000, 0x00000000ae400000, 0x00000000ae400000|100%| E|CS|TAMS 0x00000000ae300000, 0x00000000ae300000| Complete 
| 228|0x00000000ae400000, 0x00000000ae500000, 0x00000000ae500000|100%| E|CS|TAMS 0x00000000ae400000, 0x00000000ae400000| Complete 
| 229|0x00000000ae500000, 0x00000000ae600000, 0x00000000ae600000|100%| E|CS|TAMS 0x00000000ae500000, 0x00000000ae500000| Complete 
| 230|0x00000000ae600000, 0x00000000ae700000, 0x00000000ae700000|100%| E|CS|TAMS 0x00000000ae600000, 0x00000000ae600000| Complete 
| 231|0x00000000ae700000, 0x00000000ae800000, 0x00000000ae800000|100%| E|CS|TAMS 0x00000000ae700000, 0x00000000ae700000| Complete 
| 232|0x00000000ae800000, 0x00000000ae900000, 0x00000000ae900000|100%| E|CS|TAMS 0x00000000ae800000, 0x00000000ae800000| Complete 
| 233|0x00000000ae900000, 0x00000000aea00000, 0x00000000aea00000|100%| E|CS|TAMS 0x00000000ae900000, 0x00000000ae900000| Complete 
| 234|0x00000000aea00000, 0x00000000aeb00000, 0x00000000aeb00000|100%| E|CS|TAMS 0x00000000aea00000, 0x00000000aea00000| Complete 
| 235|0x00000000aeb00000, 0x00000000aec00000, 0x00000000aec00000|100%| E|CS|TAMS 0x00000000aeb00000, 0x00000000aeb00000| Complete 
| 236|0x00000000aec00000, 0x00000000aed00000, 0x00000000aed00000|100%| E|CS|TAMS 0x00000000aec00000, 0x00000000aec00000| Complete 
| 237|0x00000000aed00000, 0x00000000aee00000, 0x00000000aee00000|100%| E|CS|TAMS 0x00000000aed00000, 0x00000000aed00000| Complete 
| 238|0x00000000aee00000, 0x00000000aef00000, 0x00000000aef00000|100%| E|CS|TAMS 0x00000000aee00000, 0x00000000aee00000| Complete 
| 239|0x00000000aef00000, 0x00000000af000000, 0x00000000af000000|100%| E|CS|TAMS 0x00000000aef00000, 0x00000000aef00000| Complete 
| 240|0x00000000af000000, 0x00000000af100000, 0x00000000af100000|100%| E|CS|TAMS 0x00000000af000000, 0x00000000af000000| Complete 
| 241|0x00000000af100000, 0x00000000af200000, 0x00000000af200000|100%| E|CS|TAMS 0x00000000af100000, 0x00000000af100000| Complete 
| 242|0x00000000af200000, 0x00000000af300000, 0x00000000af300000|100%| E|CS|TAMS 0x00000000af200000, 0x00000000af200000| Complete 
| 243|0x00000000af300000, 0x00000000af400000, 0x00000000af400000|100%| E|CS|TAMS 0x00000000af300000, 0x00000000af300000| Complete 
| 244|0x00000000af400000, 0x00000000af500000, 0x00000000af500000|100%| E|CS|TAMS 0x00000000af400000, 0x00000000af400000| Complete 
| 245|0x00000000af500000, 0x00000000af600000, 0x00000000af600000|100%| E|CS|TAMS 0x00000000af500000, 0x00000000af500000| Complete 
| 246|0x00000000af600000, 0x00000000af700000, 0x00000000af700000|100%| E|CS|TAMS 0x00000000af600000, 0x00000000af600000| Complete 
| 247|0x00000000af700000, 0x00000000af800000, 0x00000000af800000|100%| E|CS|TAMS 0x00000000af700000, 0x00000000af700000| Complete 
| 248|0x00000000af800000, 0x00000000af900000, 0x00000000af900000|100%| E|CS|TAMS 0x00000000af800000, 0x00000000af800000| Complete 
| 249|0x00000000af900000, 0x00000000afa00000, 0x00000000afa00000|100%| E|CS|TAMS 0x00000000af900000, 0x00000000af900000| Complete 

Card table byte_map: [0x00000219f8c30000,0x00000219f8f30000] _byte_map_base: 0x00000219f8730000

Marking Bits (Prev, Next): (CMBitMap*) 0x00000219f8574420, (CMBitMap*) 0x00000219f8574460
 Prev Bits: [0x00000219f9230000, 0x00000219faa30000)
 Next Bits: [0x00000219faa30000, 0x00000219fc230000)

Polling page: 0x00000219f64e0000

Metaspace:

Usage:
  Non-class:     13.04 MB used.
      Class:      2.10 MB used.
       Both:     15.14 MB used.

Virtual space:
  Non-class space:       64.00 MB reserved,      13.25 MB ( 21%) committed,  1 nodes.
      Class space:        1.00 GB reserved,       2.31 MB ( <1%) committed,  1 nodes.
             Both:        1.06 GB reserved,      15.56 MB (  1%) committed. 

Chunk freelists:
   Non-Class:  2.75 MB
       Class:  1.62 MB
        Both:  4.38 MB

MaxMetaspaceSize: unlimited
CompressedClassSpaceSize: 1.00 GB
Initial GC threshold: 21.00 MB
Current GC threshold: 21.00 MB
CDS: on
MetaspaceReclaimPolicy: balanced
 - commit_granule_bytes: 65536.
 - commit_granule_words: 8192.
 - virtual_space_node_default_size: 8388608.
 - enlarge_chunks_in_place: 1.
 - new_chunks_are_fully_committed: 0.
 - uncommit_free_chunks: 1.
 - use_allocation_guard: 0.


Internal statistics:

num_allocs_failed_limit: 0.
num_arena_births: 680.
num_arena_deaths: 0.
num_vsnodes_births: 2.
num_vsnodes_deaths: 0.
num_space_committed: 249.
num_space_uncommitted: 0.
num_chunks_returned_to_freelist: 0.
num_chunks_taken_from_freelist: 1259.
num_chunk_merges: 0.
num_chunk_splits: 820.
num_chunks_enlarged: 534.
num_inconsistent_stats: 0.

CodeHeap 'non-profiled nmethods': size=120000Kb used=1107Kb max_used=1107Kb free=118892Kb
 bounds [0x000002198f970000, 0x000002198fbe0000, 0x0000021996ea0000]
CodeHeap 'profiled nmethods': size=120000Kb used=4901Kb max_used=4901Kb free=115099Kb
 bounds [0x0000021987ea0000, 0x0000021988370000, 0x000002198f3d0000]
CodeHeap 'non-nmethods': size=5760Kb used=1318Kb max_used=1356Kb free=4442Kb
 bounds [0x000002198f3d0000, 0x000002198f640000, 0x000002198f970000]
 total_blobs=2996 nmethods=2452 adapters=454
 compilation: enabled
              stopped_count=0, restarted_count=0
 full_count=0

Compilation events (20 events):
Event: 5.172 Thread 0x000002199b045290 2423       3       java.util.LinkedHashMap$LinkedValueIterator::next (8 bytes)
Event: 5.172 Thread 0x000002199b045290 nmethod 2423 0x0000021988353c90 code [0x0000021988353e40, 0x0000021988353f88]
Event: 5.177 Thread 0x000002199b045290 2424       3       java.lang.invoke.MethodType::invokers (27 bytes)
Event: 5.178 Thread 0x000002199b045290 nmethod 2424 0x0000021988354090 code [0x0000021988354260, 0x00000219883546b8]
Event: 5.178 Thread 0x000002199b045290 2425       3       java.lang.invoke.Invokers::cachedInvoker (7 bytes)
Event: 5.178 Thread 0x000002199b045290 nmethod 2425 0x0000021988354810 code [0x00000219883549a0, 0x0000021988354ad8]
Event: 5.179 Thread 0x000002199b045290 2429       3       java.lang.invoke.Invokers::basicInvoker (103 bytes)
Event: 5.180 Thread 0x000002199b045290 nmethod 2429 0x0000021988354b90 code [0x0000021988354e40, 0x0000021988355888]
Event: 5.180 Thread 0x000002199b045290 2430       3       java.lang.invoke.MethodType::methodType (44 bytes)
Event: 5.180 Thread 0x000002199b045290 nmethod 2430 0x0000021988355d10 code [0x0000021988355f00, 0x00000219883563c8]
Event: 5.181 Thread 0x000002199b045290 2431       3       java.lang.invoke.LambdaForm::<init> (13 bytes)
Event: 5.181 Thread 0x000002199b045290 nmethod 2431 0x0000021988356510 code [0x00000219883566c0, 0x0000021988356808]
Event: 5.181 Thread 0x000002199b045290 2432       3       java.lang.invoke.LambdaFormBuffer::setNames (22 bytes)
Event: 5.181 Thread 0x000002199b045290 nmethod 2432 0x0000021988356890 code [0x0000021988356a40, 0x0000021988356c18]
Event: 5.181 Thread 0x000002199b045290 2433       3       java.util.ArrayList::clear (43 bytes)
Event: 5.181 Thread 0x000002199b045290 nmethod 2433 0x0000021988356d10 code [0x0000021988356ec0, 0x0000021988357238]
Event: 5.181 Thread 0x000002199b045290 2434       3       java.lang.invoke.LambdaFormBuffer::nameArray (15 bytes)
Event: 5.181 Thread 0x000002199b045290 nmethod 2434 0x0000021988357390 code [0x0000021988357540, 0x0000021988357808]
Event: 5.192 Thread 0x000002199b045290 2436       1       java.lang.reflect.Constructor::getRoot (5 bytes)
Event: 5.192 Thread 0x000002199b045290 nmethod 2436 0x000002198fa84710 code [0x000002198fa848a0, 0x000002198fa84958]

GC Heap History (4 events):
Event: 0.724 GC heap before
{Heap before GC invocations=0 (full 0):
 garbage-first heap   total 256000K, used 25600K [0x00000000a0000000, 0x0000000100000000)
  region size 1024K, 23 young (23552K), 0 survivors (0K)
 Metaspace       used 3816K, committed 4032K, reserved 1114112K
  class space    used 466K, committed 576K, reserved 1048576K
}
Event: 0.729 GC heap after
{Heap after GC invocations=1 (full 0):
 garbage-first heap   total 256000K, used 9413K [0x00000000a0000000, 0x0000000100000000)
  region size 1024K, 3 young (3072K), 3 survivors (3072K)
 Metaspace       used 3816K, committed 4032K, reserved 1114112K
  class space    used 466K, committed 576K, reserved 1048576K
}
Event: 3.820 GC heap before
{Heap before GC invocations=1 (full 0):
 garbage-first heap   total 256000K, used 39109K [0x00000000a0000000, 0x0000000100000000)
  region size 1024K, 32 young (32768K), 3 survivors (3072K)
 Metaspace       used 4946K, committed 5248K, reserved 1114112K
  class space    used 636K, committed 768K, reserved 1048576K
}
Event: 3.825 GC heap after
{Heap after GC invocations=2 (full 0):
 garbage-first heap   total 256000K, used 14685K [0x00000000a0000000, 0x0000000100000000)
  region size 1024K, 4 young (4096K), 4 survivors (4096K)
 Metaspace       used 4946K, committed 5248K, reserved 1114112K
  class space    used 636K, committed 768K, reserved 1048576K
}

Dll operation events (13 events):
Event: 0.007 Loaded shared library C:\Program Files\Java\jdk-19\bin\java.dll
Event: 0.018 Loaded shared library C:\Program Files\Java\jdk-19\bin\jsvml.dll
Event: 0.063 Loaded shared library C:\Program Files\Java\jdk-19\bin\net.dll
Event: 0.065 Loaded shared library C:\Program Files\Java\jdk-19\bin\nio.dll
Event: 0.069 Loaded shared library C:\Program Files\Java\jdk-19\bin\zip.dll
Event: 0.240 Loaded shared library C:\Program Files\Java\jdk-19\bin\jimage.dll
Event: 0.295 Loaded shared library C:\Program Files\Java\jdk-19\bin\verify.dll
Event: 0.490 Loaded shared library C:\Users\Dell\.gradle\native\68d5fa5c4cc2d200863cafc0d521ce42e7d3e7ee720ec0a83991735586a16f82\windows-amd64\native-platform.dll
Event: 0.513 Loaded shared library C:\Users\Dell\.gradle\native\e376f236ea51e6404a007f0833ffe2c6e607c4080706a723a18a27aeea778392\windows-amd64\native-platform-file-events.dll
Event: 3.837 Loaded shared library C:\Program Files\Java\jdk-19\bin\management.dll
Event: 3.839 Loaded shared library C:\Program Files\Java\jdk-19\bin\management_ext.dll
Event: 4.074 Loaded shared library C:\Program Files\Java\jdk-19\bin\extnet.dll
Event: 4.507 Loaded shared library C:\Program Files\Java\jdk-19\bin\sunmscapi.dll

Deoptimization events (20 events):
Event: 4.860 Thread 0x000002199b04a190 Uncommon trap: trap_request=0xffffff45 fr.pc=0x000002198f98ebdc relative=0x0000000000000c3c
Event: 4.860 Thread 0x000002199b04a190 Uncommon trap: reason=unstable_if action=reinterpret pc=0x000002198f98ebdc method=java.io.WinNTFileSystem.resolve(Ljava/lang/String;Ljava/lang/String;)Ljava/lang/String; @ 19 c2
Event: 4.860 Thread 0x000002199b04a190 DEOPT PACKING pc=0x000002198f98ebdc sp=0x000000e14ddfd1c0
Event: 4.860 Thread 0x000002199b04a190 DEOPT UNPACKING pc=0x000002198f436da3 sp=0x000000e14ddfd158 mode 2
Event: 4.861 Thread 0x000002199b04a190 Uncommon trap: trap_request=0xffffff45 fr.pc=0x000002198f9d7354 relative=0x0000000000000614
Event: 4.861 Thread 0x000002199b04a190 Uncommon trap: reason=unstable_if action=reinterpret pc=0x000002198f9d7354 method=java.io.File.getName()Ljava/lang/String; @ 16 c2
Event: 4.861 Thread 0x000002199b04a190 DEOPT PACKING pc=0x000002198f9d7354 sp=0x000000e14ddfd170
Event: 4.861 Thread 0x000002199b04a190 DEOPT UNPACKING pc=0x000002198f436da3 sp=0x000000e14ddfd140 mode 2
Event: 5.043 Thread 0x000002199b04a190 Uncommon trap: trap_request=0xffffff45 fr.pc=0x000002198fa32714 relative=0x0000000000000074
Event: 5.043 Thread 0x000002199b04a190 Uncommon trap: reason=unstable_if action=reinterpret pc=0x000002198fa32714 method=jdk.internal.misc.Unsafe.convEndian(ZI)I @ 4 c2
Event: 5.043 Thread 0x000002199b04a190 DEOPT PACKING pc=0x000002198fa32714 sp=0x000000e14ddfaf70
Event: 5.043 Thread 0x000002199b04a190 DEOPT UNPACKING pc=0x000002198f436da3 sp=0x000000e14ddfae78 mode 2
Event: 5.125 Thread 0x000002199b04a190 Uncommon trap: trap_request=0xffffff45 fr.pc=0x000002198f9adb04 relative=0x00000000000000e4
Event: 5.125 Thread 0x000002199b04a190 Uncommon trap: reason=unstable_if action=reinterpret pc=0x000002198f9adb04 method=java.util.HashMap.hash(Ljava/lang/Object;)I @ 1 c2
Event: 5.125 Thread 0x000002199b04a190 DEOPT PACKING pc=0x000002198f9adb04 sp=0x000000e14ddfbd50
Event: 5.125 Thread 0x000002199b04a190 DEOPT UNPACKING pc=0x000002198f436da3 sp=0x000000e14ddfbc90 mode 2
Event: 5.172 Thread 0x000002199b04a190 Uncommon trap: trap_request=0xffffffcc fr.pc=0x000002198fa7dd84 relative=0x0000000000000364
Event: 5.172 Thread 0x000002199b04a190 Uncommon trap: reason=intrinsic_or_type_checked_inlining action=make_not_entrant pc=0x000002198fa7dd84 method=java.util.Arrays.copyOf([Ljava/lang/Object;ILjava/lang/Class;)[Ljava/lang/Object; @ 35 c2
Event: 5.172 Thread 0x000002199b04a190 DEOPT PACKING pc=0x000002198fa7dd84 sp=0x000000e14ddfbfd0
Event: 5.172 Thread 0x000002199b04a190 DEOPT UNPACKING pc=0x000002198f436da3 sp=0x000000e14ddfbf78 mode 2

Classes loaded (20 events):
Event: 5.071 Loading class java/nio/file/attribute/PosixFilePermissions$1
Event: 5.072 Loading class java/nio/file/attribute/PosixFilePermissions$1 done
Event: 5.073 Loading class java/util/concurrent/Semaphore
Event: 5.073 Loading class java/util/concurrent/Semaphore done
Event: 5.075 Loading class java/nio/file/FileVisitOption
Event: 5.075 Loading class java/nio/file/FileVisitOption done
Event: 5.078 Loading class java/util/stream/ReduceOps$1
Event: 5.078 Loading class java/util/stream/ReduceOps$1 done
Event: 5.078 Loading class java/util/stream/ReduceOps$1ReducingSink
Event: 5.078 Loading class java/util/stream/ReduceOps$1ReducingSink done
Event: 5.089 Loading class java/io/ObjectOutputStream
Event: 5.089 Loading class java/io/ObjectOutput
Event: 5.089 Loading class java/io/ObjectOutput done
Event: 5.090 Loading class java/io/ObjectStreamConstants
Event: 5.090 Loading class java/io/ObjectStreamConstants done
Event: 5.090 Loading class java/io/ObjectOutputStream done
Event: 5.090 Loading class java/io/ObjectInputStream
Event: 5.090 Loading class java/io/ObjectInput
Event: 5.090 Loading class java/io/ObjectInput done
Event: 5.091 Loading class java/io/ObjectInputStream done

Classes unloaded (0 events):
No events

Classes redefined (0 events):
No events

Internal exceptions (20 events):
Event: 4.922 Thread 0x000002199b04a190 Exception <a 'java/lang/NoSuchMethodError'{0x00000000adcb9450}: 'java.lang.Object java.lang.invoke.DirectMethodHandle$Holder.invokeStatic(java.lang.Object, java.lang.Object, java.lang.Object, java.lang.Object, java.lang.Object, java.lang.Object, java.lang.Object, java.lang.Object, java.lang.Object, java.lang.Object, java.lang.Object, java.lang.Object, java.lang.Object, java.lang.Object, java.lang.Object, java.lang.Object, java.lang.Object, java.lang.Object)'> (0x00000000adcb9450) 
thrown [s\open\src\hotspo
Event: 4.925 Thread 0x000002199b04a190 Exception <a 'java/lang/NoSuchMethodError'{0x00000000adce1be0}: 'java.lang.Object java.lang.invoke.DirectMethodHandle$Holder.invokeStatic(java.lang.Object, java.lang.Object, java.lang.Object, java.lang.Object, java.lang.Object, java.lang.Object, java.lang.Object, java.lang.Object, java.lang.Object, java.lang.Object, java.lang.Object, java.lang.Object, java.lang.Object, java.lang.Object, java.lang.Object, java.lang.Object, java.lang.Object, java.lang.Object, java.lang.Object)'> (0x00000000adce1be0) 
thrown 
Event: 4.927 Thread 0x000002199b04a190 Exception <a 'java/lang/NoSuchMethodError'{0x00000000adb0bba0}: 'java.lang.Object java.lang.invoke.DirectMethodHandle$Holder.invokeStatic(java.lang.Object, java.lang.Object, java.lang.Object, java.lang.Object, java.lang.Object, java.lang.Object, java.lang.Object, java.lang.Object, java.lang.Object, java.lang.Object, java.lang.Object, java.lang.Object, java.lang.Object, java.lang.Object, java.lang.Object, java.lang.Object, java.lang.Object, java.lang.Object, java.lang.Object, java.lang.Object)'> (0x00000000
Event: 4.930 Thread 0x000002199b04a190 Exception <a 'java/lang/NoSuchMethodError'{0x00000000adb366a0}: 'java.lang.Object java.lang.invoke.DirectMethodHandle$Holder.invokeStatic(java.lang.Object, java.lang.Object, java.lang.Object, java.lang.Object, java.lang.Object, java.lang.Object, java.lang.Object, java.lang.Object, java.lang.Object, java.lang.Object, java.lang.Object, java.lang.Object, java.lang.Object, java.lang.Object, java.lang.Object, java.lang.Object, java.lang.Object, java.lang.Object, java.lang.Object, java.lang.Object, java.lang.Obj
Event: 4.932 Thread 0x000002199b04a190 Exception <a 'java/lang/NoSuchMethodError'{0x00000000adb623b0}: 'java.lang.Object java.lang.invoke.DirectMethodHandle$Holder.invokeStatic(java.lang.Object, java.lang.Object, java.lang.Object, java.lang.Object, java.lang.Object, java.lang.Object, java.lang.Object, java.lang.Object, java.lang.Object, java.lang.Object, java.lang.Object, java.lang.Object, java.lang.Object, java.lang.Object, java.lang.Object, java.lang.Object, java.lang.Object, java.lang.Object, java.lang.Object, java.lang.Object, java.lang.Obj
Event: 4.933 Thread 0x000002199b04a190 Exception <a 'java/lang/NoSuchMethodError'{0x00000000adb8e950}: 'java.lang.Object java.lang.invoke.DirectMethodHandle$Holder.invokeStatic(java.lang.Object, java.lang.Object, java.lang.Object, java.lang.Object, java.lang.Object, java.lang.Object, java.lang.Object, java.lang.Object, java.lang.Object, java.lang.Object, java.lang.Object, java.lang.Object, java.lang.Object, java.lang.Object, java.lang.Object, java.lang.Object, java.lang.Object, java.lang.Object, java.lang.Object, java.lang.Object, java.lang.Obj
Event: 4.935 Thread 0x000002199b04a190 Exception <a 'java/lang/NoSuchMethodError'{0x00000000adbbb650}: 'java.lang.Object java.lang.invoke.DirectMethodHandle$Holder.invokeStatic(java.lang.Object, java.lang.Object, java.lang.Object, java.lang.Object, java.lang.Object, java.lang.Object, java.lang.Object, java.lang.Object, java.lang.Object, java.lang.Object, java.lang.Object, java.lang.Object, java.lang.Object, java.lang.Object, java.lang.Object, java.lang.Object, java.lang.Object, java.lang.Object, java.lang.Object, java.lang.Object, java.lang.Obj
Event: 4.937 Thread 0x000002199b04a190 Exception <a 'java/lang/NoSuchMethodError'{0x00000000adbe9f48}: 'java.lang.Object java.lang.invoke.DirectMethodHandle$Holder.invokeStatic(java.lang.Object, java.lang.Object, java.lang.Object, java.lang.Object, java.lang.Object, java.lang.Object, java.lang.Object, java.lang.Object, java.lang.Object, java.lang.Object, java.lang.Object, java.lang.Object, java.lang.Object, java.lang.Object, java.lang.Object, java.lang.Object, java.lang.Object, java.lang.Object, java.lang.Object, java.lang.Object, java.lang.Obj
Event: 5.024 Thread 0x000002199b04a190 Exception <a 'java/lang/NoSuchMethodError'{0x00000000ad35f038}: 'void java.lang.invoke.DirectMethodHandle$Holder.invokeInterface(java.lang.Object, java.lang.Object)'> (0x00000000ad35f038) 
thrown [s\open\src\hotspot\share\interpreter\linkResolver.cpp, line 774]
Event: 5.025 Thread 0x000002199b04a190 Exception <a 'java/lang/IncompatibleClassChangeError'{0x00000000ad362a80}: Found class java.lang.Object, but interface was expected> (0x00000000ad362a80) 
thrown [s\open\src\hotspot\share\interpreter\linkResolver.cpp, line 841]
Event: 5.076 Thread 0x000002199b04a190 Exception <a 'java/lang/NoSuchMethodError'{0x00000000ad1bb1d0}: 'int java.lang.invoke.DirectMethodHandle$Holder.invokeSpecialIFC(java.lang.Object, java.lang.Object, java.lang.Object, java.lang.Object)'> (0x00000000ad1bb1d0) 
thrown [s\open\src\hotspot\share\interpreter\linkResolver.cpp, line 774]
Event: 5.077 Thread 0x000002199b04a190 Exception <a 'java/lang/NoSuchMethodError'{0x00000000ad1ca4c0}: 'java.lang.Object java.lang.invoke.DirectMethodHandle$Holder.invokeInterface(java.lang.Object, java.lang.Object, java.lang.Object)'> (0x00000000ad1ca4c0) 
thrown [s\open\src\hotspot\share\interpreter\linkResolver.cpp, line 774]
Event: 5.078 Thread 0x000002199b04a190 Exception <a 'java/lang/IncompatibleClassChangeError'{0x00000000ad1ce0f0}: Found class java.lang.Object, but interface was expected> (0x00000000ad1ce0f0) 
thrown [s\open\src\hotspot\share\interpreter\linkResolver.cpp, line 841]
Event: 5.080 Thread 0x000002199b04a190 Exception <a 'java/lang/NoSuchMethodError'{0x00000000ad1df978}: 'java.lang.Object java.lang.invoke.DirectMethodHandle$Holder.newInvokeSpecial(java.lang.Object, java.lang.Object, java.lang.Object, java.lang.Object, java.lang.Object, java.lang.Object, java.lang.Object, java.lang.Object, java.lang.Object, java.lang.Object)'> (0x00000000ad1df978) 
thrown [s\open\src\hotspot\share\interpreter\linkResolver.cpp, line 774]
Event: 5.125 Thread 0x000002199b04a190 Implicit null exception at 0x000002198f9ada60 to 0x000002198f9adafa
Event: 5.159 Thread 0x000002199b04a190 Exception <a 'java/lang/NoSuchMethodError'{0x00000000acd188f0}: 'int java.lang.invoke.DirectMethodHandle$Holder.invokeStatic(java.lang.Object, java.lang.Object, java.lang.Object, java.lang.Object)'> (0x00000000acd188f0) 
thrown [s\open\src\hotspot\share\interpreter\linkResolver.cpp, line 774]
Event: 5.178 Thread 0x000002199b04a190 Exception <a 'java/lang/NoSuchMethodError'{0x00000000acdf0ba0}: 'java.lang.Object java.lang.invoke.DirectMethodHandle$Holder.invokeVirtual(java.lang.Object, java.lang.Object, java.lang.Object, java.lang.Object, java.lang.Object, java.lang.Object, java.lang.Object, java.lang.Object, java.lang.Object, java.lang.Object, java.lang.Object, java.lang.Object, java.lang.Object, java.lang.Object, java.lang.Object, java.lang.Object, java.lang.Object, java.lang.Object, java.lang.Object, java.lang.Object)'> (0x0000000
Event: 5.179 Thread 0x000002199b04a190 Exception <a 'java/lang/NoSuchMethodError'{0x00000000acdf6898}: 'java.lang.Object java.lang.invoke.DirectMethodHandle$Holder.invokeSpecial(java.lang.Object, java.lang.Object, java.lang.Object, java.lang.Object, java.lang.Object, java.lang.Object, java.lang.Object, java.lang.Object, java.lang.Object, java.lang.Object, java.lang.Object, java.lang.Object, java.lang.Object, java.lang.Object, java.lang.Object, java.lang.Object, java.lang.Object, java.lang.Object, java.lang.Object, java.lang.Object, java.lang.Ob
Event: 5.179 Thread 0x000002199b04a190 Exception <a 'java/lang/NoSuchMethodError'{0x00000000acdfbdc8}: 'java.lang.Object java.lang.invoke.DelegatingMethodHandle$Holder.reinvoke_L(java.lang.Object, java.lang.Object, java.lang.Object, java.lang.Object, java.lang.Object, java.lang.Object, java.lang.Object, java.lang.Object, java.lang.Object, java.lang.Object, java.lang.Object, java.lang.Object, java.lang.Object, java.lang.Object, java.lang.Object, java.lang.Object, java.lang.Object, java.lang.Object, java.lang.Object, java.lang.Object)'> (0x000000
Event: 5.187 Thread 0x000002199b04a190 Exception <a 'java/lang/NoSuchMethodError'{0x00000000acc9cb30}: 'java.lang.Object java.lang.invoke.DirectMethodHandle$Holder.invokeInterface(java.lang.Object, java.lang.Object)'> (0x00000000acc9cb30) 
thrown [s\open\src\hotspot\share\interpreter\linkResolver.cpp, line 774]

VM Operations (20 events):
Event: 3.924 Executing VM operation: HandshakeAllThreads
Event: 3.924 Executing VM operation: HandshakeAllThreads done
Event: 3.959 Executing VM operation: HandshakeAllThreads
Event: 3.959 Executing VM operation: HandshakeAllThreads done
Event: 3.979 Executing VM operation: HandshakeAllThreads
Event: 3.979 Executing VM operation: HandshakeAllThreads done
Event: 4.047 Executing VM operation: HandshakeAllThreads
Event: 4.047 Executing VM operation: HandshakeAllThreads done
Event: 4.423 Executing VM operation: HandshakeAllThreads
Event: 4.423 Executing VM operation: HandshakeAllThreads done
Event: 4.485 Executing VM operation: HandshakeAllThreads
Event: 4.485 Executing VM operation: HandshakeAllThreads done
Event: 4.702 Executing VM operation: HandshakeAllThreads
Event: 4.702 Executing VM operation: HandshakeAllThreads done
Event: 4.874 Executing VM operation: ICBufferFull
Event: 4.889 Executing VM operation: ICBufferFull done
Event: 4.945 Executing VM operation: HandshakeAllThreads
Event: 4.945 Executing VM operation: HandshakeAllThreads done
Event: 4.945 Executing VM operation: HandshakeAllThreads
Event: 4.946 Executing VM operation: HandshakeAllThreads done

Events (20 events):
Event: 0.035 Thread 0x000002199b045290 Thread added: 0x000002199b045290
Event: 0.035 Thread 0x000002199b0496f0 Thread added: 0x000002199b0496f0
Event: 0.055 Thread 0x000002199b04ac30 Thread added: 0x000002199b04ac30
Event: 0.058 Thread 0x000002199b04a6e0 Thread added: 0x000002199b04a6e0
Event: 0.247 Thread 0x000002199b32b320 Thread added: 0x000002199b32b320
Event: 0.956 Thread 0x000002199b32b320 Thread exited: 0x000002199b32b320
Event: 3.638 Thread 0x000002199c2603e0 Thread added: 0x000002199c2603e0
Event: 3.872 Thread 0x000002199b04b180 Thread added: 0x000002199b04b180
Event: 4.404 Thread 0x000002199b049c40 Thread added: 0x000002199b049c40
Event: 4.460 Thread 0x000002199b048700 Thread added: 0x000002199b048700
Event: 4.530 Thread 0x000002199b048c50 Thread added: 0x000002199b048c50
Event: 4.532 Thread 0x000002199b0491a0 Thread added: 0x000002199b0491a0
Event: 4.552 Thread 0x000002199b047c60 Thread added: 0x000002199b047c60
Event: 4.557 Thread 0x000002199b04a190 Thread added: 0x000002199b04a190
Event: 4.565 Thread 0x000002199b0481b0 Thread added: 0x000002199b0481b0
Event: 4.570 Thread 0x000002199c8bf910 Thread added: 0x000002199c8bf910
Event: 4.576 Thread 0x000002199c8c6df0 Thread added: 0x000002199c8c6df0
Event: 4.703 Thread 0x000002199c8c58b0 Thread added: 0x000002199c8c58b0
Event: 4.734 Thread 0x000002199c8c1e40 Thread added: 0x000002199c8c1e40
Event: 5.053 Thread 0x000002199c8c5360 Thread added: 0x000002199c8c5360


Dynamic libraries:
0x00007ff6a59e0000 - 0x00007ff6a59f0000 	C:\Program Files\Java\jdk-19\bin\java.exe
0x00007ff855ff0000 - 0x00007ff8561e8000 	C:\WINDOWS\SYSTEM32\ntdll.dll
0x00007ff855360000 - 0x00007ff85541f000 	C:\WINDOWS\System32\KERNEL32.DLL
0x00007ff8538e0000 - 0x00007ff853bb2000 	C:\WINDOWS\System32\KERNELBASE.dll
0x00007ff853df0000 - 0x00007ff853ef0000 	C:\WINDOWS\System32\ucrtbase.dll
0x00007ff847af0000 - 0x00007ff847b0b000 	C:\Program Files\Java\jdk-19\bin\VCRUNTIME140.dll
0x00007ff847ad0000 - 0x00007ff847ae8000 	C:\Program Files\Java\jdk-19\bin\jli.dll
0x00007ff854a40000 - 0x00007ff854aee000 	C:\WINDOWS\System32\ADVAPI32.dll
0x00007ff855be0000 - 0x00007ff855c7e000 	C:\WINDOWS\System32\msvcrt.dll
0x00007ff854260000 - 0x00007ff8542fc000 	C:\WINDOWS\System32\sechost.dll
0x00007ff855d50000 - 0x00007ff855e75000 	C:\WINDOWS\System32\RPCRT4.dll
0x00007ff855a30000 - 0x00007ff855bd1000 	C:\WINDOWS\System32\USER32.dll
0x00007ff83c2b0000 - 0x00007ff83c54a000 	C:\WINDOWS\WinSxS\amd64_microsoft.windows.common-controls_6595b64144ccf1df_6.0.19041.1110_none_60b5254171f9507e\COMCTL32.dll
0x00007ff853ef0000 - 0x00007ff853f12000 	C:\WINDOWS\System32\win32u.dll
0x00007ff854110000 - 0x00007ff85413b000 	C:\WINDOWS\System32\GDI32.dll
0x00007ff853f20000 - 0x00007ff85402f000 	C:\WINDOWS\System32\gdi32full.dll
0x00007ff853bc0000 - 0x00007ff853c5d000 	C:\WINDOWS\System32\msvcp_win.dll
0x00007ff84dbb0000 - 0x00007ff84dbba000 	C:\WINDOWS\SYSTEM32\VERSION.dll
0x00007ff854a00000 - 0x00007ff854a32000 	C:\WINDOWS\System32\IMM32.DLL
0x00007ff849c20000 - 0x00007ff849c2c000 	C:\Program Files\Java\jdk-19\bin\vcruntime140_1.dll
0x00007ff82dcd0000 - 0x00007ff82dd5e000 	C:\Program Files\Java\jdk-19\bin\msvcp140.dll
0x00007ff80c750000 - 0x00007ff80d410000 	C:\Program Files\Java\jdk-19\bin\server\jvm.dll
0x00007ff83ad80000 - 0x00007ff83ad89000 	C:\WINDOWS\SYSTEM32\WSOCK32.dll
0x00007ff840410000 - 0x00007ff840437000 	C:\WINDOWS\SYSTEM32\WINMM.dll
0x00007ff854990000 - 0x00007ff8549fb000 	C:\WINDOWS\System32\WS2_32.dll
0x00007ff851ef0000 - 0x00007ff851f02000 	C:\WINDOWS\SYSTEM32\kernel.appcore.dll
0x00007ff8497f0000 - 0x00007ff8497fa000 	C:\Program Files\Java\jdk-19\bin\jimage.dll
0x00007ff851450000 - 0x00007ff851634000 	C:\WINDOWS\SYSTEM32\DBGHELP.DLL
0x00007ff8433c0000 - 0x00007ff8433f5000 	C:\WINDOWS\SYSTEM32\dbgcore.DLL
0x00007ff853d60000 - 0x00007ff853de2000 	C:\WINDOWS\System32\bcryptPrimitives.dll
0x00007ff840200000 - 0x00007ff840226000 	C:\Program Files\Java\jdk-19\bin\java.dll
0x00007ff81e060000 - 0x00007ff81e137000 	C:\Program Files\Java\jdk-19\bin\jsvml.dll
0x00007ff854bb0000 - 0x00007ff8552f4000 	C:\WINDOWS\System32\SHELL32.dll
0x00007ff851640000 - 0x00007ff851dd2000 	C:\WINDOWS\SYSTEM32\windows.storage.dll
0x00007ff855630000 - 0x00007ff855985000 	C:\WINDOWS\System32\combase.dll
0x00007ff853060000 - 0x00007ff853090000 	C:\WINDOWS\SYSTEM32\Wldp.dll
0x00007ff855f00000 - 0x00007ff855fad000 	C:\WINDOWS\System32\SHCORE.dll
0x00007ff855420000 - 0x00007ff855475000 	C:\WINDOWS\System32\shlwapi.dll
0x00007ff853620000 - 0x00007ff85363f000 	C:\WINDOWS\SYSTEM32\profapi.dll
0x00007ff840170000 - 0x00007ff840183000 	C:\Program Files\Java\jdk-19\bin\net.dll
0x00007ff849ee0000 - 0x00007ff849fec000 	C:\WINDOWS\SYSTEM32\WINHTTP.dll
0x00007ff852e40000 - 0x00007ff852eaa000 	C:\WINDOWS\system32\mswsock.dll
0x00007ff83fea0000 - 0x00007ff83feb6000 	C:\Program Files\Java\jdk-19\bin\nio.dll
0x00007ff83fe80000 - 0x00007ff83fe98000 	C:\Program Files\Java\jdk-19\bin\zip.dll
0x00007ff8495e0000 - 0x00007ff8495f0000 	C:\Program Files\Java\jdk-19\bin\verify.dll
0x00007ff83a510000 - 0x00007ff83a537000 	C:\Users\Dell\.gradle\native\68d5fa5c4cc2d200863cafc0d521ce42e7d3e7ee720ec0a83991735586a16f82\windows-amd64\native-platform.dll
0x00007ff818b50000 - 0x00007ff818c94000 	C:\Users\Dell\.gradle\native\e376f236ea51e6404a007f0833ffe2c6e607c4080706a723a18a27aeea778392\windows-amd64\native-platform-file-events.dll
0x00007ff847ac0000 - 0x00007ff847aca000 	C:\Program Files\Java\jdk-19\bin\management.dll
0x00007ff8434e0000 - 0x00007ff8434eb000 	C:\Program Files\Java\jdk-19\bin\management_ext.dll
0x00007ff855a20000 - 0x00007ff855a28000 	C:\WINDOWS\System32\PSAPI.DLL
0x00007ff8533a0000 - 0x00007ff8533b8000 	C:\WINDOWS\SYSTEM32\CRYPTSP.dll
0x00007ff852710000 - 0x00007ff852744000 	C:\WINDOWS\system32\rsaenh.dll
0x00007ff853750000 - 0x00007ff853777000 	C:\WINDOWS\System32\bcrypt.dll
0x00007ff8535e0000 - 0x00007ff85360e000 	C:\WINDOWS\SYSTEM32\USERENV.dll
0x00007ff852fd0000 - 0x00007ff852fdc000 	C:\WINDOWS\SYSTEM32\CRYPTBASE.dll
0x00007ff852b00000 - 0x00007ff852b3b000 	C:\WINDOWS\SYSTEM32\IPHLPAPI.DLL
0x00007ff854980000 - 0x00007ff854988000 	C:\WINDOWS\System32\NSI.dll
0x00007ff84a340000 - 0x00007ff84a357000 	C:\WINDOWS\SYSTEM32\dhcpcsvc6.DLL
0x00007ff84a210000 - 0x00007ff84a22d000 	C:\WINDOWS\SYSTEM32\dhcpcsvc.DLL
0x00007ff852b40000 - 0x00007ff852c0a000 	C:\WINDOWS\SYSTEM32\DNSAPI.dll
0x00007ff842830000 - 0x00007ff842838000 	C:\Program Files\Java\jdk-19\bin\extnet.dll
0x00007ff8427a0000 - 0x00007ff8427ae000 	C:\Program Files\Java\jdk-19\bin\sunmscapi.dll
0x00007ff853780000 - 0x00007ff8538d6000 	C:\WINDOWS\System32\CRYPT32.dll
0x00007ff8530d0000 - 0x00007ff8530f7000 	C:\WINDOWS\SYSTEM32\ncrypt.dll
0x00007ff853090000 - 0x00007ff8530cb000 	C:\WINDOWS\SYSTEM32\NTASN1.dll
0x00007ff841fd0000 - 0x00007ff841fd7000 	C:\WINDOWS\system32\wshunix.dll

dbghelp: loaded successfully - version: 4.0.5 - missing functions: none
symbol engine: initialized successfully - sym options: 0x614 - pdb path: .;C:\Program Files\Java\jdk-19\bin;C:\WINDOWS\SYSTEM32;C:\WINDOWS\WinSxS\amd64_microsoft.windows.common-controls_6595b64144ccf1df_6.0.19041.1110_none_60b5254171f9507e;C:\Program Files\Java\jdk-19\bin\server;C:\Users\Dell\.gradle\native\68d5fa5c4cc2d200863cafc0d521ce42e7d3e7ee720ec0a83991735586a16f82\windows-amd64;C:\Users\Dell\.gradle\native\e376f236ea51e6404a007f0833ffe2c6e607c4080706a723a18a27aeea778392\windows-amd64

VM Arguments:
jvm_args: --add-opens=java.base/java.util=ALL-UNNAMED --add-opens=java.base/java.lang=ALL-UNNAMED --add-opens=java.base/java.lang.invoke=ALL-UNNAMED --add-opens=java.prefs/java.util.prefs=ALL-UNNAMED --add-opens=java.base/java.nio.charset=ALL-UNNAMED --add-opens=java.base/java.net=ALL-UNNAMED --add-opens=java.base/java.util.concurrent.atomic=ALL-UNNAMED -Xmx1536m -Dfile.encoding=UTF-8 -Duser.country=US -Duser.language=en -Duser.variant 
java_command: org.gradle.launcher.daemon.bootstrap.GradleDaemon 7.6
java_class_path (initial): C:\Gradle\gradle-7.6\lib\gradle-launcher-7.6.jar
Launcher Type: SUN_STANDARD

[Global flags]
     intx CICompilerCount                          = 4                                         {product} {ergonomic}
     uint ConcGCThreads                            = 2                                         {product} {ergonomic}
     uint G1ConcRefinementThreads                  = 8                                         {product} {ergonomic}
   size_t G1HeapRegionSize                         = 1048576                                   {product} {ergonomic}
    uintx GCDrainStackTargetSize                   = 64                                        {product} {ergonomic}
   size_t InitialHeapSize                          = 262144000                                 {product} {ergonomic}
   size_t MarkStackSize                            = 4194304                                   {product} {ergonomic}
   size_t MaxHeapSize                              = 1610612736                                {product} {command line}
   size_t MaxNewSize                               = 965738496                                 {product} {ergonomic}
   size_t MinHeapDeltaBytes                        = 1048576                                   {product} {ergonomic}
   size_t MinHeapSize                              = 8388608                                   {product} {ergonomic}
    uintx NonNMethodCodeHeapSize                   = 5839372                                {pd product} {ergonomic}
    uintx NonProfiledCodeHeapSize                  = 122909434                              {pd product} {ergonomic}
    uintx ProfiledCodeHeapSize                     = 122909434                              {pd product} {ergonomic}
    uintx ReservedCodeCacheSize                    = 251658240                              {pd product} {ergonomic}
     bool SegmentedCodeCache                       = true                                      {product} {ergonomic}
   size_t SoftMaxHeapSize                          = 1610612736                             {manageable} {ergonomic}
     bool UseCompressedClassPointers               = true                           {product lp64_product} {ergonomic}
     bool UseCompressedOops                        = true                           {product lp64_product} {ergonomic}
     bool UseG1GC                                  = true                                      {product} {ergonomic}
     bool UseLargePagesIndividualAllocation        = false                                  {pd product} {ergonomic}

Logging:
Log output configuration:
 #0: stdout all=warning uptime,level,tags foldmultilines=false
 #1: stderr all=off uptime,level,tags foldmultilines=false

Environment Variables:
JAVA_HOME=C:\Program Files\Java\jdk-19
CLASSPATH=C:\Gradle\gradle-7.6\lib\gradle-launcher-7.6.jar
PATH=C:\Program Files\Common Files\Oracle\Java\javapath;C:\Python311\Scripts\;C:\Python311\;C:\Program Files (x86)\VMware\VMware Player\bin\;C:\Python310\Scripts\;C:\Python310\;C:\Program Files (x86)\Common Files\Oracle\Java\javapath;C:\ProgramData\Oracle\Java\javapath;C:\Windows\system32;C:\Windows;C:\Windows\System32\Wbem;C:\Windows\System32\WindowsPowerShell\v1.0\;C:\Program Files (x86)\NVIDIA Corporation\PhysX\Common;C:\Program Files\Microsoft VS Code\bin;"C:\Program Files\Git\bin\git.exe;C:\Windows\System32";C:\Users\Dell\AppData\Local\Programs\Python\Python36\Scripts;C:\Users\Dell\AppData\Local\Programs\Python\Python36;C:\Program Files (x86)\Common Files\Ulead Systems\MPEG;E:\MATLAB\R2018a\runtime\win64;E:\MATLAB\R2018a\bin;C:\Program Files\Microsoft\Web Platform Installer\;C:\Program Files (x86)\Microsoft ASP.NET\ASP.NET Web Pages\v1.0\;C:\Program Files (x86)\Windows Kits\8.0\Windows Performance Toolkit\;C:\Program Files\Microsoft SQL Server\110\Tools\Binn\;C:\GnuWin32\bin;C:\xampp\php;C:\WINDOWS\system32;C:\WINDOWS;C:\WINDOWS\System32\Wbem;C:\WINDOWS\System32\WindowsPowerShell\v1.0\;C:\WINDOWS\System32\OpenSSH\;C:\composer;C:\ProgramData\chocolatey\bin;C:\metasploit-framework\bin\;C:\Program Files\dotnet\;C:\Program Files\Microsoft SQL Server\130\Tools\Binn\;C:\Program Files\Microsoft SQL Server\Client SDK\ODBC\170\Tools\Binn\;C:\Program Files\nodejs\;C:\Program Files\Git\cmd;C:\Program Files\Git LFS;C:\Program Files\PuTTY\;C:\Program Files\Docker\Docker\resources\bin;C:\Program Files\Java\jdk-19\bin;C:\Gradle\gradle-7.6\bin;C:\Users\Dell\AppData\Local\Programs\Python\Python37-32\Scripts\;C:\Users\Dell\AppData\Local\Programs\Python\Python37-32\;C:\Users\Dell\AppData\Local\Microsoft\WindowsApps;C:\Program Files\GIT\bin;C:\Program Files\JetBrains\PyCharm Community Edition 2019.1.3\bin;C:\Flex Windows\gcc\bin;C:\Flex Windows\Lex\bin;C:\Flex Windows\bison\bin;C:\Users\Dell\AppData\Roaming\Composer\vendor\bin;C:\Users\Dell\AppData\Local\Microsoft\WindowsApps;C:\Program Files\MongoDB\Server\5.0\bin;C:\Users\Dell\AppData\Local\GitHubDesktop\bin;C:\Program Files\JetBrains\PhpStorm 2022.1.3\bin;C:\Program Files\heroku\bin;XC:\wamp64\bin\php\php8.1.0;C:\Users\Dell\.dotnet\tools;C:\Users\Dell\AppData\Local\Programs\Microsoft VS Code\bin;C:\Users\Dell\AppData\Roaming\npm;
USERNAME=Dell
OS=Windows_NT
PROCESSOR_IDENTIFIER=Intel64 Family 6 Model 94 Stepping 3, GenuineIntel
TMP=C:\Users\Dell\AppData\Local\Temp
TEMP=C:\Users\Dell\AppData\Local\Temp



---------------  S Y S T E M  ---------------

OS:
 Windows 10 , 64 bit Build 19041 (10.0.19041.2364)
OS uptime: 2 days 17:20 hours
Hyper-V role detected

CPU: total 8 (initial active 8) (4 cores per cpu, 2 threads per core) family 6 model 94 stepping 3 microcode 0xcc, cx8, cmov, fxsr, ht, mmx, 3dnowpref, sse, sse2, sse3, ssse3, sse4.1, sse4.2, popcnt, lzcnt, tsc, tscinvbit, avx, avx2, aes, erms, clmul, bmi1, bmi2, rtm, adx, fma, vzeroupper, clflush, clflushopt, hv, rdtscp

Memory: 4k page, system-wide physical 15979M (2056M free)
TotalPageFile size 15979M (AvailPageFile size 5M)
current process WorkingSet (physical memory assigned to process): 159M, peak: 159M
current process commit charge ("private bytes"): 400M, peak: 400M

vm_info: Java HotSpot(TM) 64-Bit Server VM (19.0.2+7-44) for windows-amd64 JRE (19.0.2+7-44), built on 2022-11-30T18:02:09Z by "mach5one" with MS VC++ 17.1 (VS2022)

END.
